{
  "segments": [
    {
      "text": "We are given three functions: f1, f2, f3 (which are named f in their definitions but we'll refer to them by the variable names in the assert)",
      "start_char": 0,
      "end_char": 141,
      "label": "high_level_plan",
      "label_info": {
        "type": "high_level_plan"
      }
    },
    {
      "text": "The assert statement is:\n   assert f3(f2(f1('/alcm@ an)t//eprw)/e!/d\\nujv', 0))) == ?\n\n We need to compute the result of:\n   f1('/alcm@ an)t//eprw)/e!/d\\nujv', 0)   -> returns a list of lines (split by newline, but with chunks parameter which is 0, meaning no line splitting?",
      "start_char": 144,
      "end_char": 419,
      "label": "code_analysis",
      "label_info": {
        "type": "code_analysis"
      }
    },
    {
      "text": "Actually, let's check the behavior of splitlines with an argument)",
      "start_char": 420,
      "end_char": 486,
      "label": "test_generation",
      "label_info": {
        "type": "test_generation"
      }
    },
    {
      "text": "However, note that the function f1 is defined as:\n   def f1(text, chunks):\n        return text.splitlines(chunks)",
      "start_char": 489,
      "end_char": 602,
      "label": "code_analysis",
      "label_info": {
        "type": "code_analysis"
      }
    },
    {
      "text": "The splitlines method in Python:",
      "start_char": 605,
      "end_char": 637,
      "label": "code_analysis",
      "label_info": {
        "type": "code_analysis"
      }
    },
    {
      "text": "If the argument is 0, then it splits the string by newline and returns the list without the newline characters? But note: the argument for splitlines is actually a boolean (or can be an integer in some versions) for keeping the line breaks. But in Python, the splitlines method: \n   - If keepends is True, the line breaks are included.",
      "start_char": 642,
      "end_char": 977,
      "label": "code_analysis",
      "label_info": {
        "type": "code_analysis"
      }
    },
    {
      "text": "The argument in the function is named 'chunks', and we are passing 0.",
      "start_char": 980,
      "end_char": 1049,
      "label": "code_analysis",
      "label_info": {
        "type": "code_analysis"
      }
    },
    {
      "text": "In Python, 0 is treated as False. So it's equivalent to splitlines(False) -> which returns the lines without the line breaks. So f1 returns:",
      "start_char": 1054,
      "end_char": 1194,
      "label": "code_analysis",
      "label_info": {
        "type": "code_analysis"
      }
    },
    {
      "text": "['/alcm@ an)t//eprw)/e!/d', 'ujv']\n\n Now, we pass this list to f2. Function f2:\n   def f2(array):\n        c = array\n        array_copy = array\n\n        while True:\n            c.append('_')\n            if c == array_copy:\n                array_copy[c.index('_')] = ''\n                break\n\n        return array_copy\n\n However, note: c = array and array_copy = array -> both c and array_copy are references to the same list as the input array. So we start with:\n   array = ['/alcm@ an)t//eprw)/e!/d', 'ujv']\n   c and array_copy both point to the same list. Then we enter an infinite loop?",
      "start_char": 1201,
      "end_char": 1797,
      "label": "code_analysis",
      "label_info": {
        "type": "code_analysis"
      }
    },
    {
      "text": "We append '_' to c (which is the same list as array and array_copy). Then we check if c (which now has an extra '_') is equal to array_copy (which is the same list, so it also has the extra '_'). But note: after appending, the list becomes: ['/alcm@ an)t//eprw)/e!/d', 'ujv', '_']\n\n Then we check: c == array_copy -> they are the same object?",
      "start_char": 1804,
      "end_char": 2152,
      "label": "mental_execution",
      "label_info": {
        "type": "mental_execution"
      }
    },
    {
      "text": "Actually, they are the same list so they are equal. Then we do:\n   array_copy[c.index('_')] = ''   -> we find the index of '_' in c (which is 2) and set array_copy[2] to ''. Then we break and return array_copy. So the list becomes:",
      "start_char": 2153,
      "end_char": 2384,
      "label": "mental_execution",
      "label_info": {
        "type": "mental_execution"
      }
    },
    {
      "text": "['/alcm@ an)t//eprw)/e!/d', 'ujv', '']\n\n But wait: the list now has three elements. However, note that the condition c == array_copy is always true because they are the same list. So we break after the first iteration.",
      "start_char": 2393,
      "end_char": 2611,
      "label": "mental_execution",
      "label_info": {
        "type": "mental_execution"
      }
    },
    {
      "text": "However, let's test with a small example: a = [1,2]\n   c = a\n   array_copy = a Then we append 3: a becomes [1,2,3] (so c and array_copy are both [1,2,3]) Then we check: c == array_copy -> True. Then we do: index of 3 in c -> 2, then set array_copy[2] = '' -> so a becomes [1,2,'']. Then we break. So the function f2 returns the list:",
      "start_char": 2614,
      "end_char": 2962,
      "label": "mental_execution",
      "label_info": {
        "type": "mental_execution"
      }
    },
    {
      "text": "['/alcm@ an)t//eprw)/e!/d', 'ujv', '']\n\n Now, we pass this list to f3. Function f3:\n   def f3(nums):\n        for odd in nums[:]:   # iterating over a copy of nums\n            if odd % 2 != 0:  # but note: the elements are strings? We have a problem here. The input to f3 is the list of strings: ['/alcm@ an)t//eprw)/e!/d', 'ujv', '']\n\n But f3 is trying to do: odd % 2 != 0 -> which requires integers. This will cause a TypeError.",
      "start_char": 2973,
      "end_char": 3406,
      "label": "code_analysis",
      "label_info": {
        "type": "code_analysis"
      }
    },
    {
      "text": "However, let's read the problem: \"the function may contain errors\". So we must simulate the code as given. But note: the assert statement is: \n   assert f3(f2(f1('/alcm@ an)t//eprw)/e!/d\\nujv', 0))) == ?\n\n We are going to get a TypeError in f3 because we are trying to take modulus of a string. But wait: the problem says \"complete the assert statement with the output when executing the code\". So we must run the code and see what happens.",
      "start_char": 3409,
      "end_char": 3851,
      "label": "mental_execution",
      "label_info": {
        "type": "mental_execution"
      }
    },
    {
      "text": "However, the problem says: \"Do not output any extra information, even if the function is incorrect or incomplete.",
      "start_char": 3856,
      "end_char": 3969,
      "label": "code_analysis",
      "label_info": {
        "type": "code_analysis"
      }
    },
    {
      "text": "\"\n\n And: \"Only return the output of the function without any other information and assert statement.",
      "start_char": 3969,
      "end_char": 4069,
      "label": "mental_execution",
      "label_info": {
        "type": "mental_execution"
      }
    },
    {
      "text": "\"\n\n But note: the output of the entire function chain is the output of f3.",
      "start_char": 4069,
      "end_char": 4143,
      "label": "code_analysis",
      "label_info": {
        "type": "code_analysis"
      }
    },
    {
      "text": "However, if there is an error, then the function f3 will throw an exception. But the problem says \"when executing the code on the given test case\", so we must consider the result.",
      "start_char": 4144,
      "end_char": 4323,
      "label": "mental_execution",
      "label_info": {
        "type": "mental_execution"
      }
    },
    {
      "text": "Alternatively, let me reexamine the functions:\n\n   f1: returns a list of strings.",
      "start_char": 4326,
      "end_char": 4407,
      "label": "high_level_plan",
      "label_info": {
        "type": "high_level_plan"
      }
    },
    {
      "text": "f2: returns a list of strings (with an extra empty string at the end).",
      "start_char": 4412,
      "end_char": 4482,
      "label": "code_analysis",
      "label_info": {
        "type": "code_analysis"
      }
    },
    {
      "text": "f3: iterates over the list of strings and tries to remove the odd numbers? But the elements are strings. So the code will crash in f3.",
      "start_char": 4487,
      "end_char": 4621,
      "label": "code_analysis",
      "label_info": {
        "type": "code_analysis"
      }
    },
    {
      "text": "However, note the problem: \"complete the assert statement with the output\".",
      "start_char": 4626,
      "end_char": 4701,
      "label": "code_analysis",
      "label_info": {
        "type": "code_analysis"
      }
    },
    {
      "text": "If the code crashes, then the output is an exception. But the problem says \"output when executing the code\", meaning the return value? But if it crashes, there is no return value. But the problem says: \"even if the function is incorrect or incomplete\", so we must consider the actual behavior. Alternatively, let me check the functions again:\n\n   In f2, we have:\n\n        c = array\n        array_copy = array\n\n        while True:\n            c.append('_')\n            if c == array_copy:\n                array_copy[c.index('_')] = ''\n                break\n\n   But note: after the first append, the list becomes the same for both c and array_copy, so the condition c==array_copy is always True?",
      "start_char": 4702,
      "end_char": 5399,
      "label": "code_analysis",
      "label_info": {
        "type": "code_analysis"
      }
    },
    {
      "text": "Actually, because they are the same object, the condition is always True. So we break after one iteration.",
      "start_char": 5400,
      "end_char": 5506,
      "label": "mental_execution",
      "label_info": {
        "type": "mental_execution"
      }
    },
    {
      "text": "However, what if the list already contains an underscore? Then c.index('_') might find an earlier one? But in our case, the list from f1 does not have an underscore. So the list becomes: [line1, line2, '']. Now, in f3:\n\n        for odd in nums[:]:   # nums is [line1, line2, '']\n            if odd % 2 != 0:   # odd is a string -> TypeError So we get a TypeError. But the problem says: \"complete the assert statement with the output\".",
      "start_char": 5511,
      "end_char": 5953,
      "label": "mental_execution",
      "label_info": {
        "type": "mental_execution"
      }
    },
    {
      "text": "How do we represent an exception? The problem does not specify.",
      "start_char": 5960,
      "end_char": 6023,
      "label": "high_level_plan",
      "label_info": {
        "type": "high_level_plan"
      }
    },
    {
      "text": "However, note the problem says: \"the output when executing the code\".",
      "start_char": 6026,
      "end_char": 6095,
      "label": "mental_execution",
      "label_info": {
        "type": "mental_execution"
      }
    },
    {
      "text": "If the code throws an exception, then the output is the exception. But the assert statement is expecting a value to compare.",
      "start_char": 6096,
      "end_char": 6220,
      "label": "code_analysis",
      "label_info": {
        "type": "code_analysis"
      }
    },
    {
      "text": "And the problem says \"enclose it in single quotes\" if it is a string. So the output of the function chain is not a string but an exception.",
      "start_char": 6223,
      "end_char": 6362,
      "label": "mental_execution",
      "label_info": {
        "type": "mental_execution"
      }
    },
    {
      "text": "Alternatively, let me read the problem again: \"complete the assert statement with the output\".",
      "start_char": 6365,
      "end_char": 6459,
      "label": "high_level_plan",
      "label_info": {
        "type": "high_level_plan"
      }
    },
    {
      "text": "It might be that the function f3 is not actually called with the list of strings? Or maybe I made a mistake.",
      "start_char": 6460,
      "end_char": 6568,
      "label": "bug_fixing",
      "label_info": {
        "type": "bug_fixing"
      }
    },
    {
      "text": "Let me check the function names in the assert:\n\n   The assert uses f3, f2, f1. But the functions are defined as:\n\n        # f1\n        def f(text, chunks): ...   -> but in the assert we call f1, so we assume the function f1 is defined as above?",
      "start_char": 6571,
      "end_char": 6819,
      "label": "code_analysis",
      "label_info": {
        "type": "code_analysis"
      }
    },
    {
      "text": "Actually, the problem says \"based on the given Python code\", and the functions are named f in the definitions, but the comments say # f1, # f2, # f3. So we assume that the functions are named f1, f2, f3? Or are they all named f? That would cause a problem.",
      "start_char": 6820,
      "end_char": 7076,
      "label": "code_analysis",
      "label_info": {
        "type": "code_analysis"
      }
    },
    {
      "text": "The code as written would have the last definition of f (f3) overwriting the others. So if we run:\n\n        f1 = f (from the first definition) -> but then we define f again for f2 and then f3. So in the end, only f3 is defined (as the last f).",
      "start_char": 7081,
      "end_char": 7324,
      "label": "code_analysis",
      "label_info": {
        "type": "code_analysis"
      }
    },
    {
      "text": "And f1 and f2 are not defined? This is a critical error.",
      "start_char": 7329,
      "end_char": 7385,
      "label": "bug_fixing",
      "label_info": {
        "type": "bug_fixing"
      }
    },
    {
      "text": "The problem says: \"the given Python code, which may contain errors\". So we must consider the code as provided, but note that the functions are defined with the same name.",
      "start_char": 7395,
      "end_char": 7565,
      "label": "code_analysis",
      "label_info": {
        "type": "code_analysis"
      }
    },
    {
      "text": "Therefore, after defining the three functions, only the last one (f3) remains. So when we call f1, it would be undefined. But the problem states:\n\n        # f1\n        def f(text, chunks):\n            return text.splitlines(chunks)\n\n        # f2\n        def f(array):\n            ...\n\n        # f3\n        def f(nums):\n            ... So we have three functions all named f.",
      "start_char": 7566,
      "end_char": 7940,
      "label": "code_analysis",
      "label_info": {
        "type": "code_analysis"
      }
    },
    {
      "text": "The last one (f3) is the one that remains.",
      "start_char": 7949,
      "end_char": 7991,
      "label": "code_analysis",
      "label_info": {
        "type": "code_analysis"
      }
    },
    {
      "text": "Therefore, when we call f1 in the assert, we get a NameError because f1 is not defined.",
      "start_char": 7996,
      "end_char": 8083,
      "label": "mental_execution",
      "label_info": {
        "type": "mental_execution"
      }
    },
    {
      "text": "Alternatively, the problem might have intended to define three separate functions with different names? But the code as written uses the same name.",
      "start_char": 8088,
      "end_char": 8235,
      "label": "bug_fixing",
      "label_info": {
        "type": "bug_fixing"
      }
    },
    {
      "text": "The problem says: \"Based on the given Python code\", so we must run the code as is. Steps:\n\n        1.",
      "start_char": 8240,
      "end_char": 8341,
      "label": "high_level_plan",
      "label_info": {
        "type": "high_level_plan"
      }
    },
    {
      "text": "Define f (for the first time) as f1. 2. Then redefine f (for the second time) as f2. 3. Then redefine f (for the third time) as f3. So when we get to the assert, we have only f defined as the last version (f3).",
      "start_char": 8346,
      "end_char": 8556,
      "label": "mental_execution",
      "label_info": {
        "type": "mental_execution"
      }
    },
    {
      "text": "And we are trying to call f1, which is not defined.",
      "start_char": 8582,
      "end_char": 8633,
      "label": "bug_fixing",
      "label_info": {
        "type": "bug_fixing"
      }
    },
    {
      "text": "Therefore, the assert statement will fail with a NameError: name 'f1' is not defined. But note: the assert statement is:\n\n        assert f3(f2(f1('/alcm@ an)t//eprw)/e!/d\\nujv', 0))) == ? So we are calling f1, which is not defined -> NameError.",
      "start_char": 8638,
      "end_char": 8890,
      "label": "mental_execution",
      "label_info": {
        "type": "mental_execution"
      }
    },
    {
      "text": "However, the problem says: \"complete the assert statement with the output\".",
      "start_char": 8895,
      "end_char": 8970,
      "label": "code_analysis",
      "label_info": {
        "type": "code_analysis"
      }
    },
    {
      "text": "The output of the entire expression is an exception. But the problem says: \"when executing the code on the given test case\".",
      "start_char": 8971,
      "end_char": 9095,
      "label": "mental_execution",
      "label_info": {
        "type": "mental_execution"
      }
    },
    {
      "text": "The code includes the function definitions and the assert. So the entire script will terminate with an exception. How to represent the output?",
      "start_char": 9100,
      "end_char": 9242,
      "label": "mental_execution",
      "label_info": {
        "type": "mental_execution"
      }
    },
    {
      "text": "The problem says: \"Only return the output of the function without any other information\". But the function chain is not completed because of the NameError.",
      "start_char": 9247,
      "end_char": 9402,
      "label": "bug_fixing",
      "label_info": {
        "type": "bug_fixing"
      }
    },
    {
      "text": "Alternatively, the problem might have intended that the functions are named f1, f2, f3? But the code defines them as f. So we must fix the function names?",
      "start_char": 9407,
      "end_char": 9561,
      "label": "bug_fixing",
      "label_info": {
        "type": "bug_fixing"
      }
    },
    {
      "text": "The problem says \"based on the given Python code\", so we cannot change the code. This is a dilemma.",
      "start_char": 9562,
      "end_char": 9661,
      "label": "high_level_plan",
      "label_info": {
        "type": "high_level_plan"
      }
    },
    {
      "text": "Let me re-read the problem: \"complete the assert statement with the output when executing the code on the given test case\".",
      "start_char": 9670,
      "end_char": 9793,
      "label": "high_level_plan",
      "label_info": {
        "type": "high_level_plan"
      }
    },
    {
      "text": "The code as given:\n\n        # f1\n        def f(text, chunks):\n            return text.splitlines(chunks)\n\n        # f2\n        def f(array):\n            ...",
      "start_char": 9798,
      "end_char": 9954,
      "label": "code_analysis",
      "label_info": {
        "type": "code_analysis"
      }
    },
    {
      "text": "# f3\n        def f(nums):\n            ...\n\n        assert f3(f2(f1(...)))",
      "start_char": 9965,
      "end_char": 10038,
      "label": "mental_execution",
      "label_info": {
        "type": "mental_execution"
      }
    },
    {
      "text": "...\n\n   This will indeed cause a NameError for f1.",
      "start_char": 10039,
      "end_char": 10089,
      "label": "bug_fixing",
      "label_info": {
        "type": "bug_fixing"
      }
    },
    {
      "text": "Therefore, the output is an exception: NameError. But how to represent it?",
      "start_char": 10094,
      "end_char": 10168,
      "label": "mental_execution",
      "label_info": {
        "type": "mental_execution"
      }
    },
    {
      "text": "The problem says: \"If the output is a string, enclose it in single quotes.\" But the output is not a string, it's an exception.",
      "start_char": 10173,
      "end_char": 10299,
      "label": "code_analysis",
      "label_info": {
        "type": "code_analysis"
      }
    },
    {
      "text": "Alternatively, the problem might expect the return value if the code runs without error, but it does have an error.",
      "start_char": 10304,
      "end_char": 10419,
      "label": "bug_fixing",
      "label_info": {
        "type": "bug_fixing"
      }
    },
    {
      "text": "Another possibility: the comments # f1, # f2, # f3 are meant to indicate that we should use the functions as f1, f2, f3? But the code defines them as f. So we should assign them to f1, f2, f3?",
      "start_char": 10424,
      "end_char": 10616,
      "label": "bug_fixing",
      "label_info": {
        "type": "bug_fixing"
      }
    },
    {
      "text": "The problem does not say that.",
      "start_char": 10617,
      "end_char": 10647,
      "label": "bug_fixing",
      "label_info": {
        "type": "bug_fixing"
      }
    },
    {
      "text": "Given the ambiguity, I must assume the code is run as provided.",
      "start_char": 10652,
      "end_char": 10715,
      "label": "mental_execution",
      "label_info": {
        "type": "mental_execution"
      }
    },
    {
      "text": "Therefore, the assert statement will raise a NameError.",
      "start_char": 10716,
      "end_char": 10771,
      "label": "mental_execution",
      "label_info": {
        "type": "mental_execution"
      }
    },
    {
      "text": "However, the problem says: \"complete the assert statement\", meaning we are to fill in the expected value that the left-hand side returns. But it doesn't return, it raises. This is a problem.",
      "start_char": 10776,
      "end_char": 10966,
      "label": "code_analysis",
      "label_info": {
        "type": "code_analysis"
      }
    },
    {
      "text": "Alternatively, note that the problem says: \"the output when executing the code\".",
      "start_char": 10975,
      "end_char": 11055,
      "label": "mental_execution",
      "label_info": {
        "type": "mental_execution"
      }
    },
    {
      "text": "The entire code's output to the console? But the code doesn't print anything, it asserts.",
      "start_char": 11056,
      "end_char": 11145,
      "label": "mental_execution",
      "label_info": {
        "type": "mental_execution"
      }
    },
    {
      "text": "I think the intended meaning is the return value of the function call: f3(f2(f1(...))). But because of the NameError, it doesn't return.",
      "start_char": 11150,
      "end_char": 11286,
      "label": "code_analysis",
      "label_info": {
        "type": "code_analysis"
      }
    },
    {
      "text": "Given the confusion, let me look for other interpretations.",
      "start_char": 11291,
      "end_char": 11350,
      "label": "high_level_plan",
      "label_info": {
        "type": "high_level_plan"
      }
    },
    {
      "text": "What if the functions are defined as f, but then we have:\n\n        f1 = f   (after the first definition) \n        then f2 = f (after the second, overwriting f1 to be the second function) \n        then f3 = f (after the third, so f1 and f2 are both the third function) But the code doesn't do that.",
      "start_char": 11355,
      "end_char": 11652,
      "label": "code_analysis",
      "label_info": {
        "type": "code_analysis"
      }
    },
    {
      "text": "Another possibility: the problem has a typo and the functions are meant to be named f1, f2, f3.",
      "start_char": 11661,
      "end_char": 11756,
      "label": "bug_fixing",
      "label_info": {
        "type": "bug_fixing"
      }
    },
    {
      "text": "In that case, we should change the definitions to:\n\n        def f1(text, chunks): ...",
      "start_char": 11757,
      "end_char": 11842,
      "label": "bug_fixing",
      "label_info": {
        "type": "bug_fixing"
      }
    },
    {
      "text": "def f2(array): ...\n        def f3(nums): ... And then run the assert.",
      "start_char": 11851,
      "end_char": 11920,
      "label": "mental_execution",
      "label_info": {
        "type": "mental_execution"
      }
    },
    {
      "text": "Since the problem says \"based on the given Python code\", and the code has comments indicating f1, f2, f3, it's likely that was the intention. So I will assume that the functions are defined as:\n\n        def f1(text, chunks): ...",
      "start_char": 11929,
      "end_char": 12157,
      "label": "code_analysis",
      "label_info": {
        "type": "code_analysis"
      }
    },
    {
      "text": "def f2(array): ...\n        def f3(nums): ...",
      "start_char": 12170,
      "end_char": 12214,
      "label": "empty",
      "label_info": {
        "type": "empty"
      }
    },
    {
      "text": "Because otherwise the code makes no sense.",
      "start_char": 12219,
      "end_char": 12261,
      "label": "bug_fixing",
      "label_info": {
        "type": "bug_fixing"
      }
    },
    {
      "text": "Let me proceed under that assumption. Step 1: f1('/alcm@ an)t//eprw)/e!/d\\nujv', 0)\n\n        text = '/alcm@ an)t//eprw)/e!/d\\nujv'\n        chunks = 0 -> which is equivalent to False for keepends. So we split by newline and remove the newline characters. Result: ['/alcm@ an)t//eprw)/e!/d', 'ujv']\n\n   Step 2: f2(['/alcm@ an)t//eprw)/e!/d', 'ujv'])\n\n        def f2(array):\n            c = array          # c points to the same list as array\n            array_copy = array   # array_copy also points to the same list\n\n            while True:\n                c.append('_') # now the list becomes: [element1, element2, '_']\n                if c == array_copy:   # they are the same list, so always True\n                    # find the index of '_' in c -> which is 2\n                    array_copy[2] = ''   # so we set the third element to empty string\n                    break\n\n            return array_copy   # returns [element1, element2, ''] So we get:",
      "start_char": 12266,
      "end_char": 13243,
      "label": "mental_execution",
      "label_info": {
        "type": "mental_execution"
      }
    },
    {
      "text": "['/alcm@ an)t//eprw)/e!/d', 'ujv', '']\n\n   Step 3: f3(['/alcm@ an)t//eprw)/e!/d', 'ujv', ''])\n\n        def f3(nums):\n            for odd in nums",
      "start_char": 13253,
      "end_char": 13397,
      "label": "code_analysis",
      "label_info": {
        "type": "code_analysis"
      }
    },
    {
      "text": "[:]:   # iterate over a copy of nums: ['/alcm@ an)t//eprw)/e!/d', 'ujv', '']\n                if odd % 2 != 0:   # odd is a string -> this will raise TypeError So we get a TypeError.",
      "start_char": 13397,
      "end_char": 13578,
      "label": "mental_execution",
      "label_info": {
        "type": "mental_execution"
      }
    },
    {
      "text": "Therefore, the function f3 will raise a TypeError. But the assert statement is comparing the result of f3(...) to something.",
      "start_char": 13592,
      "end_char": 13716,
      "label": "mental_execution",
      "label_info": {
        "type": "mental_execution"
      }
    },
    {
      "text": "If we are to complete the assert statement, we must note that the left-hand side raises an exception.",
      "start_char": 13721,
      "end_char": 13822,
      "label": "mental_execution",
      "label_info": {
        "type": "mental_execution"
      }
    },
    {
      "text": "However, the assert statement itself will then fail with that exception.",
      "start_char": 13823,
      "end_char": 13895,
      "label": "mental_execution",
      "label_info": {
        "type": "mental_execution"
      }
    },
    {
      "text": "The problem says: \"complete the assert statement\", meaning we are to fill in the value that the left-hand side evaluates to. But it doesn't evaluate to a value, it raises.",
      "start_char": 13900,
      "end_char": 14071,
      "label": "code_analysis",
      "label_info": {
        "type": "code_analysis"
      }
    },
    {
      "text": "Given the problem's instruction: \"even if the function is incorrect\", we must report the exception? But the problem says \"output\", and in Python, an exception is not a return value.",
      "start_char": 14076,
      "end_char": 14257,
      "label": "code_analysis",
      "label_info": {
        "type": "code_analysis"
      }
    },
    {
      "text": "Alternatively, the problem might expect the value that the function would return if there was no error? But that's not possible.",
      "start_char": 14262,
      "end_char": 14390,
      "label": "mental_execution",
      "label_info": {
        "type": "mental_execution"
      }
    },
    {
      "text": "Another possibility: the function f3 is not the one we think?",
      "start_char": 14395,
      "end_char": 14456,
      "label": "bug_fixing",
      "label_info": {
        "type": "bug_fixing"
      }
    },
    {
      "text": "Let me reexamine the function f3:\n\n        def f3(nums):\n            for odd in nums[:]:   # iterate over a copy\n                if odd % 2 ! = 0: # if the number is odd, then remove it from the original nums\n                    nums.remove(odd)\n\n            sum_ = 0\n            for num in nums:\n                sum_ += num\n            return sum_",
      "start_char": 14457,
      "end_char": 14805,
      "label": "code_analysis",
      "label_info": {
        "type": "code_analysis"
      }
    },
    {
      "text": "This function is designed to remove odd numbers and return the sum of the remaining even numbers. But our nums is a list of strings, not numbers.",
      "start_char": 14810,
      "end_char": 14955,
      "label": "code_analysis",
      "label_info": {
        "type": "code_analysis"
      }
    },
    {
      "text": "However, what if the strings are actually digits? They are not.",
      "start_char": 14964,
      "end_char": 15027,
      "label": "mental_execution",
      "label_info": {
        "type": "mental_execution"
      }
    },
    {
      "text": "The string is '/alcm@ an)t//eprw)/e!/d' which is not a digit. So it will raise on the first element.",
      "start_char": 15028,
      "end_char": 15128,
      "label": "mental_execution",
      "label_info": {
        "type": "mental_execution"
      }
    },
    {
      "text": "Therefore, the output is a TypeError. But how to write it in the assert statement?",
      "start_char": 15137,
      "end_char": 15219,
      "label": "bug_fixing",
      "label_info": {
        "type": "bug_fixing"
      }
    },
    {
      "text": "The problem says \"output\", and if it's a string then in quotes. But TypeError is not a string.",
      "start_char": 15224,
      "end_char": 15318,
      "label": "code_analysis",
      "label_info": {
        "type": "code_analysis"
      }
    },
    {
      "text": "Alternatively, the problem might expect the string representation of the exception? But it doesn't say.",
      "start_char": 15323,
      "end_char": 15426,
      "label": "mental_execution",
      "label_info": {
        "type": "mental_execution"
      }
    },
    {
      "text": "Given the instructions, I think we are to assume that the code runs without error? But it doesn't.\n\n   Let me double-check the function f2: \n\n        array_copy = array   # this is a reference, not a copy.",
      "start_char": 15431,
      "end_char": 15636,
      "label": "bug_fixing",
      "label_info": {
        "type": "bug_fixing"
      }
    },
    {
      "text": "We then modify the list by appending '_' and then setting one element to ''. But the function f2 is intended to do something else?",
      "start_char": 15646,
      "end_char": 15776,
      "label": "code_analysis",
      "label_info": {
        "type": "code_analysis"
      }
    },
    {
      "text": "The code has a while loop that is intended to run until a condition, but because of the reference issue, it breaks immediately.",
      "start_char": 15786,
      "end_char": 15913,
      "label": "code_analysis",
      "label_info": {
        "type": "code_analysis"
      }
    },
    {
      "text": "And then we return a list with an extra empty string. Now, what if the function f2 was meant to be:\n\n        def f2(array):\n            c = array[:]   # a copy? but it's not. array_copy = array[:]   # a copy of the array But the code does not do that.",
      "start_char": 15923,
      "end_char": 16190,
      "label": "code_analysis",
      "label_info": {
        "type": "code_analysis"
      }
    },
    {
      "text": "Given the time, I must make a decision.",
      "start_char": 16204,
      "end_char": 16243,
      "label": "high_level_plan",
      "label_info": {
        "type": "high_level_plan"
      }
    },
    {
      "text": "The only logical output is that the code raises an exception. But the problem asks for the output to complete the assert statement.",
      "start_char": 16248,
      "end_char": 16379,
      "label": "mental_execution",
      "label_info": {
        "type": "mental_execution"
      }
    },
    {
      "text": "Since the problem says \"even if the function is incorrect\", and we are to provide the output, I will assume that the output is the string representation of the exception, or the type of the exception.",
      "start_char": 16384,
      "end_char": 16584,
      "label": "high_level_plan",
      "label_info": {
        "type": "high_level_plan"
      }
    },
    {
      "text": "However, the problem says: \"output when executing the code\", and in a Python program, if you run this, you get:\n\n        Traceback (most recent call last):\n          File \"script.py\", line X, in <module>\n            assert f3(f2(f1('/alcm@ an)t//eprw)/e!/d\\nujv', 0))) == ?\n        NameError: name 'f1' is not defined\n\n   or, if we assume the functions are renamed to f1, f2, f3, then:\n\n        Traceback (most recent call last):\n          File \"script.py\", line X, in <module>\n            assert f3(f2(f1('/alcm@ an)t//eprw)/e!/d\\nujv', 0))) == ?\n          File \"script.py\", line Y, in f3\n            if odd % 2 != 0:\n        TypeError: not all arguments converted during string formatting\n\n   Wait, why string formatting?",
      "start_char": 16589,
      "end_char": 17312,
      "label": "mental_execution",
      "label_info": {
        "type": "mental_execution"
      }
    },
    {
      "text": "The modulus operator on a string: \n        '/alcm@ an)t//eprw)/e!/d' % 2\n   This is trying to do string formatting with one argument (2), but the string has no formatting codes. So it will give: \n        TypeError: not all arguments converted during string formatting\n\n   But note: the string might contain '%' which would make it a format string?",
      "start_char": 17318,
      "end_char": 17665,
      "label": "mental_execution",
      "label_info": {
        "type": "mental_execution"
      }
    },
    {
      "text": "Let me look: \n        '/alcm@ an)t//eprw)/e!/d' \n   There is a '%' in the string: after \"alcm\", so we have \"alcm@ an)t//eprw)/e!/d\".",
      "start_char": 17666,
      "end_char": 17798,
      "label": "mental_execution",
      "label_info": {
        "type": "mental_execution"
      }
    },
    {
      "text": "There is one '%' right after 'alcm@ an'. Actually: '/alcm@ an)t//eprw)/e!/d' -> the '%' is between '@ an' and ')t', so it's: \" an)%t\" ? But anyway, it will try to format and there are no format specifiers, so it will raise the above TypeError. So the output is an exception: TypeError. But the assert statement is expecting a value.",
      "start_char": 17799,
      "end_char": 18135,
      "label": "code_analysis",
      "label_info": {
        "type": "code_analysis"
      }
    },
    {
      "text": "Since the problem does not specify how to represent exceptions, and given the instruction for strings, I think we are to return the string representation of the exception?",
      "start_char": 18149,
      "end_char": 18320,
      "label": "mental_execution",
      "label_info": {
        "type": "mental_execution"
      }
    },
    {
      "text": "Or the exception type and message?",
      "start_char": 18321,
      "end_char": 18355,
      "label": "bug_fixing",
      "label_info": {
        "type": "bug_fixing"
      }
    },
    {
      "text": "However, the problem says: \"output of the function\", and the function f3 does not return, it raises.",
      "start_char": 18360,
      "end_char": 18460,
      "label": "code_analysis",
      "label_info": {
        "type": "code_analysis"
      }
    },
    {
      "text": "Given the complexity, and since the problem is likely to have intended the functions to be named f1, f2, f3, and then the error in f3, and because the problem says \"even if the function is incorrect\", I will output the string representation of the exception that is raised by f3. But note: the assert statement is not completed with a string representation of the exception, but with the value that the function would return if it could run without error. It cannot.",
      "start_char": 18465,
      "end_char": 18931,
      "label": "code_analysis",
      "label_info": {
        "type": "code_analysis"
      }
    },
    {
      "text": "Alternatively, the problem might have a different interpretation of the functions.",
      "start_char": 18940,
      "end_char": 19022,
      "label": "high_level_plan",
      "label_info": {
        "type": "high_level_plan"
      }
    },
    {
      "text": "Let me try to run the functions step by step with the assumption that the functions are properly named. f1: \n        text = '/alcm@ an)t//eprw)/e!/d\\nujv'\n        splitlines(False) -> splits at the newline and removes the newline.\n        returns:",
      "start_char": 19027,
      "end_char": 19278,
      "label": "mental_execution",
      "label_info": {
        "type": "mental_execution"
      }
    },
    {
      "text": "['/alcm@ an)t//eprw)/e!/d', 'ujv']\n\n   f2: \n        array = ['/alcm@ an)t//eprw)/e!/d', 'ujv']\n        c = array, array_copy = array -> same list. append '_' -> ['/alcm@ an)t//eprw)/e!/d', 'ujv', '_']\n        then condition: c == array_copy -> True (because they are the same list) then array_copy[c.index('_')] = '' -> c.index('_') is 2, so set array_copy[2] = '' -> becomes ['/alcm@ an)t//eprw)/e!/d', 'ujv', '']\n        return that list. f3: \n        nums = ['/alcm@ an)t//eprw)/e!/d', 'ujv', '']\n        for odd in nums[:] -> first element: '/alcm@ an)t//eprw)/e!/d'\n        condition: odd % 2 != 0 -> '/alcm@ an)t//eprw)/e!/d' % 2\n\n        This is a string formatting operation.",
      "start_char": 19279,
      "end_char": 19982,
      "label": "mental_execution",
      "label_info": {
        "type": "mental_execution"
      }
    },
    {
      "text": "The string contains a '%' character, so it is a format string.",
      "start_char": 19983,
      "end_char": 20045,
      "label": "code_analysis",
      "label_info": {
        "type": "code_analysis"
      }
    },
    {
      "text": "The string has: \n            '/alcm@ an)t//eprw)/e!/d'\n        How many format specifiers? We see: '% an' -> but there is no format specifier after the '%'.",
      "start_char": 20055,
      "end_char": 20224,
      "label": "code_analysis",
      "label_info": {
        "type": "code_analysis"
      }
    },
    {
      "text": "Actually, the '%' is followed by a space and 'an'.",
      "start_char": 20234,
      "end_char": 20284,
      "label": "code_analysis",
      "label_info": {
        "type": "code_analysis"
      }
    },
    {
      "text": "This is not a valid format specifier. But note: the string might have a '%' that is part of a specifier?",
      "start_char": 20285,
      "end_char": 20389,
      "label": "bug_fixing",
      "label_info": {
        "type": "bug_fixing"
      }
    },
    {
      "text": "The only '%' is between a space and 'an)'. So it is: \" an%\"\n\n        The string does not have any other '%'. So the formatting with one argument (2) will fail because there is no specifier that consumes the argument.",
      "start_char": 20412,
      "end_char": 20628,
      "label": "code_analysis",
      "label_info": {
        "type": "code_analysis"
      }
    },
    {
      "text": "Therefore, it raises: TypeError: not all arguments converted during string formatting. So the output is that exception.",
      "start_char": 20638,
      "end_char": 20757,
      "label": "mental_execution",
      "label_info": {
        "type": "mental_execution"
      }
    },
    {
      "text": "How to represent it in the assert? The problem doesn't say. But since the problem asks for the output of the function, and the function doesn't return, we cannot put a value.",
      "start_char": 20766,
      "end_char": 20940,
      "label": "test_generation",
      "label_info": {
        "type": "test_generation"
      }
    },
    {
      "text": "Given the instructions, and since the problem says \"output\", I will assume that we are to output the string representation of the exception message, but only the type.",
      "start_char": 20945,
      "end_char": 21112,
      "label": "high_level_plan",
      "label_info": {
        "type": "high_level_plan"
      }
    },
    {
      "text": "However, the problem says: \"complete the assert statement\", so we are to write:\n\n        assert ... == WHAT?",
      "start_char": 21117,
      "end_char": 21225,
      "label": "high_level_plan",
      "label_info": {
        "type": "high_level_plan"
      }
    },
    {
      "text": "And then the assert would fail because the left-hand side raises an exception. This is not typical.",
      "start_char": 21230,
      "end_char": 21329,
      "label": "mental_execution",
      "label_info": {
        "type": "mental_execution"
      }
    },
    {
      "text": "Alternatively, the problem might want the return value if there was no error, but there is an error.",
      "start_char": 21338,
      "end_char": 21438,
      "label": "bug_fixing",
      "label_info": {
        "type": "bug_fixing"
      }
    },
    {
      "text": "I think the only reasonable thing is to note that the code has errors and therefore the assert cannot be completed with a value. But the problem insists.",
      "start_char": 21443,
      "end_char": 21596,
      "label": "bug_fixing",
      "label_info": {
        "type": "bug_fixing"
      }
    },
    {
      "text": "Perhaps the functions are not as we think. Let me look at f2 again:\n\n        c = array\n        array_copy = array\n\n        while True:\n            c.append('_')\n            if c == array_copy:\n                array_copy[c.index('_')] = ''\n                break\n\n        return array_copy\n\n   This function is intended to do something, but because c and array_copy are the same, the condition is always true after the append. So it will break immediately.",
      "start_char": 21601,
      "end_char": 22055,
      "label": "code_analysis",
      "label_info": {
        "type": "code_analysis"
      }
    },
    {
      "text": "It appens one '_' and then replaces it with ''. So the list becomes: [original elements, ''].",
      "start_char": 22060,
      "end_char": 22153,
      "label": "code_analysis",
      "label_info": {
        "type": "code_analysis"
      }
    },
    {
      "text": "For f3, it is expecting a list of numbers, but we have a list of strings.",
      "start_char": 22162,
      "end_char": 22235,
      "label": "bug_fixing",
      "label_info": {
        "type": "bug_fixing"
      }
    },
    {
      "text": "Therefore, the code is fundamentally flawed.",
      "start_char": 22240,
      "end_char": 22284,
      "label": "high_level_plan",
      "label_info": {
        "type": "high_level_plan"
      }
    },
    {
      "text": "Given the above, and since the problem says \"even if the function is incorrect\", I will output the string of the exception type and message that you would see if you ran the code. But the problem says \"output of the function\", and the function f3 does not return a value. But note: the problem might have intended the functions to be called in a different way.",
      "start_char": 22289,
      "end_char": 22649,
      "label": "mental_execution",
      "label_info": {
        "type": "mental_execution"
      }
    },
    {
      "text": "Another possibility: the function f1 might return a string if chunks is 0?",
      "start_char": 22659,
      "end_char": 22733,
      "label": "test_generation",
      "label_info": {
        "type": "test_generation"
      }
    },
    {
      "text": "Let me check the documentation for splitlines with an argument of 0.",
      "start_char": 22734,
      "end_char": 22802,
      "label": "code_analysis",
      "label_info": {
        "type": "code_analysis"
      }
    },
    {
      "text": "In Python, the keepends argument is for whether to keep the newline characters.",
      "start_char": 22807,
      "end_char": 22886,
      "label": "code_analysis",
      "label_info": {
        "type": "code_analysis"
      }
    },
    {
      "text": "The argument can be an integer for the version?",
      "start_char": 22887,
      "end_char": 22934,
      "label": "code_analysis",
      "label_info": {
        "type": "code_analysis"
      }
    },
    {
      "text": "Actually, in Python 3, splitlines takes a keepends parameter which is boolean. Passing 0 is False. So our interpretation of f1 is correct.",
      "start_char": 22935,
      "end_char": 23073,
      "label": "code_analysis",
      "label_info": {
        "type": "code_analysis"
      }
    },
    {
      "text": "Given the above, I think the intended answer is that the code raises an exception, but since the problem asks for the output to complete the assert, and we cannot, I will output the string representation of the exception that is raised.",
      "start_char": 23082,
      "end_char": 23318,
      "label": "mental_execution",
      "label_info": {
        "type": "mental_execution"
      }
    },
    {
      "text": "However, the problem says: \"Only return the output of the function without any other information\", and \"if the output is a string, enclose it in single quotes\". So if we consider the output of the entire function call chain as a string, then we would output the string of the exception. But the function call chain does not output anything, it returns or raises.",
      "start_char": 23323,
      "end_char": 23685,
      "label": "code_analysis",
      "label_info": {
        "type": "code_analysis"
      }
    },
    {
      "text": "I think the problem might have a mistake.",
      "start_char": 23698,
      "end_char": 23739,
      "label": "bug_fixing",
      "label_info": {
        "type": "bug_fixing"
      }
    },
    {
      "text": "Given the time, and since the problem says to complete the assert statement, and the only thing that happens is an exception, I will output the string of the exception that is raised by the function f3: which is a TypeError. But note: in the assert, we are calling f3(f2(f1(...))), and if we assume the functions are properly named, then the exception is:\n\n        TypeError: not all arguments converted during string formatting\n\n   So we output that string in quotes.",
      "start_char": 23744,
      "end_char": 24212,
      "label": "mental_execution",
      "label_info": {
        "type": "mental_execution"
      }
    },
    {
      "text": "Therefore, the answer is: 'TypeError: not all arguments converted during string formatting'\n\n   However, the exact message might vary by Python version. But the problem does not specify.",
      "start_char": 24221,
      "end_char": 24407,
      "label": "mental_execution",
      "label_info": {
        "type": "mental_execution"
      }
    },
    {
      "text": "Alternatively, we output the type only: 'TypeError'\n\n   But the problem says \"output\", and in the traceback you see the message.",
      "start_char": 24412,
      "end_char": 24540,
      "label": "code_analysis",
      "label_info": {
        "type": "code_analysis"
      }
    },
    {
      "text": "Given the instructions, I will output the entire message as a string. So for the assert statement, we complete with:\n\n        'TypeError: not all arguments converted during string formatting'\n\n   But note: the function f3 might not be called if there is an error in f1 or f2?",
      "start_char": 24545,
      "end_char": 24820,
      "label": "mental_execution",
      "label_info": {
        "type": "mental_execution"
      }
    },
    {
      "text": "In our case, f1 and f2 run without error. Therefore, I will output: 'TypeError: not all arguments converted during string formatting'\n\n   However, let's simulate the call to f3 with the first element:\n\n        '/alcm@ an)t//eprw)/e!/d' % 2\n\n   This is the same as: \n        try:\n            '/alcm@ an)t//eprw)/e!/d' % 2\n        except TypeError as e:\n            message = str(e)",
      "start_char": 24825,
      "end_char": 25209,
      "label": "mental_execution",
      "label_info": {
        "type": "mental_execution"
      }
    },
    {
      "text": "The message is: \"not all arguments converted during string formatting\"\n\n   So the exception is: TypeError with that message.",
      "start_char": 25214,
      "end_char": 25338,
      "label": "code_analysis",
      "label_info": {
        "type": "code_analysis"
      }
    },
    {
      "text": "Therefore, the string is: \"TypeError: not all arguments converted during string formatting\"\n\n   But note: in Python, when you catch the exception and print it, you get the message only?",
      "start_char": 25343,
      "end_char": 25528,
      "label": "mental_execution",
      "label_info": {
        "type": "mental_execution"
      }
    },
    {
      "text": "Or with the type?\n\n   Actually, the traceback shows the type and the message. But the str(e) for a TypeError is just the message.",
      "start_char": 25529,
      "end_char": 25658,
      "label": "code_analysis",
      "label_info": {
        "type": "code_analysis"
      }
    },
    {
      "text": "However, the problem says \"output when executing the code\", and the code is not caught, so the traceback prints:\n\n        Traceback (most recent call last):\n          ...",
      "start_char": 25663,
      "end_char": 25833,
      "label": "mental_execution",
      "label_info": {
        "type": "mental_execution"
      }
    },
    {
      "text": "TypeError: not all arguments converted during string formatting\n\n   So the last line is: \"TypeError: not all arguments converted during string formatting\"\n\n   Therefore, the output is that string. So I will use: 'TypeError: not all arguments converted during string formatting'\n\n   But wait, the function f3 is called with a list that has three elements.",
      "start_char": 25842,
      "end_char": 26196,
      "label": "code_analysis",
      "label_info": {
        "type": "code_analysis"
      }
    },
    {
      "text": "It will fail on the first element.",
      "start_char": 26201,
      "end_char": 26235,
      "label": "mental_execution",
      "label_info": {
        "type": "mental_execution"
      }
    },
    {
      "text": "The first element is the string that contains '%'.",
      "start_char": 26236,
      "end_char": 26286,
      "label": "code_analysis",
      "label_info": {
        "type": "code_analysis"
      }
    },
    {
      "text": "Therefore, I think that is the output.",
      "start_char": 26291,
      "end_char": 26329,
      "label": "mental_execution",
      "label_info": {
        "type": "mental_execution"
      }
    },
    {
      "text": "However, the problem says: \"output of the function\", and the function f3 does not return, it raises. So the output of the function call is not a value but an exception. But the problem asks for the output when executing the code, and in the context of the assert, the output to the console is the traceback, but the last line is the exception string.",
      "start_char": 26334,
      "end_char": 26684,
      "label": "code_analysis",
      "label_info": {
        "type": "code_analysis"
      }
    },
    {
      "text": "Given the instructions, I will output the string of the exception as it would appear in the last line of the traceback.",
      "start_char": 26689,
      "end_char": 26808,
      "label": "high_level_plan",
      "label_info": {
        "type": "high_level_plan"
      }
    },
    {
      "text": "Final answer: 'TypeError: not all arguments converted during string formatting'",
      "start_char": 26813,
      "end_char": 26892,
      "label": "bug_fixing",
      "label_info": {
        "type": "bug_fixing"
      }
    }
  ],
  "original_reasoning": "We are given three functions: f1, f2, f3 (which are named f in their definitions but we'll refer to them by the variable names in the assert)\n\n The assert statement is:\n   assert f3(f2(f1('/alcm@ an)t//eprw)/e!/d\\nujv', 0))) == ?\n\n We need to compute the result of:\n   f1('/alcm@ an)t//eprw)/e!/d\\nujv', 0)   -> returns a list of lines (split by newline, but with chunks parameter which is 0, meaning no line splitting? Actually, let's check the behavior of splitlines with an argument)\n\n However, note that the function f1 is defined as:\n   def f1(text, chunks):\n        return text.splitlines(chunks)\n\n The splitlines method in Python: \n   If the argument is 0, then it splits the string by newline and returns the list without the newline characters? But note: the argument for splitlines is actually a boolean (or can be an integer in some versions) for keeping the line breaks.\n\n But in Python, the splitlines method: \n   - If keepends is True, the line breaks are included. The argument in the function is named 'chunks', and we are passing 0. \n   In Python, 0 is treated as False. So it's equivalent to splitlines(False) -> which returns the lines without the line breaks.\n\n So f1 returns: \n   ['/alcm@ an)t//eprw)/e!/d', 'ujv']\n\n Now, we pass this list to f2.\n\n Function f2:\n   def f2(array):\n        c = array\n        array_copy = array\n\n        while True:\n            c.append('_')\n            if c == array_copy:\n                array_copy[c.index('_')] = ''\n                break\n\n        return array_copy\n\n However, note: \n   c = array and array_copy = array -> both c and array_copy are references to the same list as the input array.\n\n So we start with:\n   array = ['/alcm@ an)t//eprw)/e!/d', 'ujv']\n   c and array_copy both point to the same list.\n\n Then we enter an infinite loop? \n   We append '_' to c (which is the same list as array and array_copy). Then we check if c (which now has an extra '_') is equal to array_copy (which is the same list, so it also has the extra '_').\n\n But note: after appending, the list becomes: \n   ['/alcm@ an)t//eprw)/e!/d', 'ujv', '_']\n\n Then we check: c == array_copy -> they are the same object? Actually, they are the same list so they are equal. Then we do:\n   array_copy[c.index('_')] = ''   -> we find the index of '_' in c (which is 2) and set array_copy[2] to ''.\n\n Then we break and return array_copy.\n\n So the list becomes: \n   ['/alcm@ an)t//eprw)/e!/d', 'ujv', '']\n\n But wait: the list now has three elements. However, note that the condition c == array_copy is always true because they are the same list. So we break after the first iteration.\n\n However, let's test with a small example:\n\n   a = [1,2]\n   c = a\n   array_copy = a\n\n   Then we append 3: a becomes [1,2,3] (so c and array_copy are both [1,2,3])\n   Then we check: c == array_copy -> True.\n\n   Then we do: index of 3 in c -> 2, then set array_copy[2] = '' -> so a becomes [1,2,''].\n\n   Then we break.\n\n So the function f2 returns the list: \n   ['/alcm@ an)t//eprw)/e!/d', 'ujv', '']\n\n Now, we pass this list to f3.\n\n Function f3:\n   def f3(nums):\n        for odd in nums[:]:   # iterating over a copy of nums\n            if odd % 2 != 0:  # but note: the elements are strings? We have a problem here.\n\n The input to f3 is the list of strings: ['/alcm@ an)t//eprw)/e!/d', 'ujv', '']\n\n But f3 is trying to do: odd % 2 != 0 -> which requires integers. This will cause a TypeError.\n\n However, let's read the problem: \"the function may contain errors\". So we must simulate the code as given.\n\n But note: the assert statement is: \n   assert f3(f2(f1('/alcm@ an)t//eprw)/e!/d\\nujv', 0))) == ?\n\n We are going to get a TypeError in f3 because we are trying to take modulus of a string.\n\n But wait: the problem says \"complete the assert statement with the output when executing the code\". So we must run the code and see what happens.\n\n However, the problem says: \"Do not output any extra information, even if the function is incorrect or incomplete.\"\n\n And: \"Only return the output of the function without any other information and assert statement.\"\n\n But note: the output of the entire function chain is the output of f3. However, if there is an error, then the function f3 will throw an exception. But the problem says \"when executing the code on the given test case\", so we must consider the result.\n\n Alternatively, let me reexamine the functions:\n\n   f1: returns a list of strings.\n\n   f2: returns a list of strings (with an extra empty string at the end).\n\n   f3: iterates over the list of strings and tries to remove the odd numbers? But the elements are strings.\n\n So the code will crash in f3.\n\n However, note the problem: \"complete the assert statement with the output\". If the code crashes, then the output is an exception. But the problem says \"output when executing the code\", meaning the return value? But if it crashes, there is no return value.\n\n But the problem says: \"even if the function is incorrect or incomplete\", so we must consider the actual behavior.\n\n Alternatively, let me check the functions again:\n\n   In f2, we have:\n\n        c = array\n        array_copy = array\n\n        while True:\n            c.append('_')\n            if c == array_copy:\n                array_copy[c.index('_')] = ''\n                break\n\n   But note: after the first append, the list becomes the same for both c and array_copy, so the condition c==array_copy is always True? Actually, because they are the same object, the condition is always True. So we break after one iteration.\n\n   However, what if the list already contains an underscore? Then c.index('_') might find an earlier one? But in our case, the list from f1 does not have an underscore.\n\n   So the list becomes: [line1, line2, ''].\n\n   Now, in f3:\n\n        for odd in nums[:]:   # nums is [line1, line2, '']\n            if odd % 2 != 0:   # odd is a string -> TypeError\n\n   So we get a TypeError.\n\n But the problem says: \"complete the assert statement with the output\". How do we represent an exception? The problem does not specify.\n\n However, note the problem says: \"the output when executing the code\". If the code throws an exception, then the output is the exception.\n\n But the assert statement is expecting a value to compare. And the problem says \"enclose it in single quotes\" if it is a string. So the output of the function chain is not a string but an exception.\n\n Alternatively, let me read the problem again: \"complete the assert statement with the output\". It might be that the function f3 is not actually called with the list of strings? Or maybe I made a mistake.\n\n Let me check the function names in the assert:\n\n   The assert uses f3, f2, f1.\n\n   But the functions are defined as:\n\n        # f1\n        def f(text, chunks): ...   -> but in the assert we call f1, so we assume the function f1 is defined as above? Actually, the problem says \"based on the given Python code\", and the functions are named f in the definitions, but the comments say # f1, # f2, # f3. So we assume that the functions are named f1, f2, f3? Or are they all named f? That would cause a problem.\n\n   The code as written would have the last definition of f (f3) overwriting the others. So if we run:\n\n        f1 = f (from the first definition) -> but then we define f again for f2 and then f3.\n\n   So in the end, only f3 is defined (as the last f). And f1 and f2 are not defined? \n\n   This is a critical error.\n\n   The problem says: \"the given Python code, which may contain errors\". So we must consider the code as provided, but note that the functions are defined with the same name. Therefore, after defining the three functions, only the last one (f3) remains. So when we call f1, it would be undefined.\n\n   But the problem states:\n\n        # f1\n        def f(text, chunks):\n            return text.splitlines(chunks)\n\n        # f2\n        def f(array):\n            ...\n\n        # f3\n        def f(nums):\n            ...\n\n   So we have three functions all named f. The last one (f3) is the one that remains.\n\n   Therefore, when we call f1 in the assert, we get a NameError because f1 is not defined.\n\n   Alternatively, the problem might have intended to define three separate functions with different names? But the code as written uses the same name.\n\n   The problem says: \"Based on the given Python code\", so we must run the code as is.\n\n   Steps:\n\n        1. Define f (for the first time) as f1.\n        2. Then redefine f (for the second time) as f2.\n        3. Then redefine f (for the third time) as f3.\n\n        So when we get to the assert, we have only f defined as the last version (f3). And we are trying to call f1, which is not defined.\n\n   Therefore, the assert statement will fail with a NameError: name 'f1' is not defined.\n\n   But note: the assert statement is:\n\n        assert f3(f2(f1('/alcm@ an)t//eprw)/e!/d\\nujv', 0))) == ?\n\n   So we are calling f1, which is not defined -> NameError.\n\n   However, the problem says: \"complete the assert statement with the output\". The output of the entire expression is an exception.\n\n   But the problem says: \"when executing the code on the given test case\". The code includes the function definitions and the assert. So the entire script will terminate with an exception.\n\n   How to represent the output? The problem says: \"Only return the output of the function without any other information\". But the function chain is not completed because of the NameError.\n\n   Alternatively, the problem might have intended that the functions are named f1, f2, f3? But the code defines them as f. So we must fix the function names? The problem says \"based on the given Python code\", so we cannot change the code.\n\n   This is a dilemma.\n\n   Let me re-read the problem: \"complete the assert statement with the output when executing the code on the given test case\".\n\n   The code as given:\n\n        # f1\n        def f(text, chunks):\n            return text.splitlines(chunks)\n\n        # f2\n        def f(array):\n            ... \n\n        # f3\n        def f(nums):\n            ...\n\n        assert f3(f2(f1(...))) ...\n\n   This will indeed cause a NameError for f1.\n\n   Therefore, the output is an exception: NameError.\n\n   But how to represent it? The problem says: \"If the output is a string, enclose it in single quotes.\" But the output is not a string, it's an exception.\n\n   Alternatively, the problem might expect the return value if the code runs without error, but it does have an error.\n\n   Another possibility: the comments # f1, # f2, # f3 are meant to indicate that we should use the functions as f1, f2, f3? But the code defines them as f. So we should assign them to f1, f2, f3? The problem does not say that.\n\n   Given the ambiguity, I must assume the code is run as provided. Therefore, the assert statement will raise a NameError.\n\n   However, the problem says: \"complete the assert statement\", meaning we are to fill in the expected value that the left-hand side returns. But it doesn't return, it raises.\n\n   This is a problem.\n\n   Alternatively, note that the problem says: \"the output when executing the code\". The entire code's output to the console? But the code doesn't print anything, it asserts.\n\n   I think the intended meaning is the return value of the function call: f3(f2(f1(...))). But because of the NameError, it doesn't return.\n\n   Given the confusion, let me look for other interpretations.\n\n   What if the functions are defined as f, but then we have:\n\n        f1 = f   (after the first definition) \n        then f2 = f (after the second, overwriting f1 to be the second function) \n        then f3 = f (after the third, so f1 and f2 are both the third function)\n\n   But the code doesn't do that.\n\n   Another possibility: the problem has a typo and the functions are meant to be named f1, f2, f3. In that case, we should change the definitions to:\n\n        def f1(text, chunks): ...\n        def f2(array): ...\n        def f3(nums): ...\n\n   And then run the assert.\n\n   Since the problem says \"based on the given Python code\", and the code has comments indicating f1, f2, f3, it's likely that was the intention.\n\n   So I will assume that the functions are defined as:\n\n        def f1(text, chunks): ...\n        def f2(array): ...\n        def f3(nums): ...\n\n   Because otherwise the code makes no sense.\n\n   Let me proceed under that assumption.\n\n   Step 1: f1('/alcm@ an)t//eprw)/e!/d\\nujv', 0)\n\n        text = '/alcm@ an)t//eprw)/e!/d\\nujv'\n        chunks = 0 -> which is equivalent to False for keepends.\n\n        So we split by newline and remove the newline characters.\n\n        Result: ['/alcm@ an)t//eprw)/e!/d', 'ujv']\n\n   Step 2: f2(['/alcm@ an)t//eprw)/e!/d', 'ujv'])\n\n        def f2(array):\n            c = array          # c points to the same list as array\n            array_copy = array   # array_copy also points to the same list\n\n            while True:\n                c.append('_')   # now the list becomes: [element1, element2, '_']\n                if c == array_copy:   # they are the same list, so always True\n                    # find the index of '_' in c -> which is 2\n                    array_copy[2] = ''   # so we set the third element to empty string\n                    break\n\n            return array_copy   # returns [element1, element2, '']\n\n        So we get: ['/alcm@ an)t//eprw)/e!/d', 'ujv', '']\n\n   Step 3: f3(['/alcm@ an)t//eprw)/e!/d', 'ujv', ''])\n\n        def f3(nums):\n            for odd in nums[:]:   # iterate over a copy of nums: ['/alcm@ an)t//eprw)/e!/d', 'ujv', '']\n                if odd % 2 != 0:   # odd is a string -> this will raise TypeError\n\n        So we get a TypeError.\n\n   Therefore, the function f3 will raise a TypeError.\n\n   But the assert statement is comparing the result of f3(...) to something. If we are to complete the assert statement, we must note that the left-hand side raises an exception. However, the assert statement itself will then fail with that exception.\n\n   The problem says: \"complete the assert statement\", meaning we are to fill in the value that the left-hand side evaluates to. But it doesn't evaluate to a value, it raises.\n\n   Given the problem's instruction: \"even if the function is incorrect\", we must report the exception? But the problem says \"output\", and in Python, an exception is not a return value.\n\n   Alternatively, the problem might expect the value that the function would return if there was no error? But that's not possible.\n\n   Another possibility: the function f3 is not the one we think? Let me reexamine the function f3:\n\n        def f3(nums):\n            for odd in nums[:]:   # iterate over a copy\n                if odd % 2 != 0:  # if the number is odd, then remove it from the original nums\n                    nums.remove(odd)\n\n            sum_ = 0\n            for num in nums:\n                sum_ += num\n            return sum_\n\n   This function is designed to remove odd numbers and return the sum of the remaining even numbers.\n\n   But our nums is a list of strings, not numbers.\n\n   However, what if the strings are actually digits? They are not. The string is '/alcm@ an)t//eprw)/e!/d' which is not a digit.\n\n   So it will raise on the first element.\n\n   Therefore, the output is a TypeError.\n\n   But how to write it in the assert statement? The problem says \"output\", and if it's a string then in quotes. But TypeError is not a string.\n\n   Alternatively, the problem might expect the string representation of the exception? But it doesn't say.\n\n   Given the instructions, I think we are to assume that the code runs without error? But it doesn't.\n\n   Let me double-check the function f2: \n\n        array_copy = array   # this is a reference, not a copy.\n\n        We then modify the list by appending '_' and then setting one element to ''.\n\n        But the function f2 is intended to do something else? The code has a while loop that is intended to run until a condition, but because of the reference issue, it breaks immediately.\n\n        And then we return a list with an extra empty string.\n\n   Now, what if the function f2 was meant to be:\n\n        def f2(array):\n            c = array[:]   # a copy? but it's not.\n            array_copy = array[:]   # a copy of the array\n\n        But the code does not do that.\n\n   Given the time, I must make a decision.\n\n   The only logical output is that the code raises an exception. But the problem asks for the output to complete the assert statement.\n\n   Since the problem says \"even if the function is incorrect\", and we are to provide the output, I will assume that the output is the string representation of the exception, or the type of the exception.\n\n   However, the problem says: \"output when executing the code\", and in a Python program, if you run this, you get:\n\n        Traceback (most recent call last):\n          File \"script.py\", line X, in <module>\n            assert f3(f2(f1('/alcm@ an)t//eprw)/e!/d\\nujv', 0))) == ?\n        NameError: name 'f1' is not defined\n\n   or, if we assume the functions are renamed to f1, f2, f3, then:\n\n        Traceback (most recent call last):\n          File \"script.py\", line X, in <module>\n            assert f3(f2(f1('/alcm@ an)t//eprw)/e!/d\\nujv', 0))) == ?\n          File \"script.py\", line Y, in f3\n            if odd % 2 != 0:\n        TypeError: not all arguments converted during string formatting\n\n   Wait, why string formatting? \n\n   The modulus operator on a string: \n        '/alcm@ an)t//eprw)/e!/d' % 2\n   This is trying to do string formatting with one argument (2), but the string has no formatting codes. So it will give: \n        TypeError: not all arguments converted during string formatting\n\n   But note: the string might contain '%' which would make it a format string? Let me look: \n        '/alcm@ an)t//eprw)/e!/d' \n   There is a '%' in the string: after \"alcm\", so we have \"alcm@ an)t//eprw)/e!/d\". There is one '%' right after 'alcm@ an'.\n\n   Actually: '/alcm@ an)t//eprw)/e!/d' -> the '%' is between '@ an' and ')t', so it's: \" an)%t\" ? \n\n   But anyway, it will try to format and there are no format specifiers, so it will raise the above TypeError.\n\n   So the output is an exception: TypeError.\n\n   But the assert statement is expecting a value. Since the problem does not specify how to represent exceptions, and given the instruction for strings, I think we are to return the string representation of the exception? Or the exception type and message?\n\n   However, the problem says: \"output of the function\", and the function f3 does not return, it raises.\n\n   Given the complexity, and since the problem is likely to have intended the functions to be named f1, f2, f3, and then the error in f3, and because the problem says \"even if the function is incorrect\", I will output the string representation of the exception that is raised by f3.\n\n   But note: the assert statement is not completed with a string representation of the exception, but with the value that the function would return if it could run without error. It cannot.\n\n   Alternatively, the problem might have a different interpretation of the functions.\n\n   Let me try to run the functions step by step with the assumption that the functions are properly named.\n\n   f1: \n        text = '/alcm@ an)t//eprw)/e!/d\\nujv'\n        splitlines(False) -> splits at the newline and removes the newline.\n        returns: ['/alcm@ an)t//eprw)/e!/d', 'ujv']\n\n   f2: \n        array = ['/alcm@ an)t//eprw)/e!/d', 'ujv']\n        c = array, array_copy = array -> same list.\n        append '_' -> ['/alcm@ an)t//eprw)/e!/d', 'ujv', '_']\n        then condition: c == array_copy -> True (because they are the same list)\n        then array_copy[c.index('_')] = '' -> c.index('_') is 2, so set array_copy[2] = '' -> becomes ['/alcm@ an)t//eprw)/e!/d', 'ujv', '']\n        return that list.\n\n   f3: \n        nums = ['/alcm@ an)t//eprw)/e!/d', 'ujv', '']\n        for odd in nums[:] -> first element: '/alcm@ an)t//eprw)/e!/d'\n        condition: odd % 2 != 0 -> '/alcm@ an)t//eprw)/e!/d' % 2\n\n        This is a string formatting operation. The string contains a '%' character, so it is a format string. \n        The string has: \n            '/alcm@ an)t//eprw)/e!/d'\n        How many format specifiers? \n            We see: '% an' -> but there is no format specifier after the '%'. \n        Actually, the '%' is followed by a space and 'an'. This is not a valid format specifier. \n        But note: the string might have a '%' that is part of a specifier? \n            The only '%' is between a space and 'an)'. So it is: \" an%\"\n\n        The string does not have any other '%'. So the formatting with one argument (2) will fail because there is no specifier that consumes the argument.\n\n        Therefore, it raises: TypeError: not all arguments converted during string formatting.\n\n   So the output is that exception.\n\n   How to represent it in the assert? The problem doesn't say. But since the problem asks for the output of the function, and the function doesn't return, we cannot put a value.\n\n   Given the instructions, and since the problem says \"output\", I will assume that we are to output the string representation of the exception message, but only the type.\n\n   However, the problem says: \"complete the assert statement\", so we are to write:\n\n        assert ... == WHAT?\n\n   And then the assert would fail because the left-hand side raises an exception.\n\n   This is not typical.\n\n   Alternatively, the problem might want the return value if there was no error, but there is an error.\n\n   I think the only reasonable thing is to note that the code has errors and therefore the assert cannot be completed with a value. But the problem insists.\n\n   Perhaps the functions are not as we think. Let me look at f2 again:\n\n        c = array\n        array_copy = array\n\n        while True:\n            c.append('_')\n            if c == array_copy:\n                array_copy[c.index('_')] = ''\n                break\n\n        return array_copy\n\n   This function is intended to do something, but because c and array_copy are the same, the condition is always true after the append. So it will break immediately.\n\n   It appens one '_' and then replaces it with ''.\n\n   So the list becomes: [original elements, ''].\n\n   For f3, it is expecting a list of numbers, but we have a list of strings.\n\n   Therefore, the code is fundamentally flawed.\n\n   Given the above, and since the problem says \"even if the function is incorrect\", I will output the string of the exception type and message that you would see if you ran the code. But the problem says \"output of the function\", and the function f3 does not return a value.\n\n   But note: the problem might have intended the functions to be called in a different way. \n\n   Another possibility: the function f1 might return a string if chunks is 0? Let me check the documentation for splitlines with an argument of 0.\n\n   In Python, the keepends argument is for whether to keep the newline characters. The argument can be an integer for the version? Actually, in Python 3, splitlines takes a keepends parameter which is boolean. Passing 0 is False.\n\n   So our interpretation of f1 is correct.\n\n   Given the above, I think the intended answer is that the code raises an exception, but since the problem asks for the output to complete the assert, and we cannot, I will output the string representation of the exception that is raised.\n\n   However, the problem says: \"Only return the output of the function without any other information\", and \"if the output is a string, enclose it in single quotes\".\n\n   So if we consider the output of the entire function call chain as a string, then we would output the string of the exception.\n\n   But the function call chain does not output anything, it returns or raises.\n\n   I think the problem might have a mistake.\n\n   Given the time, and since the problem says to complete the assert statement, and the only thing that happens is an exception, I will output the string of the exception that is raised by the function f3: which is a TypeError.\n\n   But note: in the assert, we are calling f3(f2(f1(...))), and if we assume the functions are properly named, then the exception is:\n\n        TypeError: not all arguments converted during string formatting\n\n   So we output that string in quotes.\n\n   Therefore, the answer is: 'TypeError: not all arguments converted during string formatting'\n\n   However, the exact message might vary by Python version. But the problem does not specify.\n\n   Alternatively, we output the type only: 'TypeError'\n\n   But the problem says \"output\", and in the traceback you see the message.\n\n   Given the instructions, I will output the entire message as a string.\n\n   So for the assert statement, we complete with:\n\n        'TypeError: not all arguments converted during string formatting'\n\n   But note: the function f3 might not be called if there is an error in f1 or f2? In our case, f1 and f2 run without error.\n\n   Therefore, I will output: 'TypeError: not all arguments converted during string formatting'\n\n   However, let's simulate the call to f3 with the first element:\n\n        '/alcm@ an)t//eprw)/e!/d' % 2\n\n   This is the same as: \n        try:\n            '/alcm@ an)t//eprw)/e!/d' % 2\n        except TypeError as e:\n            message = str(e)\n\n   The message is: \"not all arguments converted during string formatting\"\n\n   So the exception is: TypeError with that message.\n\n   Therefore, the string is: \"TypeError: not all arguments converted during string formatting\"\n\n   But note: in Python, when you catch the exception and print it, you get the message only? Or with the type?\n\n   Actually, the traceback shows the type and the message. But the str(e) for a TypeError is just the message.\n\n   However, the problem says \"output when executing the code\", and the code is not caught, so the traceback prints:\n\n        Traceback (most recent call last):\n          ...\n        TypeError: not all arguments converted during string formatting\n\n   So the last line is: \"TypeError: not all arguments converted during string formatting\"\n\n   Therefore, the output is that string.\n\n   So I will use: 'TypeError: not all arguments converted during string formatting'\n\n   But wait, the function f3 is called with a list that has three elements. It will fail on the first element. The first element is the string that contains '%'.\n\n   Therefore, I think that is the output.\n\n   However, the problem says: \"output of the function\", and the function f3 does not return, it raises. So the output of the function call is not a value but an exception. But the problem asks for the output when executing the code, and in the context of the assert, the output to the console is the traceback, but the last line is the exception string.\n\n   Given the instructions, I will output the string of the exception as it would appear in the last line of the traceback.\n\n   Final answer: 'TypeError: not all arguments converted during string formatting'"
}