{
  "segments": [
    {
      "text": "We are given three functions: f1, f2, f3 (which are named f in their respective definitions, but we'll refer to them by the comment labels for clarity).",
      "start_char": 0,
      "end_char": 152,
      "label": "empty",
      "label_info": {
        "type": "empty"
      }
    },
    {
      "text": "The expression we are to evaluate is:\n   f3(f2(f1(['b', 'i', 'r', 'o', 's', 'j', 'v', 'p'])))",
      "start_char": 155,
      "end_char": 248,
      "label": "high_level_plan",
      "label_info": {
        "type": "high_level_plan"
      }
    },
    {
      "text": "Step 1: Evaluate f1 on the input ['b', 'i', 'r', 'o', 's', 'j', 'v', 'p']\n\n   Function f1 (as defined in the first code block) takes a list `letters`.",
      "start_char": 251,
      "end_char": 401,
      "label": "mental_execution",
      "label_info": {
        "type": "mental_execution"
      }
    },
    {
      "text": "It initializes an empty list `a`. Then it iterates over the indices of `letters`:\n        for i in range(len(letters)):\n            if letters[i] in a:   # if the current letter is already in the list `a`\n                return 'no'\n            a.append(letters[i])   # otherwise, add it to `a`\n   If the loop completes without returning 'no', it returns 'yes'.",
      "start_char": 405,
      "end_char": 766,
      "label": "code_analysis",
      "label_info": {
        "type": "code_analysis"
      }
    },
    {
      "text": "In this input, all the letters are distinct. So we will go through each one and append it to `a`.",
      "start_char": 774,
      "end_char": 871,
      "label": "code_analysis",
      "label_info": {
        "type": "code_analysis"
      }
    },
    {
      "text": "Since there are no duplicates, the function returns 'yes'.",
      "start_char": 875,
      "end_char": 933,
      "label": "mental_execution",
      "label_info": {
        "type": "mental_execution"
      }
    },
    {
      "text": "Therefore, f1(['b','i','r','o','s','j','v','p']) returns 'yes'\n\n Step 2: Evaluate f2 on the result of f1, which is the string 'yes'\n\n   Function f2 (the second code block) takes a string `text` and returns:\n        text.replace('\\\\\"', '\"')\n\n   This function replaces every occurrence of the substring '\\\\\"' (which is two backslashes and a double quote?",
      "start_char": 938,
      "end_char": 1290,
      "label": "mental_execution",
      "label_info": {
        "type": "mental_execution"
      }
    },
    {
      "text": "Actually, note: in a string, the backslash is an escape character. So in the code, the string is written as '\\\\\"', \n   which represents the string: \\\" (because the first backslash escapes the second). So it replaces every occurrence of \n   the two-character string \\\" with a single double quote \".",
      "start_char": 1295,
      "end_char": 1592,
      "label": "code_analysis",
      "label_info": {
        "type": "code_analysis"
      }
    },
    {
      "text": "However, in the string 'yes', there is no substring \\\" (i.e., no backslash followed by a double quote).",
      "start_char": 1597,
      "end_char": 1700,
      "label": "code_analysis",
      "label_info": {
        "type": "code_analysis"
      }
    },
    {
      "text": "Therefore, the string remains unchanged. So f2('yes') returns 'yes'\n\n Step 3: Evaluate f3 on the result of f2, which is the string 'yes'\n\n   Function f3 (the third code block) takes a string `multi_string`. It does:\n        cond_string = map(str.isascii, multi_string.split())\n        if True in cond_string:\n            return ', '.join(x for x in multi_string.split() if x.isascii())\n        return ''\n\n   Let's break it down:\n\n   - First, `multi_string.split()`: the input is 'yes'.",
      "start_char": 1705,
      "end_char": 2197,
      "label": "mental_execution",
      "label_info": {
        "type": "mental_execution"
      }
    },
    {
      "text": "Splitting this string (by default on whitespace) \n     will result in a list of words.",
      "start_char": 2198,
      "end_char": 2284,
      "label": "mental_execution",
      "label_info": {
        "type": "mental_execution"
      }
    },
    {
      "text": "Since there are no spaces, the list is ['yes'].\n\n   -",
      "start_char": 2285,
      "end_char": 2338,
      "label": "mental_execution",
      "label_info": {
        "type": "mental_execution"
      }
    },
    {
      "text": "Then, `map(str.isascii, ['yes'])` applies the method `isascii` to each word in the list.",
      "start_char": 2339,
      "end_char": 2427,
      "label": "code_analysis",
      "label_info": {
        "type": "code_analysis"
      }
    },
    {
      "text": "'yes'.isascii() returns True because all characters in 'yes' are ASCII.\n\n   - `cond_string` is a map object that we can think of as [True]. Then `if True in cond_string` will be True.",
      "start_char": 2437,
      "end_char": 2620,
      "label": "mental_execution",
      "label_info": {
        "type": "mental_execution"
      }
    },
    {
      "text": "- Then we return: \n        ', '.join(x",
      "start_char": 2625,
      "end_char": 2663,
      "label": "code_analysis",
      "label_info": {
        "type": "code_analysis"
      }
    },
    {
      "text": "for x in multi_string.split() if x.isascii()) The generator expression: for x in ['yes'] -> if 'yes'.isascii() is True, then we take 'yes'\n        So we join that one word with ', ' -> which just becomes 'yes'\n\n   Therefore, f3('yes') returns 'yes'\n\n So the entire expression evaluates to 'yes'\n\n However, note: the assert statement is:\n\n   assert f3(f2(f1(['b', 'i', 'r', 'o', 's', 'j', 'v', 'p']))) == \n\n And we are to complete the assert statement with the output. But the problem says: \"Only return the output of the function without any other information and assert statement.\"",
      "start_char": 2664,
      "end_char": 3254,
      "label": "mental_execution",
      "label_info": {
        "type": "mental_execution"
      }
    },
    {
      "text": "And if the output is a string, enclose it in single quotes.",
      "start_char": 3259,
      "end_char": 3318,
      "label": "bug_fixing",
      "label_info": {
        "type": "bug_fixing"
      }
    },
    {
      "text": "Therefore, the answer is: 'yes'\n\n However, let me double-check the functions:\n\n   f1: The function checks for duplicates. The list has unique elements -> returns 'yes'. Correct. f2:",
      "start_char": 3321,
      "end_char": 3502,
      "label": "code_analysis",
      "label_info": {
        "type": "code_analysis"
      }
    },
    {
      "text": "The function replaces escaped double quotes. The string 'yes' has no such pattern -> returns 'yes'. Correct.",
      "start_char": 3507,
      "end_char": 3615,
      "label": "mental_execution",
      "label_info": {
        "type": "mental_execution"
      }
    },
    {
      "text": "f3: The function splits the string and then checks for ASCII words. The word 'yes' is ASCII -> returns the word as is. Correct. But note: the function names in the expression are f1, f2, f3, but in the code they are all named f.",
      "start_char": 3620,
      "end_char": 3848,
      "label": "code_analysis",
      "label_info": {
        "type": "code_analysis"
      }
    },
    {
      "text": "However, the problem states that the code may contain errors. But in the given code, each function is defined as f, \n so if we run the code as is, we would have the last definition of f (f3) overwriting the previous ones.",
      "start_char": 3853,
      "end_char": 4074,
      "label": "code_analysis",
      "label_info": {
        "type": "code_analysis"
      }
    },
    {
      "text": "However, the problem says: \"Based on the given Python code, which may contain errors\", and we are to complete the assert.",
      "start_char": 4077,
      "end_char": 4198,
      "label": "mental_execution",
      "label_info": {
        "type": "mental_execution"
      }
    },
    {
      "text": "The expression in the assert uses f1, f2, f3. But in the code, we only have one function named f defined three times.",
      "start_char": 4201,
      "end_char": 4318,
      "label": "code_analysis",
      "label_info": {
        "type": "code_analysis"
      }
    },
    {
      "text": "This is an error because the last definition would override the first two.",
      "start_char": 4321,
      "end_char": 4395,
      "label": "bug_fixing",
      "label_info": {
        "type": "bug_fixing"
      }
    },
    {
      "text": "Therefore, if we run the code as given, \n the function f would be the third one (f3) and then f1 and f2 would not be defined. But the problem says: \"complete the assert statement with the output when executing the code on the given test case.\"",
      "start_char": 4396,
      "end_char": 4639,
      "label": "code_analysis",
      "label_info": {
        "type": "code_analysis"
      }
    },
    {
      "text": "And the code is given as three separate function definitions (all named f) and then an assert that uses f1, f2, f3.",
      "start_char": 4644,
      "end_char": 4759,
      "label": "code_analysis",
      "label_info": {
        "type": "code_analysis"
      }
    },
    {
      "text": "This is a problem because the code as written would result in a NameError for f1 and f2.",
      "start_char": 4762,
      "end_char": 4850,
      "label": "bug_fixing",
      "label_info": {
        "type": "bug_fixing"
      }
    },
    {
      "text": "However, note the problem says: \"which may contain errors\".",
      "start_char": 4853,
      "end_char": 4912,
      "label": "test_generation",
      "label_info": {
        "type": "test_generation"
      }
    },
    {
      "text": "We are to assume that the functions are available as f1, f2, f3.",
      "start_char": 4913,
      "end_char": 4977,
      "label": "high_level_plan",
      "label_info": {
        "type": "high_level_plan"
      }
    },
    {
      "text": "Alternatively, the problem might have intended that we have:\n\n   def f1(letters): ...   # but the code says def f(letters): ... So there is a discrepancy. But the problem states: \"Based on the given Python code\", and the given Python code defines three functions all named f.\n\n How can we reconcile?",
      "start_char": 4980,
      "end_char": 5279,
      "label": "code_analysis",
      "label_info": {
        "type": "code_analysis"
      }
    },
    {
      "text": "The problem says: \"Do not output any extra information, even if the function is incorrect or incomplete.",
      "start_char": 5285,
      "end_char": 5389,
      "label": "mental_execution",
      "label_info": {
        "type": "mental_execution"
      }
    },
    {
      "text": "\"\n\n And we are to complete the assert statement with the output.",
      "start_char": 5389,
      "end_char": 5453,
      "label": "mental_execution",
      "label_info": {
        "type": "mental_execution"
      }
    },
    {
      "text": "Since the problem says the code may contain errors, but we are to run it on the test case, we must assume that the functions \n are defined as f1, f2, f3?",
      "start_char": 5456,
      "end_char": 5609,
      "label": "mental_execution",
      "label_info": {
        "type": "mental_execution"
      }
    },
    {
      "text": "Or perhaps the code is intended to be:\n\n   # f1\n   def f1(letters): \n        ... \n\n   # f2\n   def f2(text): \n        ... \n\n   # f3\n   def f3(multi_string): \n        ... But the code provided does not do that.",
      "start_char": 5610,
      "end_char": 5818,
      "label": "bug_fixing",
      "label_info": {
        "type": "bug_fixing"
      }
    },
    {
      "text": "However, the problem says: \"complete the assert statement with the output when executing the code on the given test case.\"",
      "start_char": 5825,
      "end_char": 5947,
      "label": "code_analysis",
      "label_info": {
        "type": "code_analysis"
      }
    },
    {
      "text": "And the test case is: f3(f2(f1(['b', 'i', 'r', 'o', 's', 'j', 'v', 'p']))) So we must assume that the functions are available as f1, f2, f3.",
      "start_char": 5950,
      "end_char": 6090,
      "label": "test_generation",
      "label_info": {
        "type": "test_generation"
      }
    },
    {
      "text": "Therefore, we have to interpret the code as:\n\n   f1 is defined as:\n        def f1(letters):\n            a = [] \n            for i in range(len(letters)):\n                if letters[i] in a:\n                    return 'no'\n                a.append(letters[i]) \n            return 'yes'\n\n   f2 is defined as:\n        def f2(text): return text.replace('\\\\\"', '\"')\n\n   f3 is defined as:\n        def f3(multi_string):\n            cond_string = map(str.isascii, multi_string.split())\n            if True in cond_string:\n                return ', '.join(x for x in multi_string.split() if x.isascii())\n            return ''",
      "start_char": 6093,
      "end_char": 6721,
      "label": "code_analysis",
      "label_info": {
        "type": "code_analysis"
      }
    },
    {
      "text": "And then we evaluate the expression.",
      "start_char": 6724,
      "end_char": 6760,
      "label": "mental_execution",
      "label_info": {
        "type": "mental_execution"
      }
    },
    {
      "text": "We have already done that and got 'yes'. But wait: what if the code is run as given? Then the last definition of f (f3) would be the only one, and the first two are lost. The assert would then try to call f1, which is not defined -> NameError.",
      "start_char": 6763,
      "end_char": 7010,
      "label": "mental_execution",
      "label_info": {
        "type": "mental_execution"
      }
    },
    {
      "text": "However, the problem says: \"complete the assert statement with the output\", meaning we are to assume that the functions are \n correctly defined as f1, f2, f3?",
      "start_char": 7013,
      "end_char": 7171,
      "label": "code_analysis",
      "label_info": {
        "type": "code_analysis"
      }
    },
    {
      "text": "Or we are to run the code as given?",
      "start_char": 7172,
      "end_char": 7207,
      "label": "high_level_plan",
      "label_info": {
        "type": "high_level_plan"
      }
    },
    {
      "text": "The problem states: \"Based on the given Python code\", and the given Python code has three functions all named f. \n But the assert uses f1, f2, f3. This is an error. But note: the problem says \"which may contain errors\". So we are to fix the error? Or run as is?",
      "start_char": 7211,
      "end_char": 7472,
      "label": "bug_fixing",
      "label_info": {
        "type": "bug_fixing"
      }
    },
    {
      "text": "The instruction: \"complete the assert statement with the output when executing the code on the given test case\"\n\n If we run the code as given, we get:\n\n   Traceback (most recent call last):\n     File \"<string>\", line 23, in <module>\n   NameError: name 'f1' is not defined So the output would be an error. But the problem says to output the output of the function without any extra information.",
      "start_char": 7478,
      "end_char": 7871,
      "label": "mental_execution",
      "label_info": {
        "type": "mental_execution"
      }
    },
    {
      "text": "However, the problem also says: \"If the output is a string, enclose it in single quotes.",
      "start_char": 7876,
      "end_char": 7964,
      "label": "code_analysis",
      "label_info": {
        "type": "code_analysis"
      }
    },
    {
      "text": "\"\n\n This implies that the expected output is a string.",
      "start_char": 7964,
      "end_char": 8018,
      "label": "code_analysis",
      "label_info": {
        "type": "code_analysis"
      }
    },
    {
      "text": "Therefore, we must assume that the functions are defined appropriately as f1, f2, f3. Alternatively, the problem might have intended that we have:\n\n   f1 = f   # after defining the first function, but then we redefine f for the next two. But that is not in the code.",
      "start_char": 8019,
      "end_char": 8287,
      "label": "code_analysis",
      "label_info": {
        "type": "code_analysis"
      }
    },
    {
      "text": "Given the ambiguity, and because the problem says the code may contain errors, but we are to complete the assert with the output, \n and the example test case, we must rely on the logical evaluation of the functions as if they were defined as f1, f2, f3.",
      "start_char": 8292,
      "end_char": 8545,
      "label": "mental_execution",
      "label_info": {
        "type": "mental_execution"
      }
    },
    {
      "text": "Therefore, the answer is 'yes'.",
      "start_char": 8548,
      "end_char": 8579,
      "label": "empty",
      "label_info": {
        "type": "empty"
      }
    },
    {
      "text": "However, let me check the functions again for any other error:\n\n   f1: Input: ['b','i','r','o','s','j','v','p'] -> all distinct -> returns 'yes'\n\n   f2: Input: 'yes' -> no change -> returns 'yes'\n\n   f3: Input: 'yes' -> split into ['yes'] -> all are ascii -> returns 'yes'\n\n So the final output is 'yes'\n\n But note: the function f3 has a potential issue: \n        cond_string = map(str.isascii, multi_string.split())\n        if True in cond_string:\n\n   The map object is an iterator.",
      "start_char": 8582,
      "end_char": 9092,
      "label": "mental_execution",
      "label_info": {
        "type": "mental_execution"
      }
    },
    {
      "text": "The `in` operator on a map object will iterate until it finds a True. But note: if the map object is empty (i.e., the split list is empty) then it returns False.",
      "start_char": 9093,
      "end_char": 9254,
      "label": "code_analysis",
      "label_info": {
        "type": "code_analysis"
      }
    },
    {
      "text": "In our case, we have one element which is True, so it returns True. Then we do: \n        ', '.join(x for x in multi_string.split()",
      "start_char": 9263,
      "end_char": 9393,
      "label": "mental_execution",
      "label_info": {
        "type": "mental_execution"
      }
    },
    {
      "text": "if x.isascii())\n\n   This will take every word that is ascii.",
      "start_char": 9398,
      "end_char": 9458,
      "label": "code_analysis",
      "label_info": {
        "type": "code_analysis"
      }
    },
    {
      "text": "In our case, the word 'yes' is ascii, so it is included. So the result is 'yes'\n\n Therefore, the output is 'yes'",
      "start_char": 9459,
      "end_char": 9571,
      "label": "mental_execution",
      "label_info": {
        "type": "mental_execution"
      }
    }
  ],
  "original_reasoning": "We are given three functions: f1, f2, f3 (which are named f in their respective definitions, but we'll refer to them by the comment labels for clarity).\n\n The expression we are to evaluate is:\n   f3(f2(f1(['b', 'i', 'r', 'o', 's', 'j', 'v', 'p'])))\n\n Step 1: Evaluate f1 on the input ['b', 'i', 'r', 'o', 's', 'j', 'v', 'p']\n\n   Function f1 (as defined in the first code block) takes a list `letters`.\n   It initializes an empty list `a`.\n   Then it iterates over the indices of `letters`:\n        for i in range(len(letters)):\n            if letters[i] in a:   # if the current letter is already in the list `a`\n                return 'no'\n            a.append(letters[i])   # otherwise, add it to `a`\n   If the loop completes without returning 'no', it returns 'yes'.\n\n   In this input, all the letters are distinct. So we will go through each one and append it to `a`.\n   Since there are no duplicates, the function returns 'yes'.\n\n   Therefore, f1(['b','i','r','o','s','j','v','p']) returns 'yes'\n\n Step 2: Evaluate f2 on the result of f1, which is the string 'yes'\n\n   Function f2 (the second code block) takes a string `text` and returns:\n        text.replace('\\\\\"', '\"')\n\n   This function replaces every occurrence of the substring '\\\\\"' (which is two backslashes and a double quote? \n   Actually, note: in a string, the backslash is an escape character. So in the code, the string is written as '\\\\\"', \n   which represents the string: \\\" (because the first backslash escapes the second). So it replaces every occurrence of \n   the two-character string \\\" with a single double quote \".\n\n   However, in the string 'yes', there is no substring \\\" (i.e., no backslash followed by a double quote). \n   Therefore, the string remains unchanged.\n\n   So f2('yes') returns 'yes'\n\n Step 3: Evaluate f3 on the result of f2, which is the string 'yes'\n\n   Function f3 (the third code block) takes a string `multi_string`.\n   It does:\n        cond_string = map(str.isascii, multi_string.split())\n        if True in cond_string:\n            return ', '.join(x for x in multi_string.split() if x.isascii())\n        return ''\n\n   Let's break it down:\n\n   - First, `multi_string.split()`: the input is 'yes'. Splitting this string (by default on whitespace) \n     will result in a list of words. Since there are no spaces, the list is ['yes'].\n\n   - Then, `map(str.isascii, ['yes'])` applies the method `isascii` to each word in the list. \n        'yes'.isascii() returns True because all characters in 'yes' are ASCII.\n\n   - `cond_string` is a map object that we can think of as [True]. Then `if True in cond_string` will be True.\n\n   - Then we return: \n        ', '.join(x for x in multi_string.split() if x.isascii())\n        The generator expression: for x in ['yes'] -> if 'yes'.isascii() is True, then we take 'yes'\n        So we join that one word with ', ' -> which just becomes 'yes'\n\n   Therefore, f3('yes') returns 'yes'\n\n So the entire expression evaluates to 'yes'\n\n However, note: the assert statement is:\n\n   assert f3(f2(f1(['b', 'i', 'r', 'o', 's', 'j', 'v', 'p']))) == \n\n And we are to complete the assert statement with the output.\n\n But the problem says: \"Only return the output of the function without any other information and assert statement.\"\n\n And if the output is a string, enclose it in single quotes.\n\n Therefore, the answer is: 'yes'\n\n However, let me double-check the functions:\n\n   f1: The function checks for duplicates. The list has unique elements -> returns 'yes'. Correct.\n\n   f2: The function replaces escaped double quotes. The string 'yes' has no such pattern -> returns 'yes'. Correct.\n\n   f3: The function splits the string and then checks for ASCII words. The word 'yes' is ASCII -> returns the word as is. Correct.\n\n But note: the function names in the expression are f1, f2, f3, but in the code they are all named f. \n However, the problem states that the code may contain errors. But in the given code, each function is defined as f, \n so if we run the code as is, we would have the last definition of f (f3) overwriting the previous ones.\n\n However, the problem says: \"Based on the given Python code, which may contain errors\", and we are to complete the assert.\n\n The expression in the assert uses f1, f2, f3. But in the code, we only have one function named f defined three times. \n This is an error because the last definition would override the first two. Therefore, if we run the code as given, \n the function f would be the third one (f3) and then f1 and f2 would not be defined.\n\n But the problem says: \"complete the assert statement with the output when executing the code on the given test case.\"\n\n And the code is given as three separate function definitions (all named f) and then an assert that uses f1, f2, f3.\n\n This is a problem because the code as written would result in a NameError for f1 and f2.\n\n However, note the problem says: \"which may contain errors\". We are to assume that the functions are available as f1, f2, f3.\n\n Alternatively, the problem might have intended that we have:\n\n   def f1(letters): ...   # but the code says def f(letters): ... \n\n So there is a discrepancy.\n\n But the problem states: \"Based on the given Python code\", and the given Python code defines three functions all named f.\n\n How can we reconcile? The problem says: \"Do not output any extra information, even if the function is incorrect or incomplete.\"\n\n And we are to complete the assert statement with the output.\n\n Since the problem says the code may contain errors, but we are to run it on the test case, we must assume that the functions \n are defined as f1, f2, f3? Or perhaps the code is intended to be:\n\n   # f1\n   def f1(letters): \n        ... \n\n   # f2\n   def f2(text): \n        ... \n\n   # f3\n   def f3(multi_string): \n        ... \n\n But the code provided does not do that. \n\n However, the problem says: \"complete the assert statement with the output when executing the code on the given test case.\"\n\n And the test case is: f3(f2(f1(['b', 'i', 'r', 'o', 's', 'j', 'v', 'p'])))\n\n So we must assume that the functions are available as f1, f2, f3. Therefore, we have to interpret the code as:\n\n   f1 is defined as:\n        def f1(letters):\n            a = [] \n            for i in range(len(letters)):\n                if letters[i] in a:\n                    return 'no'\n                a.append(letters[i]) \n            return 'yes'\n\n   f2 is defined as:\n        def f2(text):\n            return text.replace('\\\\\"', '\"')\n\n   f3 is defined as:\n        def f3(multi_string):\n            cond_string = map(str.isascii, multi_string.split())\n            if True in cond_string:\n                return ', '.join(x for x in multi_string.split() if x.isascii())\n            return ''\n\n And then we evaluate the expression.\n\n We have already done that and got 'yes'.\n\n But wait: what if the code is run as given? Then the last definition of f (f3) would be the only one, and the first two are lost. \n The assert would then try to call f1, which is not defined -> NameError.\n\n However, the problem says: \"complete the assert statement with the output\", meaning we are to assume that the functions are \n correctly defined as f1, f2, f3? Or we are to run the code as given? \n\n The problem states: \"Based on the given Python code\", and the given Python code has three functions all named f. \n But the assert uses f1, f2, f3. This is an error. \n\n But note: the problem says \"which may contain errors\". So we are to fix the error? Or run as is?\n\n The instruction: \"complete the assert statement with the output when executing the code on the given test case\"\n\n If we run the code as given, we get:\n\n   Traceback (most recent call last):\n     File \"<string>\", line 23, in <module>\n   NameError: name 'f1' is not defined\n\n So the output would be an error. But the problem says to output the output of the function without any extra information.\n\n However, the problem also says: \"If the output is a string, enclose it in single quotes.\"\n\n This implies that the expected output is a string. Therefore, we must assume that the functions are defined appropriately as f1, f2, f3.\n\n Alternatively, the problem might have intended that we have:\n\n   f1 = f   # after defining the first function, but then we redefine f for the next two.\n\n But that is not in the code.\n\n Given the ambiguity, and because the problem says the code may contain errors, but we are to complete the assert with the output, \n and the example test case, we must rely on the logical evaluation of the functions as if they were defined as f1, f2, f3.\n\n Therefore, the answer is 'yes'.\n\n However, let me check the functions again for any other error:\n\n   f1: \n        Input: ['b','i','r','o','s','j','v','p'] -> all distinct -> returns 'yes'\n\n   f2: \n        Input: 'yes' -> no change -> returns 'yes'\n\n   f3: \n        Input: 'yes' -> split into ['yes'] -> all are ascii -> returns 'yes'\n\n So the final output is 'yes'\n\n But note: the function f3 has a potential issue: \n        cond_string = map(str.isascii, multi_string.split())\n        if True in cond_string:\n\n   The map object is an iterator. The `in` operator on a map object will iterate until it finds a True. \n   But note: if the map object is empty (i.e., the split list is empty) then it returns False. \n   In our case, we have one element which is True, so it returns True.\n\n   Then we do: \n        ', '.join(x for x in multi_string.split() if x.isascii())\n\n   This will take every word that is ascii. In our case, the word 'yes' is ascii, so it is included.\n\n   So the result is 'yes'\n\n Therefore, the output is 'yes'"
}