{
  "segments": [
    {
      "text": "We are given three functions: f1, f2, f3 (named as f in the code but we'll refer by the variable names given in the comments) We are to compute: f3(f2(f1({2: 0.76, 5: [3, 6, 9, 12]})))",
      "start_char": 0,
      "end_char": 185,
      "label": "high_level_plan",
      "label_info": {
        "type": "high_level_plan"
      }
    },
    {
      "text": "Let's break it down step by step. Step 1: Compute f1({2: 0.76, 5: [3, 6, 9, 12]}) The function f1(d) does:\n   result = {}\n   for k, v in d.items():\n        if isinstance(k, float):   # Check if key k is a float\n            for i in v:            # Then for each element i in the list v, set result[i] = k\n                result[i] = k\n        else:\n            result[k] = v          # Otherwise, set result[k] = v\n\n In the input dictionary: {2: 0.76, 5: [3, 6, 9, 12]}\n   First item: k=2 (int, not float), v=0.76 -> result[2] = 0.76\n   Second item: k=5 (int, not float), v=[3,6,9,12] -> result[5] = [3,6,9,12]\n\n Therefore, f1 returns: {2: 0.76, 5: [3, 6, 9, 12]}\n\n Step 2: Compute f2 on the result of f1. The function f2(dic) does:\n   dic2 = dict(zip(dic.values(), dic.keys()))\n   return dic2\n\n So, it swaps keys and values by zipping the values and keys. Input to f2: {2: 0.76, 5: [3, 6, 9, 12]}\n\n Let's break the dictionary:\n   keys: [2, 5]\n   values:",
      "start_char": 188,
      "end_char": 1150,
      "label": "mental_execution",
      "label_info": {
        "type": "mental_execution"
      }
    },
    {
      "text": "[0.76, [3,6,9,12]]\n\n Then, zip(values, keys) gives:\n   (0.76, 2) and ([3,6,9,12], 5) But note: when building a dictionary, keys must be unique and hashable.",
      "start_char": 1151,
      "end_char": 1307,
      "label": "mental_execution",
      "label_info": {
        "type": "mental_execution"
      }
    },
    {
      "text": "However, the first element of the first tuple is 0.76 (a float, which is hashable) and the second element is a list (which is unhashable).",
      "start_char": 1312,
      "end_char": 1450,
      "label": "code_analysis",
      "label_info": {
        "type": "code_analysis"
      }
    },
    {
      "text": "This will cause an error because dictionary keys must be hashable. Therefore, when we try to create the dictionary with keys being the values of the input dictionary, we have:\n   key: 0.76 -> value: 2\n   key: [3,6,9,12] -> value: 5\n\n But a list cannot be a key. So this step will fail with a TypeError.",
      "start_char": 1453,
      "end_char": 1757,
      "label": "code_analysis",
      "label_info": {
        "type": "code_analysis"
      }
    },
    {
      "text": "However, let me double-check the code: The function f1 returns {2: 0.76, 5: [3,6,9,12]}. Then f2 tries to create a dictionary with keys = [0.76, [3,6,9,12]] -> which includes a list -> unhashable type.",
      "start_char": 1760,
      "end_char": 1969,
      "label": "code_analysis",
      "label_info": {
        "type": "code_analysis"
      }
    },
    {
      "text": "Therefore, the code will crash at f2. But wait, the problem says: \"the given Python code, which may contain errors\", and we are to complete the assert statement with the output.",
      "start_char": 1972,
      "end_char": 2149,
      "label": "bug_fixing",
      "label_info": {
        "type": "bug_fixing"
      }
    },
    {
      "text": "However, note that the problem says: \"Do not output any extra information, even if the function is incorrect or incomplete.",
      "start_char": 2154,
      "end_char": 2277,
      "label": "code_analysis",
      "label_info": {
        "type": "code_analysis"
      }
    },
    {
      "text": "\"\n\n So we must simulate the entire chain and if there is an error, then the output of the entire expression would be an error? But the problem asks for the output when executing the code on the given test case.",
      "start_char": 2277,
      "end_char": 2487,
      "label": "mental_execution",
      "label_info": {
        "type": "mental_execution"
      }
    },
    {
      "text": "However, the problem says: \"complete the assert statement with the output\"\n\n But note: the assert statement is incomplete.",
      "start_char": 2492,
      "end_char": 2614,
      "label": "code_analysis",
      "label_info": {
        "type": "code_analysis"
      }
    },
    {
      "text": "We are to complete it with the value that the expression returns. But if there is an error, then the expression does not return a value; it raises an exception.",
      "start_char": 2615,
      "end_char": 2777,
      "label": "code_analysis",
      "label_info": {
        "type": "code_analysis"
      }
    },
    {
      "text": "However, the problem does not specify that we should output the exception.",
      "start_char": 2780,
      "end_char": 2854,
      "label": "bug_fixing",
      "label_info": {
        "type": "bug_fixing"
      }
    },
    {
      "text": "It says \"output when executing the code\". But the problem also says: \"If the output is a string, enclose it in single quotes.\" which implies that the output is a value.",
      "start_char": 2855,
      "end_char": 3023,
      "label": "mental_execution",
      "label_info": {
        "type": "mental_execution"
      }
    },
    {
      "text": "Let me reexamine the functions:\n\n In f1, note the condition: if isinstance(k, float).",
      "start_char": 3028,
      "end_char": 3113,
      "label": "code_analysis",
      "label_info": {
        "type": "code_analysis"
      }
    },
    {
      "text": "In the input, the keys are 2 and 5 (integers). So the condition is false for both. Therefore, f1 returns {2: 0.76, 5: [3,6,9,12]}. Now, in f2: \n   dic = {2: 0.76, 5: [3,6,9,12]}\n   dic.values() -> [0.76, [3,6,9,12]]\n   dic.keys() ->",
      "start_char": 3114,
      "end_char": 3350,
      "label": "mental_execution",
      "label_info": {
        "type": "mental_execution"
      }
    },
    {
      "text": "[2,5]\n\n   Then, dict(zip([0.76, [3,6,9,12]], [2,5])) This tries to create a dictionary:\n        {0.76: 2, [3,6,9,12]: 5} But the second key is a list -> unhashable -> TypeError. So the code will raise a TypeError at f2.",
      "start_char": 3351,
      "end_char": 3578,
      "label": "mental_execution",
      "label_info": {
        "type": "mental_execution"
      }
    },
    {
      "text": "However, the problem says: \"complete the assert statement with the output\". But note: the problem does not say that the code runs without error.",
      "start_char": 3583,
      "end_char": 3727,
      "label": "mental_execution",
      "label_info": {
        "type": "mental_execution"
      }
    },
    {
      "text": "It says \"which may contain errors\".",
      "start_char": 3731,
      "end_char": 3766,
      "label": "mental_execution",
      "label_info": {
        "type": "mental_execution"
      }
    },
    {
      "text": "How should we represent the output?",
      "start_char": 3769,
      "end_char": 3804,
      "label": "high_level_plan",
      "label_info": {
        "type": "high_level_plan"
      }
    },
    {
      "text": "The problem says \"output\", but in the context of an assert statement, if the expression raises an exception, then the assert statement would fail and the exception would be raised. But the problem does not specify that we are to run the code and see what happens.",
      "start_char": 3805,
      "end_char": 4068,
      "label": "mental_execution",
      "label_info": {
        "type": "mental_execution"
      }
    },
    {
      "text": "It says \"complete the assert statement with the output\".",
      "start_char": 4071,
      "end_char": 4127,
      "label": "code_analysis",
      "label_info": {
        "type": "code_analysis"
      }
    },
    {
      "text": "Alternatively, perhaps we are to assume that the code runs? But the list is unhashable.",
      "start_char": 4130,
      "end_char": 4217,
      "label": "code_analysis",
      "label_info": {
        "type": "code_analysis"
      }
    },
    {
      "text": "Let me check the functions again: f1:",
      "start_char": 4220,
      "end_char": 4257,
      "label": "code_analysis",
      "label_info": {
        "type": "code_analysis"
      }
    },
    {
      "text": "The condition checks if the key is a float.",
      "start_char": 4267,
      "end_char": 4310,
      "label": "code_analysis",
      "label_info": {
        "type": "code_analysis"
      }
    },
    {
      "text": "In the input, the keys are integers. So the condition is false. So we set result[2] = 0.76 and result[5] = [3,6,9,12]. f2:",
      "start_char": 4311,
      "end_char": 4438,
      "label": "mental_execution",
      "label_info": {
        "type": "mental_execution"
      }
    },
    {
      "text": "It tries to create a dictionary with keys from the values of the input dictionary.",
      "start_char": 4448,
      "end_char": 4530,
      "label": "code_analysis",
      "label_info": {
        "type": "code_analysis"
      }
    },
    {
      "text": "The value for key 5 is a list, which is unhashable.",
      "start_char": 4531,
      "end_char": 4582,
      "label": "code_analysis",
      "label_info": {
        "type": "code_analysis"
      }
    },
    {
      "text": "Therefore, the code will crash at f2. But note: the problem says \"Do not output any extra information\", and we are to complete the assert statement.",
      "start_char": 4587,
      "end_char": 4735,
      "label": "code_analysis",
      "label_info": {
        "type": "code_analysis"
      }
    },
    {
      "text": "However, the problem also says: \"even if the function is incorrect or incomplete\".",
      "start_char": 4740,
      "end_char": 4822,
      "label": "mental_execution",
      "label_info": {
        "type": "mental_execution"
      }
    },
    {
      "text": "Since the problem does not specify how to represent an error, and the expected output is a value (with the possibility of being a string, which we enclose in quotes), I suspect that the intended chain might be different. Let me reexamine the input to f1: {2: 0.76, 5: [3,6,9,12]}\n\n In f1, the condition is on the key being a float.",
      "start_char": 4826,
      "end_char": 5159,
      "label": "code_analysis",
      "label_info": {
        "type": "code_analysis"
      }
    },
    {
      "text": "The keys are 2 and 5, which are integers. So the condition is false. But what if the condition was meant to be on the value? The problem does not say. We must go by the code.",
      "start_char": 5160,
      "end_char": 5334,
      "label": "code_analysis",
      "label_info": {
        "type": "code_analysis"
      }
    },
    {
      "text": "Alternatively, note that the condition in f1 is: if isinstance(k, float).",
      "start_char": 5339,
      "end_char": 5412,
      "label": "code_analysis",
      "label_info": {
        "type": "code_analysis"
      }
    },
    {
      "text": "The key 2 is an integer, so not float. Similarly, 5 is an integer.",
      "start_char": 5413,
      "end_char": 5479,
      "label": "code_analysis",
      "label_info": {
        "type": "code_analysis"
      }
    },
    {
      "text": "Therefore, the code crashes at f2.",
      "start_char": 5482,
      "end_char": 5516,
      "label": "bug_fixing",
      "label_info": {
        "type": "bug_fixing"
      }
    },
    {
      "text": "However, let's look at the entire expression: f3(f2(f1(...)))",
      "start_char": 5519,
      "end_char": 5580,
      "label": "code_analysis",
      "label_info": {
        "type": "code_analysis"
      }
    },
    {
      "text": "Since f2 will crash, the entire expression will crash. So there is no return value. But the problem asks for the output of the function. How can we represent a crash?",
      "start_char": 5583,
      "end_char": 5749,
      "label": "mental_execution",
      "label_info": {
        "type": "mental_execution"
      }
    },
    {
      "text": "The problem says: \"complete the assert statement with the output\".",
      "start_char": 5755,
      "end_char": 5821,
      "label": "high_level_plan",
      "label_info": {
        "type": "high_level_plan"
      }
    },
    {
      "text": "Since the problem does not specify, and we are to output the value that the expression returns, and if it crashes then there is no value, we must assume that the problem expects the value if it runs without error.",
      "start_char": 5825,
      "end_char": 6038,
      "label": "mental_execution",
      "label_info": {
        "type": "mental_execution"
      }
    },
    {
      "text": "Alternatively, perhaps I misread the condition in f1?",
      "start_char": 6042,
      "end_char": 6095,
      "label": "code_analysis",
      "label_info": {
        "type": "code_analysis"
      }
    },
    {
      "text": "The condition is: if the key is a float.",
      "start_char": 6099,
      "end_char": 6139,
      "label": "code_analysis",
      "label_info": {
        "type": "code_analysis"
      }
    },
    {
      "text": "The input dictionary has keys 2 and 5, which are integers. So condition fails. But what if the value 0.76 is a float? But the condition is on the key, not the value.",
      "start_char": 6140,
      "end_char": 6305,
      "label": "mental_execution",
      "label_info": {
        "type": "mental_execution"
      }
    },
    {
      "text": "Another possibility: the function f1 might be intended to handle the value? But the code says \"if isinstance(k, float)\".",
      "start_char": 6310,
      "end_char": 6430,
      "label": "code_analysis",
      "label_info": {
        "type": "code_analysis"
      }
    },
    {
      "text": "Therefore, the code crashes at f2.",
      "start_char": 6433,
      "end_char": 6467,
      "label": "bug_fixing",
      "label_info": {
        "type": "bug_fixing"
      }
    },
    {
      "text": "However, note that the problem says: \"the given Python code, which may contain errors\". So we must report the error? But the problem says \"output when executing the code\".",
      "start_char": 6470,
      "end_char": 6641,
      "label": "mental_execution",
      "label_info": {
        "type": "mental_execution"
      }
    },
    {
      "text": "Since the problem does not specify how to represent an error, and the expected output for the assert is a value, I suspect that the intended interpretation might be that the condition in f1 is on the value?",
      "start_char": 6648,
      "end_char": 6854,
      "label": "code_analysis",
      "label_info": {
        "type": "code_analysis"
      }
    },
    {
      "text": "Let me read the condition again: \n   if isinstance(k, float): It is clearly on the key.",
      "start_char": 6858,
      "end_char": 6945,
      "label": "code_analysis",
      "label_info": {
        "type": "code_analysis"
      }
    },
    {
      "text": "Alternatively, perhaps the input dictionary has a float key? But the input is {2: 0.76, 5: [3,6,9,12]}.",
      "start_char": 6951,
      "end_char": 7054,
      "label": "mental_execution",
      "label_info": {
        "type": "mental_execution"
      }
    },
    {
      "text": "The keys are 2 and 5, which are integers. But note: in Python, the integer 2 and the float 2.0 are different.",
      "start_char": 7055,
      "end_char": 7164,
      "label": "code_analysis",
      "label_info": {
        "type": "code_analysis"
      }
    },
    {
      "text": "However, the input uses 2, which is an integer.",
      "start_char": 7167,
      "end_char": 7214,
      "label": "mental_execution",
      "label_info": {
        "type": "mental_execution"
      }
    },
    {
      "text": "Therefore, the condition in f1 is not triggered. So the code crashes at f2.",
      "start_char": 7217,
      "end_char": 7292,
      "label": "mental_execution",
      "label_info": {
        "type": "mental_execution"
      }
    },
    {
      "text": "However, let's consider the possibility that the function f1 is defined differently. The code for f1 is:\n\n   def f(d):\n      result = {}\n      for k, v in d.items():\n          if isinstance(k, float):\n              for i in v:\n                  result[i] = k\n          else:\n              result[k] = v\n      return result\n\n In the input, the first key is 2 (int) -> else branch: result[2] = 0.76. The second key is 5 (int) -> else branch: result[5] = [3,6,9,12]. So the output of f1 is {2: 0.76, 5: [3,6,9,12]}. Then f2 fails. But wait, what if the function f2 is defined to handle this? The function f2 is:\n\n   def f(dic):\n      dic2 = dict(zip(dic.values(), dic.keys()))",
      "start_char": 7297,
      "end_char": 7977,
      "label": "code_analysis",
      "label_info": {
        "type": "code_analysis"
      }
    },
    {
      "text": "return dic2\n\n This function is trying to use the values as keys. But a list is unhashable.",
      "start_char": 7984,
      "end_char": 8074,
      "label": "bug_fixing",
      "label_info": {
        "type": "bug_fixing"
      }
    },
    {
      "text": "Therefore, we must conclude that the code will raise a TypeError.",
      "start_char": 8077,
      "end_char": 8142,
      "label": "mental_execution",
      "label_info": {
        "type": "mental_execution"
      }
    },
    {
      "text": "However, the problem says: \"complete the assert statement with the output\".",
      "start_char": 8145,
      "end_char": 8220,
      "label": "code_analysis",
      "label_info": {
        "type": "code_analysis"
      }
    },
    {
      "text": "Since the problem does not specify how to represent an error, and the assert statement is expecting a value, I suspect that there might be a mistake in the interpretation.",
      "start_char": 8224,
      "end_char": 8395,
      "label": "bug_fixing",
      "label_info": {
        "type": "bug_fixing"
      }
    },
    {
      "text": "Let me try to run the code mentally for a different reason: \n\n  In f1, the value for key 5 is a list. In the else branch, we set result[5] = v, which is the list. Then in f2, we try to use that list as a key. That is not allowed. But note: the function f2 is called on the output of f1.",
      "start_char": 8398,
      "end_char": 8684,
      "label": "mental_execution",
      "label_info": {
        "type": "mental_execution"
      }
    },
    {
      "text": "Alternatively, perhaps the condition in f1 was meant to be on the value? Let me try that interpretation:\n\n  If we change the condition to check the value (v) instead of the key (k), then:\n\n   For the first item: k=2, v=0.76 -> isinstance(v, float) is True -> then we would do: for i in v: ... But 0.76 is a float, and it is not iterable.",
      "start_char": 8693,
      "end_char": 9030,
      "label": "code_analysis",
      "label_info": {
        "type": "code_analysis"
      }
    },
    {
      "text": "This would cause a TypeError: 'float' object is not iterable. So that also fails.",
      "start_char": 9040,
      "end_char": 9121,
      "label": "bug_fixing",
      "label_info": {
        "type": "bug_fixing"
      }
    },
    {
      "text": "Therefore, the code as written will fail at f2.",
      "start_char": 9127,
      "end_char": 9174,
      "label": "bug_fixing",
      "label_info": {
        "type": "bug_fixing"
      }
    },
    {
      "text": "Given the ambiguity, and since the problem says \"even if the function is incorrect or incomplete\", we must output the value that the expression evaluates to if it runs without error, but it doesn't. But the problem says: \"complete the assert statement\", meaning we have to write what would be on the right-hand side of the ==.",
      "start_char": 9177,
      "end_char": 9505,
      "label": "test_generation",
      "label_info": {
        "type": "test_generation"
      }
    },
    {
      "text": "However, if the code crashes, then the assert statement would not even get to compare, so we cannot write a value. This is a conundrum.",
      "start_char": 9508,
      "end_char": 9643,
      "label": "mental_execution",
      "label_info": {
        "type": "mental_execution"
      }
    },
    {
      "text": "Let me look at the entire problem again: \n   \"Based on the given Python code, which may contain errors, complete the assert statement with the output when executing the code on the given test case.\"\n\n   And: \"Do not output any extra information\"\n\n   And: \"If the output is a string, enclose it in single quotes.",
      "start_char": 9648,
      "end_char": 9959,
      "label": "high_level_plan",
      "label_info": {
        "type": "high_level_plan"
      }
    },
    {
      "text": "\"\n\n Since the code has an error, there is no output value. But the problem asks for the output.",
      "start_char": 9959,
      "end_char": 10054,
      "label": "bug_fixing",
      "label_info": {
        "type": "bug_fixing"
      }
    },
    {
      "text": "Alternatively, perhaps the function f1 is intended to unpack the list in the value when the key is not a float? But the code does not do that. Another possibility: the condition in f1 is on the key, but the key 5 is not a float, so we set result[5] = [3,6,9,12]. Then in f2, we try to use that list as a key, which fails. But note: the function f2 might be intended to work only with hashable values?",
      "start_char": 10057,
      "end_char": 10459,
      "label": "code_analysis",
      "label_info": {
        "type": "code_analysis"
      }
    },
    {
      "text": "Given the instructions, I think we must report that the code crashes.",
      "start_char": 10465,
      "end_char": 10534,
      "label": "mental_execution",
      "label_info": {
        "type": "mental_execution"
      }
    },
    {
      "text": "However, the problem format does not allow for extra information.",
      "start_char": 10535,
      "end_char": 10600,
      "label": "high_level_plan",
      "label_info": {
        "type": "high_level_plan"
      }
    },
    {
      "text": "Since the problem says \"output\", and if the code crashes, there is no output, but an exception is raised.",
      "start_char": 10603,
      "end_char": 10708,
      "label": "mental_execution",
      "label_info": {
        "type": "mental_execution"
      }
    },
    {
      "text": "The problem does not say to output the exception.",
      "start_char": 10709,
      "end_char": 10758,
      "label": "bug_fixing",
      "label_info": {
        "type": "bug_fixing"
      }
    },
    {
      "text": "Alternatively, perhaps the test case is different? The test case is: {2: 0.76, 5: [3, 6, 9, 12]}\n\n Let me try to run the code in my mind for a corrected version? But the problem says to use the given code.",
      "start_char": 10761,
      "end_char": 10966,
      "label": "mental_execution",
      "label_info": {
        "type": "mental_execution"
      }
    },
    {
      "text": "Given the instructions, I think the intended answer might be that the condition in f1 is on the value, but then we have the float not iterable error. But the problem does not say to correct the code.",
      "start_char": 10969,
      "end_char": 11168,
      "label": "bug_fixing",
      "label_info": {
        "type": "bug_fixing"
      }
    },
    {
      "text": "After re\u2010examining the functions, I notice that in f1, for the key 5, the value is a list. The condition is on the key, which is 5 (int) -> so we do the else branch: result[5] = [3,6,9,12]. Then in f2, we try to use [3,6,9,12] as a key -> unhashable type: 'list'\n\n So the code will raise a TypeError.",
      "start_char": 11173,
      "end_char": 11475,
      "label": "code_analysis",
      "label_info": {
        "type": "code_analysis"
      }
    },
    {
      "text": "How would this look in the assert statement?",
      "start_char": 11478,
      "end_char": 11522,
      "label": "language_mapping",
      "label_info": {
        "type": "language_mapping"
      }
    },
    {
      "text": "The assert statement would not complete. But the problem asks for the output of the function chain.",
      "start_char": 11523,
      "end_char": 11622,
      "label": "code_analysis",
      "label_info": {
        "type": "code_analysis"
      }
    },
    {
      "text": "Since it does not complete, there is no output.",
      "start_char": 11625,
      "end_char": 11672,
      "label": "mental_execution",
      "label_info": {
        "type": "mental_execution"
      }
    },
    {
      "text": "Given the instructions, I think we are to assume that the code runs to completion and output the final dictionary. But it doesn't.\n\n Let me try to see if there's any other interpretation.",
      "start_char": 11675,
      "end_char": 11862,
      "label": "mental_execution",
      "label_info": {
        "type": "mental_execution"
      }
    },
    {
      "text": "What if in f1, the key 5 is intended to be a float? But in the input, it is an integer. The input is given as: {2: 0.76, 5: [3, 6, 9, 12]}\n\n Unless the input has a float key, the condition won't trigger. But there is no float key.",
      "start_char": 11867,
      "end_char": 12099,
      "label": "test_generation",
      "label_info": {
        "type": "test_generation"
      }
    },
    {
      "text": "Therefore, I must conclude that the code will raise a TypeError.",
      "start_char": 12104,
      "end_char": 12168,
      "label": "mental_execution",
      "label_info": {
        "type": "mental_execution"
      }
    },
    {
      "text": "Since the problem does not specify how to represent an error, and the assert statement expects a value, I think there might be a mistake in the problem. However, let's read the functions again:\n\n  f3 is defined as:\n      def f(dictionary):\n          dictionary[1049] = 55\n          key, value = dictionary.popitem()\n          dictionary[key] = value\n          return dictionary\n\n  This function:\n      - adds a new key-value pair: 1049: 55\n      - then pops an item (which is arbitrary in Python versions before 3.7, but in 3.7+ it pops the last inserted)\n      - then puts that item back. But if the code crashes at f2, then f3 is never called.",
      "start_char": 12171,
      "end_char": 12818,
      "label": "code_analysis",
      "label_info": {
        "type": "code_analysis"
      }
    },
    {
      "text": "Therefore, the entire expression f3(f2(f1(...))) will crash at f2.",
      "start_char": 12824,
      "end_char": 12890,
      "label": "mental_execution",
      "label_info": {
        "type": "mental_execution"
      }
    },
    {
      "text": "Given the instructions, and since the problem says \"output\", and if there is an error there is no output, I think we are to output nothing? But the problem says \"complete the assert statement\", so we must write something.",
      "start_char": 12893,
      "end_char": 13114,
      "label": "mental_execution",
      "label_info": {
        "type": "mental_execution"
      }
    },
    {
      "text": "Let me try to see if there's a possibility that the list is not used as a key?",
      "start_char": 13120,
      "end_char": 13198,
      "label": "test_generation",
      "label_info": {
        "type": "test_generation"
      }
    },
    {
      "text": "In f2, the call to zip will create two tuples: (0.76, 2) and ([3,6,9,12], 5). Then dict() will try to create a dictionary from these. The first key-value: 0.76 -> 2 is fine. The second key-value: [3,6,9,12] -> 5 is not allowed. So the error is at the second mapping.",
      "start_char": 13202,
      "end_char": 13471,
      "label": "mental_execution",
      "label_info": {
        "type": "mental_execution"
      }
    },
    {
      "text": "Therefore, the code will crash.",
      "start_char": 13476,
      "end_char": 13507,
      "label": "mental_execution",
      "label_info": {
        "type": "mental_execution"
      }
    },
    {
      "text": "Given the above, and since the problem does not specify, I think the intended answer might be that the condition in f1 should have been on the value, and then we would have to handle the float differently. But the code as written for f1 has the condition on the key.",
      "start_char": 13510,
      "end_char": 13776,
      "label": "bug_fixing",
      "label_info": {
        "type": "bug_fixing"
      }
    },
    {
      "text": "Alternatively, perhaps the input is meant to have a float key? Let me try to change the input to see if it would work:\n\n  Suppose the input was: {2.0: [3,6,9,12], 5: 0.76} \n  Then in f1:\n      for k=2.0 (float), v=[3,6,9,12]: \n          for i in [3,6,9,12]: \n             result[3] = 2.0\n             result[6] = 2.0\n             result[9] = 2.0\n             result[12] = 2.0\n      for k=5 (int), v=0.76: result[5] = 0.76 So f1 returns {3:2.0, 6:2.0, 9:2.0, 12:2.0, 5:0.76}\n\n  Then f2: \n      keys = [2.0, 2.0, 2.0, 2.0, 0.76] and values = [3,6,9,12,5]\n      But note: duplicate keys! 2.0 appears multiple times. When building the dictionary, the last value for key 2.0 will be 12, so we would get {2.0: 12, 0.76: 5}\n\n  Then f3: Start with {2.0: 12, 0.76: 5} Add 1049:55 -> {2.0:12, 0.76:5, 1049:55}\n      popitem() -> in Python 3.7+, pops (1049,55) because it's the last inserted. Then set dictionary[1049] = 55 -> so we put it back. So we get {2.0:12, 0.76:5, 1049:55} But the input in the test case is not that.",
      "start_char": 13781,
      "end_char": 14837,
      "label": "mental_execution",
      "label_info": {
        "type": "mental_execution"
      }
    },
    {
      "text": "Given the test case is fixed, we must use the given input. Therefore, the code crashes.",
      "start_char": 14843,
      "end_char": 14930,
      "label": "mental_execution",
      "label_info": {
        "type": "mental_execution"
      }
    },
    {
      "text": "Since the problem asks for the output and we have to complete the assert statement, and if the code crashes there is no output, I think the problem might have a typo. But note: the problem says \"even if the function is incorrect or incomplete\", so we are to simulate as written.",
      "start_char": 14935,
      "end_char": 15213,
      "label": "mental_execution",
      "label_info": {
        "type": "mental_execution"
      }
    },
    {
      "text": "How about we output the string representation of the error? But the problem says if the output is a string, enclose in single quotes.",
      "start_char": 15218,
      "end_char": 15351,
      "label": "bug_fixing",
      "label_info": {
        "type": "bug_fixing"
      }
    },
    {
      "text": "For example, if we output the exception, it would be a string? But the exception is not a string, it's an object.",
      "start_char": 15354,
      "end_char": 15467,
      "label": "code_analysis",
      "label_info": {
        "type": "code_analysis"
      }
    },
    {
      "text": "Given the instructions, I think we are to output the value if it runs, and if it doesn't, then perhaps the problem expects us to output what the functions would return if the error was fixed in a particular way. But that is not specified. After careful thought, I notice that the function f1 might have a different behavior for the key 5: because the value is a list, and in the else branch we are setting result[5] = v, which is the list. Then in f2, we are using that list as a key, which is invalid. But what if in f1, for the key 5, we intended to do the same as for a float key?",
      "start_char": 15470,
      "end_char": 16057,
      "label": "code_analysis",
      "label_info": {
        "type": "code_analysis"
      }
    },
    {
      "text": "The condition is on the key, not the value. So unless the key is float, we don't unpack.",
      "start_char": 16063,
      "end_char": 16151,
      "label": "code_analysis",
      "label_info": {
        "type": "code_analysis"
      }
    },
    {
      "text": "Therefore, the code is as written and will crash.",
      "start_char": 16156,
      "end_char": 16205,
      "label": "mental_execution",
      "label_info": {
        "type": "mental_execution"
      }
    },
    {
      "text": "Given the above, and since the problem asks for the output, and there is none, I think the only thing we can do is to note that the code crashes and therefore there is no output.",
      "start_char": 16208,
      "end_char": 16386,
      "label": "mental_execution",
      "label_info": {
        "type": "mental_execution"
      }
    },
    {
      "text": "However, the problem requires an answer.",
      "start_char": 16390,
      "end_char": 16430,
      "label": "empty",
      "label_info": {
        "type": "empty"
      }
    },
    {
      "text": "Perhaps the problem expects us to assume that the list is somehow allowed as a key? But it's not.",
      "start_char": 16433,
      "end_char": 16530,
      "label": "bug_fixing",
      "label_info": {
        "type": "bug_fixing"
      }
    },
    {
      "text": "Or perhaps in some Python implementations, lists are hashable by their id? But they are not.",
      "start_char": 16533,
      "end_char": 16625,
      "label": "mental_execution",
      "label_info": {
        "type": "mental_execution"
      }
    },
    {
      "text": "Therefore, I must output something that represents the error. But the problem does not allow extra information.",
      "start_char": 16628,
      "end_char": 16739,
      "label": "high_level_plan",
      "label_info": {
        "type": "high_level_plan"
      }
    },
    {
      "text": "One last idea: the function f2 might be intended to work only with hashable values, but the problem doesn't change that.",
      "start_char": 16742,
      "end_char": 16862,
      "label": "bug_fixing",
      "label_info": {
        "type": "bug_fixing"
      }
    },
    {
      "text": "Given the instructions, I think we are to output the final dictionary if it runs, and if not, then perhaps the error occurs in a way that part of the chain is completed. But it's not.",
      "start_char": 16865,
      "end_char": 17048,
      "label": "mental_execution",
      "label_info": {
        "type": "mental_execution"
      }
    },
    {
      "text": "I think there is a mistake in the problem or in our understanding. Let me try to run the code in a Python interpreter mentally for the given input up to the point of f2:\n\n  f1_output = {2: 0.76, 5: [3,6,9,12]}\n\n  f2_input = f1_output\n\n  f2 does: \n      values = [0.76, [3,6,9,12]]\n      keys = [2,5]\n      zip_object = zip([0.76, [3,6,9,12]], [2,5]) -> gives an iterator of: (0.76, 2) and ([3,6,9,12], 5)\n\n  Then dict() tries to build:\n      first: key=0.76, value=2 -> okay. second: key=[3,6,9,12] -> unhashable type. So it raises a TypeError.",
      "start_char": 17053,
      "end_char": 17605,
      "label": "mental_execution",
      "label_info": {
        "type": "mental_execution"
      }
    },
    {
      "text": "Therefore, the expression f2(f1(...)) raises a TypeError, and then f3 is not called. So the entire expression raises a TypeError.",
      "start_char": 17611,
      "end_char": 17740,
      "label": "mental_execution",
      "label_info": {
        "type": "mental_execution"
      }
    },
    {
      "text": "Since the assert statement is not completed, and we are to complete it with the output, and the output is not defined, we cannot write a value.",
      "start_char": 17745,
      "end_char": 17888,
      "label": "code_analysis",
      "label_info": {
        "type": "code_analysis"
      }
    },
    {
      "text": "Given the instructions, I think the problem might have a different test case in mind.",
      "start_char": 17891,
      "end_char": 17976,
      "label": "test_generation",
      "label_info": {
        "type": "test_generation"
      }
    },
    {
      "text": "Let me try to see if the condition in f1 is on the value by accident?",
      "start_char": 17979,
      "end_char": 18048,
      "label": "code_analysis",
      "label_info": {
        "type": "code_analysis"
      }
    },
    {
      "text": "In the function f1, the condition is: if isinstance(k, float) But in the input, the value 0.76 is a float, and the key 2 is not. So if the condition was on the value, we would have:\n\n      for the first item: k=2, v=0.76 -> condition on v: if isinstance(v, float) -> True. then we do: for i in v: ... -> i in 0.76? -> TypeError: 'float' object is not iterable. So that also fails.",
      "start_char": 18053,
      "end_char": 18449,
      "label": "mental_execution",
      "label_info": {
        "type": "mental_execution"
      }
    },
    {
      "text": "Therefore, the only way the code could run is if the value for the key 5 is not a list or if the key 5 is a float.",
      "start_char": 18455,
      "end_char": 18569,
      "label": "code_analysis",
      "label_info": {
        "type": "code_analysis"
      }
    },
    {
      "text": "Since the test case is given, and it is not, the code will crash.",
      "start_char": 18572,
      "end_char": 18637,
      "label": "mental_execution",
      "label_info": {
        "type": "mental_execution"
      }
    },
    {
      "text": "Given the above, and since the problem asks for the output, and we must provide something, I will assume that the intended condition in f1 is on the value, and then for the float value we have a float which is not iterable, so that also crashes. So both interpretations crash.",
      "start_char": 18640,
      "end_char": 18916,
      "label": "mental_execution",
      "label_info": {
        "type": "mental_execution"
      }
    },
    {
      "text": "Therefore, the code has errors and does not run to completion. But the problem says \"even if the function is incorrect or incomplete\", so we are to output what? The problem does not say.",
      "start_char": 18921,
      "end_char": 19107,
      "label": "mental_execution",
      "label_info": {
        "type": "mental_execution"
      }
    },
    {
      "text": "I think the only thing we can do is to output the string representation of the error, but enclosed in quotes if it is a string.",
      "start_char": 19115,
      "end_char": 19242,
      "label": "high_level_plan",
      "label_info": {
        "type": "high_level_plan"
      }
    },
    {
      "text": "The error in f2 is a TypeError: unhashable type: 'list'\n\n So perhaps output: 'TypeError: unhashable type: \\'list\\''\n\n But note: the problem says \"output when executing the code\", and that is what would be printed if we run it in a REPL? But in a script, it would be an exception.",
      "start_char": 19245,
      "end_char": 19524,
      "label": "bug_fixing",
      "label_info": {
        "type": "bug_fixing"
      }
    },
    {
      "text": "However, the assert statement is in code, so it would raise the exception. Given the instructions, and since the problem says \"complete the assert statement\", which is:\n\n   assert f3(f2(f1({2: 0.76, 5: [3, 6, 9, 12]}))) == <something>\n\n and if the left-hand side raises an exception, the assert will fail with that exception. But the problem asks for the output of the function chain, not for the assert.",
      "start_char": 19527,
      "end_char": 19933,
      "label": "code_analysis",
      "label_info": {
        "type": "code_analysis"
      }
    },
    {
      "text": "I think we are to output the value that the expression evaluates to, and if it doesn't evaluate to a value, then it doesn't.",
      "start_char": 19938,
      "end_char": 20062,
      "label": "high_level_plan",
      "label_info": {
        "type": "high_level_plan"
      }
    },
    {
      "text": "Given the instructions, I will output the string representation of the error.",
      "start_char": 20065,
      "end_char": 20142,
      "label": "high_level_plan",
      "label_info": {
        "type": "high_level_plan"
      }
    },
    {
      "text": "So: 'TypeError'\n\n But note: the exact error is: \"TypeError: unhashable type: 'list'\"\n\n So perhaps: 'TypeError: unhashable type: \\'list\\''\n\n However, the problem says \"output\", and in Python, when an exception occurs and is not caught, it prints the error message. But the problem says \"output when executing the code\", which would be the error message to stderr.",
      "start_char": 20145,
      "end_char": 20507,
      "label": "code_analysis",
      "label_info": {
        "type": "code_analysis"
      }
    },
    {
      "text": "However, the assert statement expects a value to compare.",
      "start_char": 20512,
      "end_char": 20569,
      "label": "bug_fixing",
      "label_info": {
        "type": "bug_fixing"
      }
    },
    {
      "text": "Given the complexity, and since the problem is likely to have a typo, I think the intended test case might have the key 5 as a float. Let me try that: \n\n  Input: {2: 0.76, 5.0: [3,6,9,12]}\n\n  f1:\n      first item: k=2 (int) -> else branch: result[2] = 0.76.\n      second item: k=5.0 (float) -> then for i in [3,6,9,12]: \n          result[3] = 5.0\n          result[6] = 5.0\n          result[9] = 5.0\n          result[12] = 5.0\n\n      So f1 returns {2:0.76, 3:5.0, 6:5.0, 9:5.0, 12:5.0}\n\n  f2:\n      keys = [0.76, 5.0, 5.0, 5.0, 5.0] \n      values = [2, 3, 6, 9, 12]\n      But note: duplicate keys! 5.0 appears multiple times. The last value for key 5.0 will be 12, so the dictionary will have: {0.76:2, 5.0:12}\n\n      So f2 returns {0.76:2, 5.0:12}\n\n  f3:\n      Start with {0.76:2, 5.0:12} Add 1049:55 -> {0.76:2, 5.0:12, 1049:55}\n      popitem() -> in Python 3.7+, it will remove the last item: (1049,55)\n      Then set dictionary[1049] = 55 -> so we put it back. So we return {0.76:2, 5.0:12, 1049:55}\n\n  Then the assert statement would be:\n\n      assert f3(f2(f1({2: 0.76, 5: [3,6,9,12]}))) == {0.76:2, 5.0:12, 1049:55}\n\n  But wait, the input in the test case has key 5 as an integer, not float. So unless the test case is {2: 0.76, 5.0: [3,6,9,12]}, we get a crash.",
      "start_char": 20572,
      "end_char": 21867,
      "label": "mental_execution",
      "label_info": {
        "type": "mental_execution"
      }
    },
    {
      "text": "Given the test case is written as 5 (integer), we must use that.",
      "start_char": 21870,
      "end_char": 21934,
      "label": "test_generation",
      "label_info": {
        "type": "test_generation"
      }
    },
    {
      "text": "Therefore, I think the problem might have a typo in the test case or in the functions.",
      "start_char": 21937,
      "end_char": 22023,
      "label": "bug_fixing",
      "label_info": {
        "type": "bug_fixing"
      }
    },
    {
      "text": "Given the above, and since the problem asks for the output for the given test case, and the given test case as written will crash, I will output the error string. So I will output: 'TypeError: unhashable type: 'list''\n\n But note: in the output, we must use single quotes. So we escape the inner single quotes.",
      "start_char": 22026,
      "end_char": 22335,
      "label": "mental_execution",
      "label_info": {
        "type": "mental_execution"
      }
    },
    {
      "text": "So: 'TypeError: unhashable type: \\'list\\''",
      "start_char": 22340,
      "end_char": 22382,
      "label": "bug_fixing",
      "label_info": {
        "type": "bug_fixing"
      }
    },
    {
      "text": "However, the problem might not want the entire string, but only the type. But the error message is part of the exception.",
      "start_char": 22385,
      "end_char": 22506,
      "label": "code_analysis",
      "label_info": {
        "type": "code_analysis"
      }
    },
    {
      "text": "Given the instructions, and since this is the only output we see when running, I think this is it. But note: in the function f2, the error occurs at the line:\n\n   dic2 = dict(zip(dic.values(), dic.keys())) So the error is in the dict constructor when it tries to use the list as a key.",
      "start_char": 22511,
      "end_char": 22798,
      "label": "bug_fixing",
      "label_info": {
        "type": "bug_fixing"
      }
    },
    {
      "text": "Therefore, I will output: 'TypeError'\n\n or the full message. The problem does not specify.",
      "start_char": 22803,
      "end_char": 22893,
      "label": "mental_execution",
      "label_info": {
        "type": "mental_execution"
      }
    },
    {
      "text": "Since the problem says \"output\", and the output to stderr would be:\n\n   Traceback (most recent call last):\n     File \"<stdin>\", line 1, in <module>\n     File \"<stdin>\", line 2, in f\n   TypeError: unhashable type: 'list'\n\n So the last line is: \"TypeError: unhashable type: 'list'\"\n\n So the output (as in the last line of the error) is: \"TypeError: unhashable type: 'list'\"\n\n Therefore, I will output: 'TypeError: unhashable type: \\'list\\''\n\n But note: the problem says \"output when executing the code\", and if we run the entire expression in a REPL, that is what would be printed as the error. So I think that is the output.",
      "start_char": 22898,
      "end_char": 23521,
      "label": "mental_execution",
      "label_info": {
        "type": "mental_execution"
      }
    },
    {
      "text": "Therefore, for the assert statement, we are to write the string that is the error message. So the completed assert statement would be:\n\n   assert ... == 'TypeError: unhashable type: \\'list\\''\n\n However, the problem says: \"Only return the output of the function without any other information and assert statement.",
      "start_char": 23526,
      "end_char": 23840,
      "label": "code_analysis",
      "label_info": {
        "type": "code_analysis"
      }
    },
    {
      "text": "\"\n\n So we only return: 'TypeError: unhashable type: \\'list\\''\n\n But wait, the output of the function chain is not a string, it is an exception.",
      "start_char": 23840,
      "end_char": 23983,
      "label": "code_analysis",
      "label_info": {
        "type": "code_analysis"
      }
    },
    {
      "text": "However, the problem asks for the output when executing the code, which in a terminal would be that string to stderr.",
      "start_char": 23984,
      "end_char": 24101,
      "label": "mental_execution",
      "label_info": {
        "type": "mental_execution"
      }
    },
    {
      "text": "Given the instructions, I will output that string. So the answer is: 'TypeError: unhashable type: \\'list\\''",
      "start_char": 24104,
      "end_char": 24211,
      "label": "mental_execution",
      "label_info": {
        "type": "mental_execution"
      }
    }
  ],
  "original_reasoning": "We are given three functions: f1, f2, f3 (named as f in the code but we'll refer by the variable names given in the comments)\n We are to compute: f3(f2(f1({2: 0.76, 5: [3, 6, 9, 12]})))\n\n Let's break it down step by step.\n\n Step 1: Compute f1({2: 0.76, 5: [3, 6, 9, 12]})\n\n The function f1(d) does:\n   result = {}\n   for k, v in d.items():\n        if isinstance(k, float):   # Check if key k is a float\n            for i in v:            # Then for each element i in the list v, set result[i] = k\n                result[i] = k\n        else:\n            result[k] = v          # Otherwise, set result[k] = v\n\n In the input dictionary: {2: 0.76, 5: [3, 6, 9, 12]}\n   First item: k=2 (int, not float), v=0.76 -> result[2] = 0.76\n   Second item: k=5 (int, not float), v=[3,6,9,12] -> result[5] = [3,6,9,12]\n\n Therefore, f1 returns: {2: 0.76, 5: [3, 6, 9, 12]}\n\n Step 2: Compute f2 on the result of f1.\n\n The function f2(dic) does:\n   dic2 = dict(zip(dic.values(), dic.keys()))\n   return dic2\n\n So, it swaps keys and values by zipping the values and keys.\n\n Input to f2: {2: 0.76, 5: [3, 6, 9, 12]}\n\n Let's break the dictionary:\n   keys: [2, 5]\n   values: [0.76, [3,6,9,12]]\n\n Then, zip(values, keys) gives:\n   (0.76, 2) and ([3,6,9,12], 5)\n\n But note: when building a dictionary, keys must be unique and hashable. \n However, the first element of the first tuple is 0.76 (a float, which is hashable) and the second element is a list (which is unhashable). \n This will cause an error because dictionary keys must be hashable.\n\n Therefore, when we try to create the dictionary with keys being the values of the input dictionary, we have:\n   key: 0.76 -> value: 2\n   key: [3,6,9,12] -> value: 5\n\n But a list cannot be a key. So this step will fail with a TypeError.\n\n However, let me double-check the code: \n   The function f1 returns {2: 0.76, 5: [3,6,9,12]}. \n   Then f2 tries to create a dictionary with keys = [0.76, [3,6,9,12]] -> which includes a list -> unhashable type.\n\n Therefore, the code will crash at f2.\n\n But wait, the problem says: \"the given Python code, which may contain errors\", and we are to complete the assert statement with the output.\n\n However, note that the problem says: \"Do not output any extra information, even if the function is incorrect or incomplete.\"\n\n So we must simulate the entire chain and if there is an error, then the output of the entire expression would be an error? \n But the problem asks for the output when executing the code on the given test case.\n\n However, the problem says: \"complete the assert statement with the output\"\n\n But note: the assert statement is incomplete. We are to complete it with the value that the expression returns.\n\n But if there is an error, then the expression does not return a value; it raises an exception.\n\n However, the problem does not specify that we should output the exception. It says \"output when executing the code\".\n\n But the problem also says: \"If the output is a string, enclose it in single quotes.\" which implies that the output is a value.\n\n Let me reexamine the functions:\n\n In f1, note the condition: if isinstance(k, float). In the input, the keys are 2 and 5 (integers). So the condition is false for both.\n\n Therefore, f1 returns {2: 0.76, 5: [3,6,9,12]}.\n\n Now, in f2: \n   dic = {2: 0.76, 5: [3,6,9,12]}\n   dic.values() -> [0.76, [3,6,9,12]]\n   dic.keys() -> [2,5]\n\n   Then, dict(zip([0.76, [3,6,9,12]], [2,5])) \n   This tries to create a dictionary:\n        {0.76: 2, [3,6,9,12]: 5}\n\n   But the second key is a list -> unhashable -> TypeError.\n\n So the code will raise a TypeError at f2.\n\n However, the problem says: \"complete the assert statement with the output\". \n\n But note: the problem does not say that the code runs without error. It says \"which may contain errors\".\n\n How should we represent the output? The problem says \"output\", but in the context of an assert statement, if the expression raises an exception, then the assert statement would fail and the exception would be raised.\n\n But the problem does not specify that we are to run the code and see what happens. It says \"complete the assert statement with the output\".\n\n Alternatively, perhaps we are to assume that the code runs? But the list is unhashable.\n\n Let me check the functions again: \n\n  f1: \n    The condition checks if the key is a float. In the input, the keys are integers. So the condition is false. \n    So we set result[2] = 0.76 and result[5] = [3,6,9,12]. \n\n  f2: \n    It tries to create a dictionary with keys from the values of the input dictionary. The value for key 5 is a list, which is unhashable. \n\n  Therefore, the code will crash at f2.\n\n But note: the problem says \"Do not output any extra information\", and we are to complete the assert statement.\n\n However, the problem also says: \"even if the function is incorrect or incomplete\". \n\n Since the problem does not specify how to represent an error, and the expected output is a value (with the possibility of being a string, which we enclose in quotes), I suspect that the intended chain might be different.\n\n Let me reexamine the input to f1: {2: 0.76, 5: [3,6,9,12]}\n\n In f1, the condition is on the key being a float. The keys are 2 and 5, which are integers. So the condition is false.\n\n But what if the condition was meant to be on the value? The problem does not say. We must go by the code.\n\n Alternatively, note that the condition in f1 is: if isinstance(k, float). The key 2 is an integer, so not float. Similarly, 5 is an integer.\n\n Therefore, the code crashes at f2.\n\n However, let's look at the entire expression: f3(f2(f1(...)))\n\n Since f2 will crash, the entire expression will crash. So there is no return value.\n\n But the problem asks for the output of the function. How can we represent a crash? \n\n The problem says: \"complete the assert statement with the output\". \n\n Since the problem does not specify, and we are to output the value that the expression returns, and if it crashes then there is no value, we must assume that the problem expects the value if it runs without error. \n\n Alternatively, perhaps I misread the condition in f1? \n\n The condition is: if the key is a float. The input dictionary has keys 2 and 5, which are integers. So condition fails.\n\n But what if the value 0.76 is a float? But the condition is on the key, not the value.\n\n Another possibility: the function f1 might be intended to handle the value? But the code says \"if isinstance(k, float)\".\n\n Therefore, the code crashes at f2.\n\n However, note that the problem says: \"the given Python code, which may contain errors\". \n\n So we must report the error? But the problem says \"output when executing the code\". \n\n Since the problem does not specify how to represent an error, and the expected output for the assert is a value, I suspect that the intended interpretation might be that the condition in f1 is on the value? \n\n Let me read the condition again: \n   if isinstance(k, float): \n\n It is clearly on the key.\n\n Alternatively, perhaps the input dictionary has a float key? But the input is {2: 0.76, 5: [3,6,9,12]}. The keys are 2 and 5, which are integers.\n\n But note: in Python, the integer 2 and the float 2.0 are different. However, the input uses 2, which is an integer.\n\n Therefore, the condition in f1 is not triggered.\n\n So the code crashes at f2.\n\n However, let's consider the possibility that the function f1 is defined differently. The code for f1 is:\n\n   def f(d):\n      result = {}\n      for k, v in d.items():\n          if isinstance(k, float):\n              for i in v:\n                  result[i] = k\n          else:\n              result[k] = v\n      return result\n\n In the input, the first key is 2 (int) -> else branch: result[2] = 0.76.\n The second key is 5 (int) -> else branch: result[5] = [3,6,9,12].\n\n So the output of f1 is {2: 0.76, 5: [3,6,9,12]}.\n\n Then f2 fails.\n\n But wait, what if the function f2 is defined to handle this? The function f2 is:\n\n   def f(dic):\n      dic2 = dict(zip(dic.values(), dic.keys()))\n      return dic2\n\n This function is trying to use the values as keys. But a list is unhashable.\n\n Therefore, we must conclude that the code will raise a TypeError.\n\n However, the problem says: \"complete the assert statement with the output\". \n\n Since the problem does not specify how to represent an error, and the assert statement is expecting a value, I suspect that there might be a mistake in the interpretation.\n\n Let me try to run the code mentally for a different reason: \n\n  In f1, the value for key 5 is a list. In the else branch, we set result[5] = v, which is the list.\n\n  Then in f2, we try to use that list as a key. That is not allowed.\n\n But note: the function f2 is called on the output of f1. \n\n Alternatively, perhaps the condition in f1 was meant to be on the value? Let me try that interpretation:\n\n  If we change the condition to check the value (v) instead of the key (k), then:\n\n   For the first item: k=2, v=0.76 -> isinstance(v, float) is True -> then we would do: for i in v: ... \n        But 0.76 is a float, and it is not iterable. This would cause a TypeError: 'float' object is not iterable.\n\n  So that also fails.\n\n Therefore, the code as written will fail at f2.\n\n Given the ambiguity, and since the problem says \"even if the function is incorrect or incomplete\", we must output the value that the expression evaluates to if it runs without error, but it doesn't.\n\n But the problem says: \"complete the assert statement\", meaning we have to write what would be on the right-hand side of the ==.\n\n However, if the code crashes, then the assert statement would not even get to compare, so we cannot write a value.\n\n This is a conundrum.\n\n Let me look at the entire problem again: \n   \"Based on the given Python code, which may contain errors, complete the assert statement with the output when executing the code on the given test case.\"\n\n   And: \"Do not output any extra information\"\n\n   And: \"If the output is a string, enclose it in single quotes.\"\n\n Since the code has an error, there is no output value. But the problem asks for the output.\n\n Alternatively, perhaps the function f1 is intended to unpack the list in the value when the key is not a float? But the code does not do that.\n\n Another possibility: the condition in f1 is on the key, but the key 5 is not a float, so we set result[5] = [3,6,9,12]. Then in f2, we try to use that list as a key, which fails.\n\n But note: the function f2 might be intended to work only with hashable values? \n\n Given the instructions, I think we must report that the code crashes. However, the problem format does not allow for extra information.\n\n Since the problem says \"output\", and if the code crashes, there is no output, but an exception is raised. The problem does not say to output the exception.\n\n Alternatively, perhaps the test case is different? The test case is: {2: 0.76, 5: [3, 6, 9, 12]}\n\n Let me try to run the code in my mind for a corrected version? But the problem says to use the given code.\n\n Given the instructions, I think the intended answer might be that the condition in f1 is on the value, but then we have the float not iterable error.\n\n But the problem does not say to correct the code.\n\n After re\u2010examining the functions, I notice that in f1, for the key 5, the value is a list. The condition is on the key, which is 5 (int) -> so we do the else branch: result[5] = [3,6,9,12].\n\n Then in f2, we try to use [3,6,9,12] as a key -> unhashable type: 'list'\n\n So the code will raise a TypeError.\n\n How would this look in the assert statement? The assert statement would not complete.\n\n But the problem asks for the output of the function chain. Since it does not complete, there is no output.\n\n Given the instructions, I think we are to assume that the code runs to completion and output the final dictionary.\n\n But it doesn't.\n\n Let me try to see if there's any other interpretation.\n\n What if in f1, the key 5 is intended to be a float? But in the input, it is an integer.\n\n The input is given as: {2: 0.76, 5: [3, 6, 9, 12]}\n\n Unless the input has a float key, the condition won't trigger.\n\n But there is no float key.\n\n Therefore, I must conclude that the code will raise a TypeError.\n\n Since the problem does not specify how to represent an error, and the assert statement expects a value, I think there might be a mistake in the problem.\n\n However, let's read the functions again:\n\n  f3 is defined as:\n      def f(dictionary):\n          dictionary[1049] = 55\n          key, value = dictionary.popitem()\n          dictionary[key] = value\n          return dictionary\n\n  This function:\n      - adds a new key-value pair: 1049: 55\n      - then pops an item (which is arbitrary in Python versions before 3.7, but in 3.7+ it pops the last inserted)\n      - then puts that item back.\n\n  But if the code crashes at f2, then f3 is never called.\n\n Therefore, the entire expression f3(f2(f1(...))) will crash at f2.\n\n Given the instructions, and since the problem says \"output\", and if there is an error there is no output, I think we are to output nothing? \n\n But the problem says \"complete the assert statement\", so we must write something.\n\n Let me try to see if there's a possibility that the list is not used as a key? \n\n In f2, the call to zip will create two tuples: (0.76, 2) and ([3,6,9,12], 5). Then dict() will try to create a dictionary from these.\n\n The first key-value: 0.76 -> 2 is fine.\n The second key-value: [3,6,9,12] -> 5 is not allowed.\n\n So the error is at the second mapping.\n\n Therefore, the code will crash.\n\n Given the above, and since the problem does not specify, I think the intended answer might be that the condition in f1 should have been on the value, and then we would have to handle the float differently.\n\n But the code as written for f1 has the condition on the key.\n\n Alternatively, perhaps the input is meant to have a float key? Let me try to change the input to see if it would work:\n\n  Suppose the input was: {2.0: [3,6,9,12], 5: 0.76} \n  Then in f1:\n      for k=2.0 (float), v=[3,6,9,12]: \n          for i in [3,6,9,12]: \n             result[3] = 2.0\n             result[6] = 2.0\n             result[9] = 2.0\n             result[12] = 2.0\n      for k=5 (int), v=0.76: \n          result[5] = 0.76\n\n      So f1 returns {3:2.0, 6:2.0, 9:2.0, 12:2.0, 5:0.76}\n\n  Then f2: \n      keys = [2.0, 2.0, 2.0, 2.0, 0.76] and values = [3,6,9,12,5]\n      But note: duplicate keys! 2.0 appears multiple times. When building the dictionary, the last value for key 2.0 will be 12, so we would get {2.0: 12, 0.76: 5}\n\n  Then f3:\n      Start with {2.0: 12, 0.76: 5}\n      Add 1049:55 -> {2.0:12, 0.76:5, 1049:55}\n      popitem() -> in Python 3.7+, pops (1049,55) because it's the last inserted.\n      Then set dictionary[1049] = 55 -> so we put it back.\n      So we get {2.0:12, 0.76:5, 1049:55}\n\n  But the input in the test case is not that.\n\n Given the test case is fixed, we must use the given input.\n\n Therefore, the code crashes.\n\n Since the problem asks for the output and we have to complete the assert statement, and if the code crashes there is no output, I think the problem might have a typo.\n\n But note: the problem says \"even if the function is incorrect or incomplete\", so we are to simulate as written.\n\n How about we output the string representation of the error? But the problem says if the output is a string, enclose in single quotes.\n\n For example, if we output the exception, it would be a string? But the exception is not a string, it's an object.\n\n Given the instructions, I think we are to output the value if it runs, and if it doesn't, then perhaps the problem expects us to output what the functions would return if the error was fixed in a particular way.\n\n But that is not specified.\n\n After careful thought, I notice that the function f1 might have a different behavior for the key 5: because the value is a list, and in the else branch we are setting result[5] = v, which is the list. \n\n Then in f2, we are using that list as a key, which is invalid.\n\n But what if in f1, for the key 5, we intended to do the same as for a float key? The condition is on the key, not the value.\n\n So unless the key is float, we don't unpack.\n\n Therefore, the code is as written and will crash.\n\n Given the above, and since the problem asks for the output, and there is none, I think the only thing we can do is to note that the code crashes and therefore there is no output. \n\n However, the problem requires an answer.\n\n Perhaps the problem expects us to assume that the list is somehow allowed as a key? But it's not.\n\n Or perhaps in some Python implementations, lists are hashable by their id? But they are not.\n\n Therefore, I must output something that represents the error. But the problem does not allow extra information.\n\n One last idea: the function f2 might be intended to work only with hashable values, but the problem doesn't change that.\n\n Given the instructions, I think we are to output the final dictionary if it runs, and if not, then perhaps the error occurs in a way that part of the chain is completed.\n\n But it's not.\n\n I think there is a mistake in the problem or in our understanding.\n\n Let me try to run the code in a Python interpreter mentally for the given input up to the point of f2:\n\n  f1_output = {2: 0.76, 5: [3,6,9,12]}\n\n  f2_input = f1_output\n\n  f2 does: \n      values = [0.76, [3,6,9,12]]\n      keys = [2,5]\n      zip_object = zip([0.76, [3,6,9,12]], [2,5]) -> gives an iterator of: (0.76, 2) and ([3,6,9,12], 5)\n\n  Then dict() tries to build:\n      first: key=0.76, value=2 -> okay.\n      second: key=[3,6,9,12] -> unhashable type.\n\n  So it raises a TypeError.\n\n Therefore, the expression f2(f1(...)) raises a TypeError, and then f3 is not called.\n\n So the entire expression raises a TypeError.\n\n Since the assert statement is not completed, and we are to complete it with the output, and the output is not defined, we cannot write a value.\n\n Given the instructions, I think the problem might have a different test case in mind.\n\n Let me try to see if the condition in f1 is on the value by accident? \n\n  In the function f1, the condition is: if isinstance(k, float)\n\n  But in the input, the value 0.76 is a float, and the key 2 is not.\n\n  So if the condition was on the value, we would have:\n\n      for the first item: k=2, v=0.76 -> condition on v: if isinstance(v, float) -> True.\n          then we do: for i in v: ... -> i in 0.76? -> TypeError: 'float' object is not iterable.\n\n  So that also fails.\n\n Therefore, the only way the code could run is if the value for the key 5 is not a list or if the key 5 is a float.\n\n Since the test case is given, and it is not, the code will crash.\n\n Given the above, and since the problem asks for the output, and we must provide something, I will assume that the intended condition in f1 is on the value, and then for the float value we have a float which is not iterable, so that also crashes.\n\n So both interpretations crash.\n\n Therefore, the code has errors and does not run to completion.\n\n But the problem says \"even if the function is incorrect or incomplete\", so we are to output what? \n\n The problem does not say.\n\n I think the only thing we can do is to output the string representation of the error, but enclosed in quotes if it is a string.\n\n The error in f2 is a TypeError: unhashable type: 'list'\n\n So perhaps output: 'TypeError: unhashable type: \\'list\\''\n\n But note: the problem says \"output when executing the code\", and that is what would be printed if we run it in a REPL? But in a script, it would be an exception.\n\n However, the assert statement is in code, so it would raise the exception.\n\n Given the instructions, and since the problem says \"complete the assert statement\", which is:\n\n   assert f3(f2(f1({2: 0.76, 5: [3, 6, 9, 12]}))) == <something>\n\n and if the left-hand side raises an exception, the assert will fail with that exception.\n\n But the problem asks for the output of the function chain, not for the assert.\n\n I think we are to output the value that the expression evaluates to, and if it doesn't evaluate to a value, then it doesn't.\n\n Given the instructions, I will output the string representation of the error.\n\n So: 'TypeError'\n\n But note: the exact error is: \"TypeError: unhashable type: 'list'\"\n\n So perhaps: 'TypeError: unhashable type: \\'list\\''\n\n However, the problem says \"output\", and in Python, when an exception occurs and is not caught, it prints the error message.\n\n But the problem says \"output when executing the code\", which would be the error message to stderr.\n\n However, the assert statement expects a value to compare.\n\n Given the complexity, and since the problem is likely to have a typo, I think the intended test case might have the key 5 as a float.\n\n Let me try that: \n\n  Input: {2: 0.76, 5.0: [3,6,9,12]}\n\n  f1:\n      first item: k=2 (int) -> else branch: result[2] = 0.76.\n      second item: k=5.0 (float) -> then for i in [3,6,9,12]: \n          result[3] = 5.0\n          result[6] = 5.0\n          result[9] = 5.0\n          result[12] = 5.0\n\n      So f1 returns {2:0.76, 3:5.0, 6:5.0, 9:5.0, 12:5.0}\n\n  f2:\n      keys = [0.76, 5.0, 5.0, 5.0, 5.0] \n      values = [2, 3, 6, 9, 12]\n      But note: duplicate keys! 5.0 appears multiple times. \n          The last value for key 5.0 will be 12, so the dictionary will have: {0.76:2, 5.0:12}\n\n      So f2 returns {0.76:2, 5.0:12}\n\n  f3:\n      Start with {0.76:2, 5.0:12}\n      Add 1049:55 -> {0.76:2, 5.0:12, 1049:55}\n      popitem() -> in Python 3.7+, it will remove the last item: (1049,55)\n      Then set dictionary[1049] = 55 -> so we put it back.\n      So we return {0.76:2, 5.0:12, 1049:55}\n\n  Then the assert statement would be:\n\n      assert f3(f2(f1({2: 0.76, 5: [3,6,9,12]}))) == {0.76:2, 5.0:12, 1049:55}\n\n  But wait, the input in the test case has key 5 as an integer, not float.\n\n So unless the test case is {2: 0.76, 5.0: [3,6,9,12]}, we get a crash.\n\n Given the test case is written as 5 (integer), we must use that.\n\n Therefore, I think the problem might have a typo in the test case or in the functions.\n\n Given the above, and since the problem asks for the output for the given test case, and the given test case as written will crash, I will output the error string.\n\n So I will output: 'TypeError: unhashable type: 'list''\n\n But note: in the output, we must use single quotes. So we escape the inner single quotes.\n\n So: 'TypeError: unhashable type: \\'list\\''\n\n However, the problem might not want the entire string, but only the type.\n\n But the error message is part of the exception.\n\n Given the instructions, and since this is the only output we see when running, I think this is it.\n\n But note: in the function f2, the error occurs at the line:\n\n   dic2 = dict(zip(dic.values(), dic.keys()))\n\n So the error is in the dict constructor when it tries to use the list as a key.\n\n Therefore, I will output: 'TypeError'\n\n or the full message.\n\n The problem does not specify.\n\n Since the problem says \"output\", and the output to stderr would be:\n\n   Traceback (most recent call last):\n     File \"<stdin>\", line 1, in <module>\n     File \"<stdin>\", line 2, in f\n   TypeError: unhashable type: 'list'\n\n So the last line is: \"TypeError: unhashable type: 'list'\"\n\n So the output (as in the last line of the error) is: \"TypeError: unhashable type: 'list'\"\n\n Therefore, I will output: 'TypeError: unhashable type: \\'list\\''\n\n But note: the problem says \"output when executing the code\", and if we run the entire expression in a REPL, that is what would be printed as the error.\n\n So I think that is the output.\n\n Therefore, for the assert statement, we are to write the string that is the error message.\n\n So the completed assert statement would be:\n\n   assert ... == 'TypeError: unhashable type: \\'list\\''\n\n However, the problem says: \"Only return the output of the function without any other information and assert statement.\"\n\n So we only return: 'TypeError: unhashable type: \\'list\\''\n\n But wait, the output of the function chain is not a string, it is an exception. However, the problem asks for the output when executing the code, which in a terminal would be that string to stderr.\n\n Given the instructions, I will output that string.\n\n So the answer is: 'TypeError: unhashable type: \\'list\\''"
}