{
  "segments": [
    {
      "text": "We are given three functions: f1, f2, f3 (which are named f in the code but we'll refer to them by the variable names given in the comments).",
      "start_char": 0,
      "end_char": 141,
      "label": "high_level_plan",
      "label_info": {
        "type": "high_level_plan"
      }
    },
    {
      "text": "We are to compute:\n   f3(f2(f1([[1, 2, 3], [1, 2], 1], [[1, 2, 3], 3, [2, 1]])))",
      "start_char": 144,
      "end_char": 224,
      "label": "high_level_plan",
      "label_info": {
        "type": "high_level_plan"
      }
    },
    {
      "text": "Step 1: Evaluate f1(array, elem)\n   f1 is defined as:\n        def f(array, elem):\n            array.extend(elem)\n            return array",
      "start_char": 227,
      "end_char": 364,
      "label": "code_analysis",
      "label_info": {
        "type": "code_analysis"
      }
    },
    {
      "text": "The first argument (array) is:",
      "start_char": 369,
      "end_char": 399,
      "label": "empty",
      "label_info": {
        "type": "empty"
      }
    },
    {
      "text": "[[1, 2, 3], [1, 2], 1]\n   The second argument (elem) is:",
      "start_char": 400,
      "end_char": 456,
      "label": "mental_execution",
      "label_info": {
        "type": "mental_execution"
      }
    },
    {
      "text": "[[1, 2, 3], 3, [2, 1]]\n\n   Note: The extend method for a list appends each element of the iterable.",
      "start_char": 457,
      "end_char": 556,
      "label": "code_analysis",
      "label_info": {
        "type": "code_analysis"
      }
    },
    {
      "text": "However, note that the first argument is a list that contains a list, an integer, and then another list?",
      "start_char": 557,
      "end_char": 661,
      "label": "code_analysis",
      "label_info": {
        "type": "code_analysis"
      }
    },
    {
      "text": "Actually, the first argument is a list with three elements: [1,2,3] (list),",
      "start_char": 662,
      "end_char": 737,
      "label": "code_analysis",
      "label_info": {
        "type": "code_analysis"
      }
    },
    {
      "text": "[1,2] (list), and 1 (integer).",
      "start_char": 747,
      "end_char": 777,
      "label": "mental_execution",
      "label_info": {
        "type": "mental_execution"
      }
    },
    {
      "text": "Now, we are going to extend this list with the elements of the second argument.",
      "start_char": 782,
      "end_char": 861,
      "label": "high_level_plan",
      "label_info": {
        "type": "high_level_plan"
      }
    },
    {
      "text": "The second argument is a list: [[1,2,3], 3, [2,1]].",
      "start_char": 862,
      "end_char": 913,
      "label": "code_analysis",
      "label_info": {
        "type": "code_analysis"
      }
    },
    {
      "text": "So, after extending, the array becomes:",
      "start_char": 918,
      "end_char": 957,
      "label": "mental_execution",
      "label_info": {
        "type": "mental_execution"
      }
    },
    {
      "text": "[[1, 2, 3], [1, 2], 1, [1, 2, 3], 3, [2, 1]]\n\n   Therefore, f1 returns: [[1, 2, 3], [1, 2], 1,",
      "start_char": 966,
      "end_char": 1060,
      "label": "mental_execution",
      "label_info": {
        "type": "mental_execution"
      }
    },
    {
      "text": "[1, 2, 3], 3, [2, 1]]\n\n Step 2: Evaluate f2(text) on the result from f1.",
      "start_char": 1061,
      "end_char": 1133,
      "label": "mental_execution",
      "label_info": {
        "type": "mental_execution"
      }
    },
    {
      "text": "f2 is defined as:\n        def f(text):\n            ls = []\n            for x in text:\n                ls.append(x.splitlines())\n            return ls\n\n   However, note that the input to f2 is the list we just got: [[1, 2, 3], [1, 2], 1, [1, 2, 3], 3, [2, 1]]",
      "start_char": 1138,
      "end_char": 1396,
      "label": "mental_execution",
      "label_info": {
        "type": "mental_execution"
      }
    },
    {
      "text": "The function f2 iterates over each element x in the list and applies x.splitlines(). But note: the elements are of different types. We have integers and lists.",
      "start_char": 1401,
      "end_char": 1560,
      "label": "code_analysis",
      "label_info": {
        "type": "code_analysis"
      }
    },
    {
      "text": "The splitlines() method is a string method.",
      "start_char": 1565,
      "end_char": 1608,
      "label": "code_analysis",
      "label_info": {
        "type": "code_analysis"
      }
    },
    {
      "text": "It will fail when called on an integer or a list because these types do not have a splitlines method.",
      "start_char": 1609,
      "end_char": 1710,
      "label": "test_generation",
      "label_info": {
        "type": "test_generation"
      }
    },
    {
      "text": "Therefore, when we run this code, we will get an AttributeError.",
      "start_char": 1715,
      "end_char": 1779,
      "label": "mental_execution",
      "label_info": {
        "type": "mental_execution"
      }
    },
    {
      "text": "However, the problem says: \"the given Python code, which may contain errors\", and we are to complete the assert statement with the output. But note: the problem says \"when executing the code on the given test case\". So if there is an error, then the function call would crash and we wouldn't get a return value?",
      "start_char": 1784,
      "end_char": 2095,
      "label": "code_analysis",
      "label_info": {
        "type": "code_analysis"
      }
    },
    {
      "text": "Alternatively, the problem might expect us to simulate the code and if an error occurs, then the output would be an exception? But the instruction says: \"complete the assert statement with the output\".",
      "start_char": 2105,
      "end_char": 2306,
      "label": "mental_execution",
      "label_info": {
        "type": "mental_execution"
      }
    },
    {
      "text": "And the example output format says if it's a string, enclose in single quotes.",
      "start_char": 2307,
      "end_char": 2385,
      "label": "mental_execution",
      "label_info": {
        "type": "mental_execution"
      }
    },
    {
      "text": "However, the problem also says: \"Do not output any extra information, even if the function is incorrect or incomplete.",
      "start_char": 2390,
      "end_char": 2508,
      "label": "code_analysis",
      "label_info": {
        "type": "code_analysis"
      }
    },
    {
      "text": "\"\n\n   So we must consider: what is the output of the entire expression?",
      "start_char": 2508,
      "end_char": 2579,
      "label": "high_level_plan",
      "label_info": {
        "type": "high_level_plan"
      }
    },
    {
      "text": "Since the code will crash in f2, the entire expression will raise an exception. But the assert statement is comparing the result to something.",
      "start_char": 2580,
      "end_char": 2722,
      "label": "mental_execution",
      "label_info": {
        "type": "mental_execution"
      }
    },
    {
      "text": "How can we represent an exception? But note: the problem does not say that the code runs without error.",
      "start_char": 2723,
      "end_char": 2826,
      "label": "test_generation",
      "label_info": {
        "type": "test_generation"
      }
    },
    {
      "text": "It says \"which may contain errors\". So we must assume that the code is run and if it crashes, then the output is not defined?",
      "start_char": 2832,
      "end_char": 2957,
      "label": "mental_execution",
      "label_info": {
        "type": "mental_execution"
      }
    },
    {
      "text": "However, the problem asks for the output of the function call in the assert.",
      "start_char": 2958,
      "end_char": 3034,
      "label": "mental_execution",
      "label_info": {
        "type": "mental_execution"
      }
    },
    {
      "text": "Alternatively, let's reexamine the functions:\n\n   The function f2 is defined to take a string? But we are passing a list.",
      "start_char": 3039,
      "end_char": 3160,
      "label": "code_analysis",
      "label_info": {
        "type": "code_analysis"
      }
    },
    {
      "text": "The function f2 iterates over the elements of the given argument (which is a list) and for each element, it calls splitlines().",
      "start_char": 3161,
      "end_char": 3288,
      "label": "code_analysis",
      "label_info": {
        "type": "code_analysis"
      }
    },
    {
      "text": "Since the elements are not strings, we get an AttributeError.",
      "start_char": 3294,
      "end_char": 3355,
      "label": "bug_fixing",
      "label_info": {
        "type": "bug_fixing"
      }
    },
    {
      "text": "Therefore, the entire expression f3(f2(f1(...))) will raise an AttributeError.",
      "start_char": 3360,
      "end_char": 3438,
      "label": "mental_execution",
      "label_info": {
        "type": "mental_execution"
      }
    },
    {
      "text": "However, the problem says: \"complete the assert statement with the output\". But the output of the function call is an exception, not a value. But note: the problem does not specify that the code runs without error.",
      "start_char": 3443,
      "end_char": 3657,
      "label": "code_analysis",
      "label_info": {
        "type": "code_analysis"
      }
    },
    {
      "text": "It says \"when executing the code\". So if we run the code, we get an exception.",
      "start_char": 3663,
      "end_char": 3741,
      "label": "mental_execution",
      "label_info": {
        "type": "mental_execution"
      }
    },
    {
      "text": "How do we represent that in the assert?",
      "start_char": 3742,
      "end_char": 3781,
      "label": "test_generation",
      "label_info": {
        "type": "test_generation"
      }
    },
    {
      "text": "Alternatively, the problem might be testing if we can spot the error? But the instruction says: \"Only return the output of the function without any other information and assert statement.\"",
      "start_char": 3787,
      "end_char": 3975,
      "label": "mental_execution",
      "label_info": {
        "type": "mental_execution"
      }
    },
    {
      "text": "However, the problem also says: \"If the output is a string, enclose it in single quotes.\"",
      "start_char": 3980,
      "end_char": 4069,
      "label": "code_analysis",
      "label_info": {
        "type": "code_analysis"
      }
    },
    {
      "text": "It doesn't say anything about exceptions.",
      "start_char": 4070,
      "end_char": 4111,
      "label": "bug_fixing",
      "label_info": {
        "type": "bug_fixing"
      }
    },
    {
      "text": "Let me read the problem again: \"complete the assert statement with the output when executing the code on the given test case.",
      "start_char": 4116,
      "end_char": 4241,
      "label": "high_level_plan",
      "label_info": {
        "type": "high_level_plan"
      }
    },
    {
      "text": "\"\n\n   Since the code crashes, there is no output from the function.",
      "start_char": 4241,
      "end_char": 4308,
      "label": "mental_execution",
      "label_info": {
        "type": "mental_execution"
      }
    },
    {
      "text": "Therefore, the expression does not evaluate to a value. But note: the problem says \"the output\".",
      "start_char": 4309,
      "end_char": 4405,
      "label": "mental_execution",
      "label_info": {
        "type": "mental_execution"
      }
    },
    {
      "text": "In Python, when an unhandled exception occurs, the program stops and prints the exception.",
      "start_char": 4411,
      "end_char": 4501,
      "label": "code_analysis",
      "label_info": {
        "type": "code_analysis"
      }
    },
    {
      "text": "However, the assert statement is expecting a value to compare. This is a contradiction.",
      "start_char": 4502,
      "end_char": 4589,
      "label": "code_analysis",
      "label_info": {
        "type": "code_analysis"
      }
    },
    {
      "text": "Alternatively, perhaps I misinterpreted the functions.",
      "start_char": 4599,
      "end_char": 4653,
      "label": "mental_execution",
      "label_info": {
        "type": "mental_execution"
      }
    },
    {
      "text": "Let me check the function f1 again:\n\n   The function f1 is called with:\n        array = [[1, 2, 3], [1, 2], 1]\n        elem = [[1, 2, 3], 3, [2, 1]]\n\n   The method `array.extend(elem)` will try to iterate over `elem` and add each element to `array`.",
      "start_char": 4654,
      "end_char": 4903,
      "label": "code_analysis",
      "label_info": {
        "type": "code_analysis"
      }
    },
    {
      "text": "This is valid because `elem` is a list. So the result is a list of 6 elements. Then we pass that list to f2. But f2 is defined to take a string?",
      "start_char": 4904,
      "end_char": 5048,
      "label": "code_analysis",
      "label_info": {
        "type": "code_analysis"
      }
    },
    {
      "text": "The function f2 is:\n\n        def f(text):\n            ls = []\n            for x in text:\n                ls.append(x.splitlines())\n            return ls\n\n   The parameter is named `text`, but we are passing a list.",
      "start_char": 5053,
      "end_char": 5267,
      "label": "code_analysis",
      "label_info": {
        "type": "code_analysis"
      }
    },
    {
      "text": "However, the function will iterate over the list (because a list is iterable). But then for each element `x` in the list, we call `x.splitlines()`. The elements in the list are: [1,2,3] -> a list -> does not have splitlines -> error [1,2]   -> a list -> error\n        1        -> an integer -> error [1,2,3] -> list -> error\n        3        -> integer -> error\n        [2,1]   -> list -> error\n\n   So every element will cause an AttributeError.",
      "start_char": 5268,
      "end_char": 5742,
      "label": "mental_execution",
      "label_info": {
        "type": "mental_execution"
      }
    },
    {
      "text": "Therefore, the code will crash at the first element. But the problem says: \"complete the assert statement with the output\".",
      "start_char": 5747,
      "end_char": 5870,
      "label": "bug_fixing",
      "label_info": {
        "type": "bug_fixing"
      }
    },
    {
      "text": "Since the function f2 does not complete, there is no output from f2, and hence the entire expression does not complete.",
      "start_char": 5875,
      "end_char": 5994,
      "label": "mental_execution",
      "label_info": {
        "type": "mental_execution"
      }
    },
    {
      "text": "However, the problem might be designed to have an error? But the instruction says: \"even if the function is incorrect or incomplete\".",
      "start_char": 5999,
      "end_char": 6132,
      "label": "bug_fixing",
      "label_info": {
        "type": "bug_fixing"
      }
    },
    {
      "text": "How should we represent the output? The problem does not specify.",
      "start_char": 6137,
      "end_char": 6202,
      "label": "high_level_plan",
      "label_info": {
        "type": "high_level_plan"
      }
    },
    {
      "text": "Alternatively, note that the function f2 might be intended to work on a string? But we are passing a list.",
      "start_char": 6208,
      "end_char": 6314,
      "label": "code_analysis",
      "label_info": {
        "type": "code_analysis"
      }
    },
    {
      "text": "Let me look at the function f2 again: it uses `x.splitlines()`.",
      "start_char": 6320,
      "end_char": 6383,
      "label": "code_analysis",
      "label_info": {
        "type": "code_analysis"
      }
    },
    {
      "text": "The splitlines method is for splitting a string by line breaks.",
      "start_char": 6384,
      "end_char": 6447,
      "label": "code_analysis",
      "label_info": {
        "type": "code_analysis"
      }
    },
    {
      "text": "The only way this would work is if every element in the list we pass to f2 is a string. But they are not.",
      "start_char": 6453,
      "end_char": 6558,
      "label": "code_analysis",
      "label_info": {
        "type": "code_analysis"
      }
    },
    {
      "text": "Therefore, we must conclude that the code will crash. But the problem says: \"Do not output any extra information\". So we cannot output an error message.",
      "start_char": 6563,
      "end_char": 6715,
      "label": "mental_execution",
      "label_info": {
        "type": "mental_execution"
      }
    },
    {
      "text": "Alternatively, the problem expects the output to be the exception? But the example output format only mentions strings and presumably other data types (like booleans, etc).",
      "start_char": 6725,
      "end_char": 6897,
      "label": "mental_execution",
      "label_info": {
        "type": "mental_execution"
      }
    },
    {
      "text": "However, the assert statement is comparing the result to something.",
      "start_char": 6903,
      "end_char": 6970,
      "label": "code_analysis",
      "label_info": {
        "type": "code_analysis"
      }
    },
    {
      "text": "The problem says: \"complete the assert statement\". So we have to write:\n\n        assert ... == <something>",
      "start_char": 6971,
      "end_char": 7077,
      "label": "high_level_plan",
      "label_info": {
        "type": "high_level_plan"
      }
    },
    {
      "text": "And we are to provide the <something>",
      "start_char": 7082,
      "end_char": 7119,
      "label": "empty",
      "label_info": {
        "type": "empty"
      }
    },
    {
      "text": "that is the output of the function call.",
      "start_char": 7120,
      "end_char": 7160,
      "label": "empty",
      "label_info": {
        "type": "empty"
      }
    },
    {
      "text": "Since the function call crashes, the output is not defined. But the problem says \"when executing the code\", meaning we must simulate the execution and see what happens. This is a dilemma.",
      "start_char": 7165,
      "end_char": 7352,
      "label": "mental_execution",
      "label_info": {
        "type": "mental_execution"
      }
    },
    {
      "text": "Let me consider the possibility that the function f2 is not actually called on the list we built?",
      "start_char": 7361,
      "end_char": 7458,
      "label": "mental_execution",
      "label_info": {
        "type": "mental_execution"
      }
    },
    {
      "text": "Or maybe I made a mistake in the types.",
      "start_char": 7459,
      "end_char": 7498,
      "label": "bug_fixing",
      "label_info": {
        "type": "bug_fixing"
      }
    },
    {
      "text": "Another thought: the function f1 returns a list. Then we pass that list to f2.",
      "start_char": 7503,
      "end_char": 7581,
      "label": "code_analysis",
      "label_info": {
        "type": "code_analysis"
      }
    },
    {
      "text": "The function f2 expects a string? But we are passing a list. That would be a TypeError?",
      "start_char": 7582,
      "end_char": 7669,
      "label": "code_analysis",
      "label_info": {
        "type": "code_analysis"
      }
    },
    {
      "text": "Actually, no: the function f2 will try to iterate over the list, which is allowed.",
      "start_char": 7670,
      "end_char": 7752,
      "label": "code_analysis",
      "label_info": {
        "type": "code_analysis"
      }
    },
    {
      "text": "The problem is inside the loop when we call a method on an integer and a list that they don't have. So the error is AttributeError: 'list' object has no attribute 'splitlines' (or similarly for integer).",
      "start_char": 7753,
      "end_char": 7956,
      "label": "bug_fixing",
      "label_info": {
        "type": "bug_fixing"
      }
    },
    {
      "text": "How can we represent that in the output? The problem doesn't say.",
      "start_char": 7965,
      "end_char": 8030,
      "label": "high_level_plan",
      "label_info": {
        "type": "high_level_plan"
      }
    },
    {
      "text": "Alternatively, note that the problem says: \"the output\".",
      "start_char": 8035,
      "end_char": 8091,
      "label": "mental_execution",
      "label_info": {
        "type": "mental_execution"
      }
    },
    {
      "text": "In the context of the entire expression, the output is an uncaught exception. But the assert statement is part of the code.",
      "start_char": 8092,
      "end_char": 8215,
      "label": "mental_execution",
      "label_info": {
        "type": "mental_execution"
      }
    },
    {
      "text": "When the assert is executed, if the expression raises an exception, then the assert statement is not completed and the exception propagates.",
      "start_char": 8216,
      "end_char": 8356,
      "label": "code_analysis",
      "label_info": {
        "type": "code_analysis"
      }
    },
    {
      "text": "Therefore, the output of the entire expression is not a value but an exception. But the problem asks to \"complete the assert statement with the output\".",
      "start_char": 8361,
      "end_char": 8513,
      "label": "mental_execution",
      "label_info": {
        "type": "mental_execution"
      }
    },
    {
      "text": "This implies that the output is a value that can be compared with the right-hand side.",
      "start_char": 8519,
      "end_char": 8605,
      "label": "code_analysis",
      "label_info": {
        "type": "code_analysis"
      }
    },
    {
      "text": "Since the code crashes, the expression does not return a value.",
      "start_char": 8610,
      "end_char": 8673,
      "label": "bug_fixing",
      "label_info": {
        "type": "bug_fixing"
      }
    },
    {
      "text": "Therefore, the assert statement would not even get to the comparison.",
      "start_char": 8674,
      "end_char": 8743,
      "label": "code_analysis",
      "label_info": {
        "type": "code_analysis"
      }
    },
    {
      "text": "This suggests that the problem might have a mistake?",
      "start_char": 8749,
      "end_char": 8801,
      "label": "bug_fixing",
      "label_info": {
        "type": "bug_fixing"
      }
    },
    {
      "text": "Or perhaps I misread the functions. Let me double-check the function f2: \n\n        def f(text):\n            ls = []\n            for x in text:\n                ls.append(x.splitlines())",
      "start_char": 8802,
      "end_char": 8990,
      "label": "code_analysis",
      "label_info": {
        "type": "code_analysis"
      }
    },
    {
      "text": "return ls\n\n   The variable `text` is the list we built.",
      "start_char": 9003,
      "end_char": 9058,
      "label": "code_analysis",
      "label_info": {
        "type": "code_analysis"
      }
    },
    {
      "text": "The for-loop `for x in text` will work because `text` is a list. But then `x` is an element of that list.",
      "start_char": 9059,
      "end_char": 9164,
      "label": "code_analysis",
      "label_info": {
        "type": "code_analysis"
      }
    },
    {
      "text": "The first element is [1,2,3] (a list). We try to call `[1,2,3].splitlines()` -> which doesn't exist. So it's an AttributeError.",
      "start_char": 9165,
      "end_char": 9292,
      "label": "mental_execution",
      "label_info": {
        "type": "mental_execution"
      }
    },
    {
      "text": "Given the ambiguity, I must assume that the problem expects us to note that the code crashes. But how to represent that in the output for the assert?",
      "start_char": 9301,
      "end_char": 9450,
      "label": "mental_execution",
      "label_info": {
        "type": "mental_execution"
      }
    },
    {
      "text": "Alternatively, the problem might be to recognize that the code crashes and therefore the assert statement is not executed? But then what is the output of the function call? There is none. This is not working.",
      "start_char": 9456,
      "end_char": 9664,
      "label": "mental_execution",
      "label_info": {
        "type": "mental_execution"
      }
    },
    {
      "text": "Let me try to see if there's an alternative interpretation.",
      "start_char": 9673,
      "end_char": 9732,
      "label": "high_level_plan",
      "label_info": {
        "type": "high_level_plan"
      }
    },
    {
      "text": "What if the function f2 is intended to be called on a string? But the input we are passing is a list.",
      "start_char": 9738,
      "end_char": 9839,
      "label": "test_generation",
      "label_info": {
        "type": "test_generation"
      }
    },
    {
      "text": "The function f1 returns a list. Then we pass that list to f2.",
      "start_char": 9845,
      "end_char": 9906,
      "label": "mental_execution",
      "label_info": {
        "type": "mental_execution"
      }
    },
    {
      "text": "The function f2 is defined to take `text` which might be a string? But the code we have for f2 does not require `text` to be a string, but it must be an iterable of objects that have a splitlines method.",
      "start_char": 9907,
      "end_char": 10110,
      "label": "code_analysis",
      "label_info": {
        "type": "code_analysis"
      }
    },
    {
      "text": "Since the list we built does not contain any string, it fails. But what if the list contained a string? It doesn't.",
      "start_char": 10115,
      "end_char": 10230,
      "label": "mental_execution",
      "label_info": {
        "type": "mental_execution"
      }
    },
    {
      "text": "Therefore, I conclude that the code will crash with an AttributeError.",
      "start_char": 10239,
      "end_char": 10309,
      "label": "mental_execution",
      "label_info": {
        "type": "mental_execution"
      }
    },
    {
      "text": "However, the problem says: \"complete the assert statement with the output\".",
      "start_char": 10314,
      "end_char": 10389,
      "label": "code_analysis",
      "label_info": {
        "type": "code_analysis"
      }
    },
    {
      "text": "Since the output is not defined (because of the crash), we cannot provide a value.",
      "start_char": 10390,
      "end_char": 10472,
      "label": "mental_execution",
      "label_info": {
        "type": "mental_execution"
      }
    },
    {
      "text": "This is a contradiction in the problem statement.",
      "start_char": 10477,
      "end_char": 10526,
      "label": "bug_fixing",
      "label_info": {
        "type": "bug_fixing"
      }
    },
    {
      "text": "Given the instructions, I must assume that the problem expects the output to be the string representation of the exception? But the instruction says: \"If the output is a string, enclose it in single quotes.\" But the output of the function call is not a string, it's an exception.",
      "start_char": 10531,
      "end_char": 10810,
      "label": "mental_execution",
      "label_info": {
        "type": "mental_execution"
      }
    },
    {
      "text": "Alternatively, the problem might want us to output the word 'Error' or something? But that is not specified.",
      "start_char": 10820,
      "end_char": 10928,
      "label": "mental_execution",
      "label_info": {
        "type": "mental_execution"
      }
    },
    {
      "text": "After re\u2010reading the problem: \"Based on the given Python code, which may contain errors, complete the assert statement with the output when executing the code on the given test case.",
      "start_char": 10933,
      "end_char": 11115,
      "label": "mental_execution",
      "label_info": {
        "type": "mental_execution"
      }
    },
    {
      "text": "\"\n\n   And: \"Do not output any extra information, even if the function is incorrect or incomplete.",
      "start_char": 11115,
      "end_char": 11212,
      "label": "code_analysis",
      "label_info": {
        "type": "code_analysis"
      }
    },
    {
      "text": "\"\n\n   So if the function is incorrect, we still have to provide the output. But what is the output?",
      "start_char": 11212,
      "end_char": 11311,
      "label": "mental_execution",
      "label_info": {
        "type": "mental_execution"
      }
    },
    {
      "text": "In Python, if we run this in an interactive session, we would see an error message. But that is not a value that the function returns.",
      "start_char": 11317,
      "end_char": 11451,
      "label": "mental_execution",
      "label_info": {
        "type": "mental_execution"
      }
    },
    {
      "text": "Therefore, I think there might be a mistake in the problem. But since I have to provide an answer, and the only logical thing is that the code crashes, I will assume that the output is not defined and hence the assert statement would not hold? But that doesn't help. Alternatively, note that the function f3 is defined as:\n\n        def f(mylist):\n            revl = mylist[:]\n            revl.reverse()\n            mylist.sort(reverse=True)\n            return mylist == revl\n\n   This function expects a list. But if f2 crashes, then f3 is never called. So the entire expression crashes in f2.",
      "start_char": 11456,
      "end_char": 12052,
      "label": "code_analysis",
      "label_info": {
        "type": "code_analysis"
      }
    },
    {
      "text": "Given the instructions, I think the intended answer might be to recognize that the code crashes, but since we are to complete the assert statement with the output, and there is no output, we cannot provide one. This is not satisfactory.",
      "start_char": 12061,
      "end_char": 12297,
      "label": "mental_execution",
      "label_info": {
        "type": "mental_execution"
      }
    },
    {
      "text": "Let me try to see if there's a possibility that the list we built in f1 could be interpreted as a string?",
      "start_char": 12306,
      "end_char": 12411,
      "label": "mental_execution",
      "label_info": {
        "type": "mental_execution"
      }
    },
    {
      "text": "No, it's a list of integers and lists.",
      "start_char": 12412,
      "end_char": 12450,
      "label": "code_analysis",
      "label_info": {
        "type": "code_analysis"
      }
    },
    {
      "text": "Another idea: perhaps the function f2 is not meant to be called on the list from f1? But the expression is f3(f2(f1(...))), so it is.",
      "start_char": 12455,
      "end_char": 12588,
      "label": "code_analysis",
      "label_info": {
        "type": "code_analysis"
      }
    },
    {
      "text": "I think I have to conclude that the code will raise an AttributeError. But how to represent that in the assert statement's right-hand side? The problem doesn't say.",
      "start_char": 12593,
      "end_char": 12757,
      "label": "bug_fixing",
      "label_info": {
        "type": "bug_fixing"
      }
    },
    {
      "text": "Since the instruction says \"Only return the output of the function without any other information\", and the function doesn't return, then there is no output. But the problem also says \"complete the assert statement\", so we must write something.",
      "start_char": 12763,
      "end_char": 13006,
      "label": "code_analysis",
      "label_info": {
        "type": "code_analysis"
      }
    },
    {
      "text": "Let me look at the example format: if the output is a string, enclose in single quotes.",
      "start_char": 13015,
      "end_char": 13102,
      "label": "code_analysis",
      "label_info": {
        "type": "code_analysis"
      }
    },
    {
      "text": "For other types, presumably as they are.",
      "start_char": 13103,
      "end_char": 13143,
      "label": "language_mapping",
      "label_info": {
        "type": "language_mapping"
      }
    },
    {
      "text": "What if we output the string 'AttributeError'? But that is not what the function returns, it's what happens.",
      "start_char": 13148,
      "end_char": 13256,
      "label": "mental_execution",
      "label_info": {
        "type": "mental_execution"
      }
    },
    {
      "text": "Given the ambiguity, and since the problem says \"even if the function is incorrect\", I will output the string representation of the exception that occurs, which is:\n\n        \"'list' object has no attribute 'splitlines'\"\n\n   But note: the first element is a list, so the error message might be about the list.",
      "start_char": 13261,
      "end_char": 13569,
      "label": "mental_execution",
      "label_info": {
        "type": "mental_execution"
      }
    },
    {
      "text": "However, the exact error message might be:\n\n        AttributeError: 'list' object has no attribute 'splitlines' But the function call in the assert would not return this string; it would raise the exception.",
      "start_char": 13570,
      "end_char": 13781,
      "label": "code_analysis",
      "label_info": {
        "type": "code_analysis"
      }
    },
    {
      "text": "Alternatively, the problem might want the type of the exception?",
      "start_char": 13786,
      "end_char": 13850,
      "label": "mental_execution",
      "label_info": {
        "type": "mental_execution"
      }
    },
    {
      "text": "I think the safest is to output the type of the exception, as a string, because the problem says \"output\" and in many contexts, the output of a program that crashes is the exception name. So I will output: 'AttributeError'\n\n   But note: the problem says \"when executing the code\", and in Python, the exception name is printed.",
      "start_char": 13856,
      "end_char": 14182,
      "label": "mental_execution",
      "label_info": {
        "type": "mental_execution"
      }
    },
    {
      "text": "Therefore, I will put: 'AttributeError'\n\n   However, let me check: if we run the code, the traceback would say:\n\n        Traceback (most recent call last):\n          File \"<stdin>\", line 1, in <module>\n          File \"<stdin>\", line 3, in f\n        AttributeError: 'list' object has no attribute 'splitlines'\n\n   The last line is the exception type and message. The type is AttributeError. So the output (in terms of what is printed as the exception) includes the type.",
      "start_char": 14191,
      "end_char": 14660,
      "label": "mental_execution",
      "label_info": {
        "type": "mental_execution"
      }
    },
    {
      "text": "Therefore, I will complete the assert statement with the string 'AttributeError'. But note: the assert statement is comparing the result of f3(f2(f1(...))) to this string.",
      "start_char": 14669,
      "end_char": 14840,
      "label": "bug_fixing",
      "label_info": {
        "type": "bug_fixing"
      }
    },
    {
      "text": "That doesn't make sense because the function doesn't return a string, it raises an exception.",
      "start_char": 14845,
      "end_char": 14938,
      "label": "code_analysis",
      "label_info": {
        "type": "code_analysis"
      }
    },
    {
      "text": "However, if we consider the entire execution, the output that is observed is the exception.",
      "start_char": 14939,
      "end_char": 15030,
      "label": "mental_execution",
      "label_info": {
        "type": "mental_execution"
      }
    },
    {
      "text": "Given the instructions, I think this is the best we can do.",
      "start_char": 15035,
      "end_char": 15094,
      "label": "empty",
      "label_info": {
        "type": "empty"
      }
    },
    {
      "text": "Alternatively, the problem might have intended the functions to be used differently.",
      "start_char": 15099,
      "end_char": 15183,
      "label": "high_level_plan",
      "label_info": {
        "type": "high_level_plan"
      }
    },
    {
      "text": "Let me double-check the parameters of f1 and f2. The function f1 is called with:\n        array = [[1, 2, 3], [1, 2], 1]\n        elem = [[1, 2, 3], 3, [2, 1]]\n\n   But note: the first argument is a list that contains both lists and an integer.",
      "start_char": 15184,
      "end_char": 15429,
      "label": "code_analysis",
      "label_info": {
        "type": "code_analysis"
      }
    },
    {
      "text": "The extend method will work because elem is iterable. Then f2 is called with the resulting list.",
      "start_char": 15430,
      "end_char": 15526,
      "label": "code_analysis",
      "label_info": {
        "type": "code_analysis"
      }
    },
    {
      "text": "The function f2 is:\n\n        def f(text):\n            ls = []\n            for x in text:\n                ls.append(x.splitlines())\n            return ls\n\n   This function is intended for a string? But we are not giving it a string.",
      "start_char": 15531,
      "end_char": 15762,
      "label": "code_analysis",
      "label_info": {
        "type": "code_analysis"
      }
    },
    {
      "text": "Unless the list we built is meant to be a list of strings? But it's not.",
      "start_char": 15767,
      "end_char": 15839,
      "label": "code_analysis",
      "label_info": {
        "type": "code_analysis"
      }
    },
    {
      "text": "Therefore, I think 'AttributeError' is the answer. But wait, the function f2 might be called on a list of strings?",
      "start_char": 15844,
      "end_char": 15958,
      "label": "mental_execution",
      "label_info": {
        "type": "mental_execution"
      }
    },
    {
      "text": "Our list has integers and lists, not strings. So I will go with that.",
      "start_char": 15963,
      "end_char": 16032,
      "label": "code_analysis",
      "label_info": {
        "type": "code_analysis"
      }
    },
    {
      "text": "Final answer: 'AttributeError'",
      "start_char": 16041,
      "end_char": 16071,
      "label": "mental_execution",
      "label_info": {
        "type": "mental_execution"
      }
    }
  ],
  "original_reasoning": "We are given three functions: f1, f2, f3 (which are named f in the code but we'll refer to them by the variable names given in the comments).\n\n We are to compute:\n   f3(f2(f1([[1, 2, 3], [1, 2], 1], [[1, 2, 3], 3, [2, 1]])))\n\n Step 1: Evaluate f1(array, elem)\n   f1 is defined as:\n        def f(array, elem):\n            array.extend(elem)\n            return array\n\n   The first argument (array) is: [[1, 2, 3], [1, 2], 1]\n   The second argument (elem) is: [[1, 2, 3], 3, [2, 1]]\n\n   Note: The extend method for a list appends each element of the iterable. However, note that the first argument is a list that contains a list, an integer, and then another list? Actually, the first argument is a list with three elements: \n        [1,2,3] (list), [1,2] (list), and 1 (integer).\n\n   Now, we are going to extend this list with the elements of the second argument. The second argument is a list: [[1,2,3], 3, [2,1]].\n\n   So, after extending, the array becomes:\n        [[1, 2, 3], [1, 2], 1, [1, 2, 3], 3, [2, 1]]\n\n   Therefore, f1 returns: [[1, 2, 3], [1, 2], 1, [1, 2, 3], 3, [2, 1]]\n\n Step 2: Evaluate f2(text) on the result from f1.\n\n   f2 is defined as:\n        def f(text):\n            ls = []\n            for x in text:\n                ls.append(x.splitlines())\n            return ls\n\n   However, note that the input to f2 is the list we just got: [[1, 2, 3], [1, 2], 1, [1, 2, 3], 3, [2, 1]]\n\n   The function f2 iterates over each element x in the list and applies x.splitlines(). But note: the elements are of different types. We have integers and lists.\n\n   The splitlines() method is a string method. It will fail when called on an integer or a list because these types do not have a splitlines method.\n\n   Therefore, when we run this code, we will get an AttributeError.\n\n   However, the problem says: \"the given Python code, which may contain errors\", and we are to complete the assert statement with the output.\n\n   But note: the problem says \"when executing the code on the given test case\". So if there is an error, then the function call would crash and we wouldn't get a return value? \n\n   Alternatively, the problem might expect us to simulate the code and if an error occurs, then the output would be an exception? But the instruction says: \"complete the assert statement with the output\". And the example output format says if it's a string, enclose in single quotes.\n\n   However, the problem also says: \"Do not output any extra information, even if the function is incorrect or incomplete.\"\n\n   So we must consider: what is the output of the entire expression? Since the code will crash in f2, the entire expression will raise an exception. But the assert statement is comparing the result to something. How can we represent an exception? \n\n   But note: the problem does not say that the code runs without error. It says \"which may contain errors\". So we must assume that the code is run and if it crashes, then the output is not defined? However, the problem asks for the output of the function call in the assert.\n\n   Alternatively, let's reexamine the functions:\n\n   The function f2 is defined to take a string? But we are passing a list. The function f2 iterates over the elements of the given argument (which is a list) and for each element, it calls splitlines(). \n\n   Since the elements are not strings, we get an AttributeError.\n\n   Therefore, the entire expression f3(f2(f1(...))) will raise an AttributeError.\n\n   However, the problem says: \"complete the assert statement with the output\". But the output of the function call is an exception, not a value. \n\n   But note: the problem does not specify that the code runs without error. It says \"when executing the code\". So if we run the code, we get an exception. How do we represent that in the assert? \n\n   Alternatively, the problem might be testing if we can spot the error? But the instruction says: \"Only return the output of the function without any other information and assert statement.\"\n\n   However, the problem also says: \"If the output is a string, enclose it in single quotes.\" It doesn't say anything about exceptions.\n\n   Let me read the problem again: \"complete the assert statement with the output when executing the code on the given test case.\"\n\n   Since the code crashes, there is no output from the function. Therefore, the expression does not evaluate to a value. \n\n   But note: the problem says \"the output\". In Python, when an unhandled exception occurs, the program stops and prints the exception. However, the assert statement is expecting a value to compare.\n\n   This is a contradiction. \n\n   Alternatively, perhaps I misinterpreted the functions. Let me check the function f1 again:\n\n   The function f1 is called with:\n        array = [[1, 2, 3], [1, 2], 1]\n        elem = [[1, 2, 3], 3, [2, 1]]\n\n   The method `array.extend(elem)` will try to iterate over `elem` and add each element to `array`. This is valid because `elem` is a list. So the result is a list of 6 elements.\n\n   Then we pass that list to f2. But f2 is defined to take a string? The function f2 is:\n\n        def f(text):\n            ls = []\n            for x in text:\n                ls.append(x.splitlines())\n            return ls\n\n   The parameter is named `text`, but we are passing a list. However, the function will iterate over the list (because a list is iterable). But then for each element `x` in the list, we call `x.splitlines()`. \n\n   The elements in the list are:\n        [1,2,3] -> a list -> does not have splitlines -> error\n        [1,2]   -> a list -> error\n        1        -> an integer -> error\n        [1,2,3] -> list -> error\n        3        -> integer -> error\n        [2,1]   -> list -> error\n\n   So every element will cause an AttributeError.\n\n   Therefore, the code will crash at the first element.\n\n   But the problem says: \"complete the assert statement with the output\". Since the function f2 does not complete, there is no output from f2, and hence the entire expression does not complete.\n\n   However, the problem might be designed to have an error? But the instruction says: \"even if the function is incorrect or incomplete\".\n\n   How should we represent the output? The problem does not specify. \n\n   Alternatively, note that the function f2 might be intended to work on a string? But we are passing a list. \n\n   Let me look at the function f2 again: it uses `x.splitlines()`. The splitlines method is for splitting a string by line breaks. \n\n   The only way this would work is if every element in the list we pass to f2 is a string. But they are not.\n\n   Therefore, we must conclude that the code will crash. \n\n   But the problem says: \"Do not output any extra information\". So we cannot output an error message.\n\n   Alternatively, the problem expects the output to be the exception? But the example output format only mentions strings and presumably other data types (like booleans, etc). \n\n   However, the assert statement is comparing the result to something. The problem says: \"complete the assert statement\". So we have to write:\n\n        assert ... == <something>\n\n   And we are to provide the <something> that is the output of the function call.\n\n   Since the function call crashes, the output is not defined. But the problem says \"when executing the code\", meaning we must simulate the execution and see what happens.\n\n   This is a dilemma.\n\n   Let me consider the possibility that the function f2 is not actually called on the list we built? Or maybe I made a mistake in the types.\n\n   Another thought: the function f1 returns a list. Then we pass that list to f2. The function f2 expects a string? But we are passing a list. That would be a TypeError? Actually, no: the function f2 will try to iterate over the list, which is allowed. The problem is inside the loop when we call a method on an integer and a list that they don't have.\n\n   So the error is AttributeError: 'list' object has no attribute 'splitlines' (or similarly for integer).\n\n   How can we represent that in the output? The problem doesn't say.\n\n   Alternatively, note that the problem says: \"the output\". In the context of the entire expression, the output is an uncaught exception. But the assert statement is part of the code. When the assert is executed, if the expression raises an exception, then the assert statement is not completed and the exception propagates.\n\n   Therefore, the output of the entire expression is not a value but an exception. \n\n   But the problem asks to \"complete the assert statement with the output\". This implies that the output is a value that can be compared with the right-hand side.\n\n   Since the code crashes, the expression does not return a value. Therefore, the assert statement would not even get to the comparison. \n\n   This suggests that the problem might have a mistake? Or perhaps I misread the functions.\n\n   Let me double-check the function f2: \n\n        def f(text):\n            ls = []\n            for x in text:\n                ls.append(x.splitlines())\n            return ls\n\n   The variable `text` is the list we built. The for-loop `for x in text` will work because `text` is a list. But then `x` is an element of that list. The first element is [1,2,3] (a list). We try to call `[1,2,3].splitlines()` -> which doesn't exist.\n\n   So it's an AttributeError.\n\n   Given the ambiguity, I must assume that the problem expects us to note that the code crashes. But how to represent that in the output for the assert? \n\n   Alternatively, the problem might be to recognize that the code crashes and therefore the assert statement is not executed? But then what is the output of the function call? There is none.\n\n   This is not working.\n\n   Let me try to see if there's an alternative interpretation. \n\n   What if the function f2 is intended to be called on a string? But the input we are passing is a list. \n\n   The function f1 returns a list. Then we pass that list to f2. The function f2 is defined to take `text` which might be a string? But the code we have for f2 does not require `text` to be a string, but it must be an iterable of objects that have a splitlines method.\n\n   Since the list we built does not contain any string, it fails.\n\n   But what if the list contained a string? It doesn't.\n\n   Therefore, I conclude that the code will crash with an AttributeError.\n\n   However, the problem says: \"complete the assert statement with the output\". Since the output is not defined (because of the crash), we cannot provide a value.\n\n   This is a contradiction in the problem statement.\n\n   Given the instructions, I must assume that the problem expects the output to be the string representation of the exception? But the instruction says: \"If the output is a string, enclose it in single quotes.\" \n\n   But the output of the function call is not a string, it's an exception.\n\n   Alternatively, the problem might want us to output the word 'Error' or something? But that is not specified.\n\n   After re\u2010reading the problem: \"Based on the given Python code, which may contain errors, complete the assert statement with the output when executing the code on the given test case.\"\n\n   And: \"Do not output any extra information, even if the function is incorrect or incomplete.\"\n\n   So if the function is incorrect, we still have to provide the output. But what is the output? \n\n   In Python, if we run this in an interactive session, we would see an error message. But that is not a value that the function returns.\n\n   Therefore, I think there might be a mistake in the problem. But since I have to provide an answer, and the only logical thing is that the code crashes, I will assume that the output is not defined and hence the assert statement would not hold? But that doesn't help.\n\n   Alternatively, note that the function f3 is defined as:\n\n        def f(mylist):\n            revl = mylist[:]\n            revl.reverse()\n            mylist.sort(reverse=True)\n            return mylist == revl\n\n   This function expects a list. But if f2 crashes, then f3 is never called.\n\n   So the entire expression crashes in f2.\n\n   Given the instructions, I think the intended answer might be to recognize that the code crashes, but since we are to complete the assert statement with the output, and there is no output, we cannot provide one.\n\n   This is not satisfactory.\n\n   Let me try to see if there's a possibility that the list we built in f1 could be interpreted as a string? No, it's a list of integers and lists.\n\n   Another idea: perhaps the function f2 is not meant to be called on the list from f1? But the expression is f3(f2(f1(...))), so it is.\n\n   I think I have to conclude that the code will raise an AttributeError. But how to represent that in the assert statement's right-hand side? \n\n   The problem doesn't say. Since the instruction says \"Only return the output of the function without any other information\", and the function doesn't return, then there is no output.\n\n   But the problem also says \"complete the assert statement\", so we must write something.\n\n   Let me look at the example format: if the output is a string, enclose in single quotes. For other types, presumably as they are.\n\n   What if we output the string 'AttributeError'? But that is not what the function returns, it's what happens.\n\n   Given the ambiguity, and since the problem says \"even if the function is incorrect\", I will output the string representation of the exception that occurs, which is:\n\n        \"'list' object has no attribute 'splitlines'\"\n\n   But note: the first element is a list, so the error message might be about the list. However, the exact error message might be:\n\n        AttributeError: 'list' object has no attribute 'splitlines'\n\n   But the function call in the assert would not return this string; it would raise the exception.\n\n   Alternatively, the problem might want the type of the exception? \n\n   I think the safest is to output the type of the exception, as a string, because the problem says \"output\" and in many contexts, the output of a program that crashes is the exception name.\n\n   So I will output: 'AttributeError'\n\n   But note: the problem says \"when executing the code\", and in Python, the exception name is printed.\n\n   Therefore, I will put: 'AttributeError'\n\n   However, let me check: if we run the code, the traceback would say:\n\n        Traceback (most recent call last):\n          File \"<stdin>\", line 1, in <module>\n          File \"<stdin>\", line 3, in f\n        AttributeError: 'list' object has no attribute 'splitlines'\n\n   The last line is the exception type and message. The type is AttributeError.\n\n   So the output (in terms of what is printed as the exception) includes the type.\n\n   Therefore, I will complete the assert statement with the string 'AttributeError'.\n\n   But note: the assert statement is comparing the result of f3(f2(f1(...))) to this string. That doesn't make sense because the function doesn't return a string, it raises an exception. However, if we consider the entire execution, the output that is observed is the exception.\n\n   Given the instructions, I think this is the best we can do.\n\n   Alternatively, the problem might have intended the functions to be used differently. Let me double-check the parameters of f1 and f2.\n\n   The function f1 is called with:\n        array = [[1, 2, 3], [1, 2], 1]\n        elem = [[1, 2, 3], 3, [2, 1]]\n\n   But note: the first argument is a list that contains both lists and an integer. The extend method will work because elem is iterable.\n\n   Then f2 is called with the resulting list. The function f2 is:\n\n        def f(text):\n            ls = []\n            for x in text:\n                ls.append(x.splitlines())\n            return ls\n\n   This function is intended for a string? But we are not giving it a string.\n\n   Unless the list we built is meant to be a list of strings? But it's not.\n\n   Therefore, I think 'AttributeError' is the answer.\n\n   But wait, the function f2 might be called on a list of strings? Our list has integers and lists, not strings.\n\n   So I will go with that.\n\n   Final answer: 'AttributeError'"
}