{
  "segments": [
    {
      "text": "We are given two functions: f1 and f2.",
      "start_char": 0,
      "end_char": 38,
      "label": "empty",
      "label_info": {
        "type": "empty"
      }
    },
    {
      "text": "We are to compute: f2(f1('tqzym', 5, 'c'))",
      "start_char": 40,
      "end_char": 82,
      "label": "mental_execution",
      "label_info": {
        "type": "mental_execution"
      }
    },
    {
      "text": "First, let's compute f1('tqzym', 5, 'c'): In f1, the condition is: if limit < len(text) -> then return text[0:limit]\n   Here, limit = 5, and len('tqzym') is 5 -> so condition is false (since 5 < 5 is false).",
      "start_char": 85,
      "end_char": 295,
      "label": "mental_execution",
      "label_info": {
        "type": "mental_execution"
      }
    },
    {
      "text": "Therefore, we do: return text.ljust(limit, char)",
      "start_char": 299,
      "end_char": 347,
      "label": "code_analysis",
      "label_info": {
        "type": "code_analysis"
      }
    },
    {
      "text": "This means: left-justify the string in a string of length 5, padding with the char 'c' if needed.",
      "start_char": 351,
      "end_char": 448,
      "label": "code_analysis",
      "label_info": {
        "type": "code_analysis"
      }
    },
    {
      "text": "Since the string is already 5 characters long, no padding is added. So f1 returns 'tqzym'.",
      "start_char": 452,
      "end_char": 542,
      "label": "mental_execution",
      "label_info": {
        "type": "mental_execution"
      }
    },
    {
      "text": "Now, we pass this result to f2: f2('tqzym')",
      "start_char": 545,
      "end_char": 588,
      "label": "mental_execution",
      "label_info": {
        "type": "mental_execution"
      }
    },
    {
      "text": "In f2: \n     First, split the string by space: 'tqzym' has no spaces, so strs becomes ['tqzym'].",
      "start_char": 592,
      "end_char": 688,
      "label": "code_analysis",
      "label_info": {
        "type": "code_analysis"
      }
    },
    {
      "text": "Then, we loop for i in range(1, len(strs), 2): The list has length 1, so the range is from 1 to 1 (exclusive) with step 2 -> no indices. Then we return ' '.join(strs) -> which is just 'tqzym'.",
      "start_char": 694,
      "end_char": 900,
      "label": "mental_execution",
      "label_info": {
        "type": "mental_execution"
      }
    },
    {
      "text": "Therefore, the output is 'tqzym'.",
      "start_char": 903,
      "end_char": 936,
      "label": "mental_execution",
      "label_info": {
        "type": "mental_execution"
      }
    },
    {
      "text": "However, note that the problem says: \"the output when executing the code on the given test case\".",
      "start_char": 939,
      "end_char": 1036,
      "label": "mental_execution",
      "label_info": {
        "type": "mental_execution"
      }
    },
    {
      "text": "We must be cautious: the function names are f1 and f2, and the call is f2(f1(...)). But note: the function f2 is defined as:\n   def f(strs):   # but the function is named f2?",
      "start_char": 1039,
      "end_char": 1213,
      "label": "code_analysis",
      "label_info": {
        "type": "code_analysis"
      }
    },
    {
      "text": "Actually, the function name is f2 but the parameter is named 'strs'\n\n However, the function definition for f2 is:\n   def f(strs):   # This is a mistake?",
      "start_char": 1216,
      "end_char": 1368,
      "label": "bug_fixing",
      "label_info": {
        "type": "bug_fixing"
      }
    },
    {
      "text": "Actually, the problem says \"f2\" but the function is named \"f\".",
      "start_char": 1369,
      "end_char": 1431,
      "label": "bug_fixing",
      "label_info": {
        "type": "bug_fixing"
      }
    },
    {
      "text": "Let me check the code:\n\n   # f1\n   def f(text, limit, char): ... \n\n   # f2\n   def f(strs): ...",
      "start_char": 1435,
      "end_char": 1529,
      "label": "code_analysis",
      "label_info": {
        "type": "code_analysis"
      }
    },
    {
      "text": "This is a problem because both functions are named 'f'. But note the problem says:\n\n   \"Based on the given Python code, which may contain errors\"\n\n So we have to assume that the code is as given.",
      "start_char": 1533,
      "end_char": 1728,
      "label": "bug_fixing",
      "label_info": {
        "type": "bug_fixing"
      }
    },
    {
      "text": "However, the second function is defined as f, not f2. But wait, the problem says:\n\n   # f2\n   def f(strs):\n\n This is a typo?",
      "start_char": 1729,
      "end_char": 1853,
      "label": "bug_fixing",
      "label_info": {
        "type": "bug_fixing"
      }
    },
    {
      "text": "Actually, the problem states that the function is named f2 in the comment, but the code uses 'f'.",
      "start_char": 1856,
      "end_char": 1953,
      "label": "bug_fixing",
      "label_info": {
        "type": "bug_fixing"
      }
    },
    {
      "text": "However, the assert statement is: \n   assert f2(f1('tqzym', 5, 'c')) == \n\n This will cause an error because f2 is not defined.",
      "start_char": 1957,
      "end_char": 2083,
      "label": "code_analysis",
      "label_info": {
        "type": "code_analysis"
      }
    },
    {
      "text": "The function is named f, not f2. But note: the problem says \"the given Python code\", and the code for the second function is:\n\n   # f2\n   def f(strs): So the function is named f, not f2.",
      "start_char": 2084,
      "end_char": 2270,
      "label": "bug_fixing",
      "label_info": {
        "type": "bug_fixing"
      }
    },
    {
      "text": "Therefore, the call to f2 will fail.",
      "start_char": 2275,
      "end_char": 2311,
      "label": "mental_execution",
      "label_info": {
        "type": "mental_execution"
      }
    },
    {
      "text": "However, the problem says: \"which may contain errors\", but we are to complete the assert statement with the output when executing the code.",
      "start_char": 2314,
      "end_char": 2453,
      "label": "mental_execution",
      "label_info": {
        "type": "mental_execution"
      }
    },
    {
      "text": "Since the code has an error (f2 is not defined because the function is named f), we must consider what the intended code is.",
      "start_char": 2456,
      "end_char": 2580,
      "label": "bug_fixing",
      "label_info": {
        "type": "bug_fixing"
      }
    },
    {
      "text": "Alternatively, the problem might have intended the second function to be named f2? But the code says \"def f(strs)\".",
      "start_char": 2583,
      "end_char": 2698,
      "label": "code_analysis",
      "label_info": {
        "type": "code_analysis"
      }
    },
    {
      "text": "Let me read the problem again: \"Based on the given Python code\"\n\n The code for f2 is:\n\n   # f2\n   def f(strs):\n       ... So the function is named f, but the comment says it's f2.",
      "start_char": 2701,
      "end_char": 2880,
      "label": "code_analysis",
      "label_info": {
        "type": "code_analysis"
      }
    },
    {
      "text": "In the assert statement, we are calling f2.",
      "start_char": 2886,
      "end_char": 2929,
      "label": "code_analysis",
      "label_info": {
        "type": "code_analysis"
      }
    },
    {
      "text": "This will result in a NameError because f2 is not defined.",
      "start_char": 2930,
      "end_char": 2988,
      "label": "bug_fixing",
      "label_info": {
        "type": "bug_fixing"
      }
    },
    {
      "text": "However, the problem says: \"complete the assert statement with the output when executing the code on the given test case\".",
      "start_char": 2991,
      "end_char": 3113,
      "label": "code_analysis",
      "label_info": {
        "type": "code_analysis"
      }
    },
    {
      "text": "If we run the code as given, we get:\n\n   Traceback (most recent call last):\n     File \"<string>\", line 15, in <module>\n   NameError: name 'f2' is not defined But the problem says: \"Do not output any extra information, even if the function is incorrect or incomplete.",
      "start_char": 3116,
      "end_char": 3382,
      "label": "mental_execution",
      "label_info": {
        "type": "mental_execution"
      }
    },
    {
      "text": "\"\n\n And: \"Only return the output of the function without any other information and assert statement.",
      "start_char": 3384,
      "end_char": 3484,
      "label": "mental_execution",
      "label_info": {
        "type": "mental_execution"
      }
    },
    {
      "text": "\"\n\n However, the problem also says: \"If the output is a string, enclose it in single quotes.\" But what if there is an error? The problem does not specify.",
      "start_char": 3484,
      "end_char": 3638,
      "label": "test_generation",
      "label_info": {
        "type": "test_generation"
      }
    },
    {
      "text": "Let me re-read: \"complete the assert statement with the output when executing the code\"\n\n The output of the code when executing the assert statement?",
      "start_char": 3643,
      "end_char": 3792,
      "label": "code_analysis",
      "label_info": {
        "type": "code_analysis"
      }
    },
    {
      "text": "The entire script would crash. But note: the problem says \"the output of the function\", meaning the return value of the function call in the assert?",
      "start_char": 3793,
      "end_char": 3941,
      "label": "mental_execution",
      "label_info": {
        "type": "mental_execution"
      }
    },
    {
      "text": "However, the assert statement is not complete.",
      "start_char": 3946,
      "end_char": 3992,
      "label": "bug_fixing",
      "label_info": {
        "type": "bug_fixing"
      }
    },
    {
      "text": "We are to complete the right-hand side.",
      "start_char": 3993,
      "end_char": 4032,
      "label": "high_level_plan",
      "label_info": {
        "type": "high_level_plan"
      }
    },
    {
      "text": "Alternatively, perhaps the problem intended the second function to be called f2?",
      "start_char": 4035,
      "end_char": 4115,
      "label": "bug_fixing",
      "label_info": {
        "type": "bug_fixing"
      }
    },
    {
      "text": "Since the problem states:\n\n   # f2\n   def f(strs):\n\n This is ambiguous. But note that the problem says \"the given Python code\", and the code defines two functions: \n   one named f (with three parameters) and another named f (with one parameter).",
      "start_char": 4119,
      "end_char": 4364,
      "label": "code_analysis",
      "label_info": {
        "type": "code_analysis"
      }
    },
    {
      "text": "This is also a problem because the second definition of f will override the first. So the code has two errors:\n   1.",
      "start_char": 4368,
      "end_char": 4484,
      "label": "bug_fixing",
      "label_info": {
        "type": "bug_fixing"
      }
    },
    {
      "text": "The second function is named f, not f2.\n   2.",
      "start_char": 4487,
      "end_char": 4532,
      "label": "bug_fixing",
      "label_info": {
        "type": "bug_fixing"
      }
    },
    {
      "text": "The function f is defined twice (the second one replaces the first).",
      "start_char": 4533,
      "end_char": 4601,
      "label": "bug_fixing",
      "label_info": {
        "type": "bug_fixing"
      }
    },
    {
      "text": "Therefore, when we call f1, it is actually the second function (the one that should be f2) because the first definition of f (which was f1) is gone. How does the code run? Step by step:\n\n   - First, define function f (for f1): \n        def f(text, limit, char): ...\n\n   - Then, define function f (for f2): \n        def f(strs): ...   -> this redefines f, so now f is the second function.\n\n   -",
      "start_char": 4604,
      "end_char": 5003,
      "label": "code_analysis",
      "label_info": {
        "type": "code_analysis"
      }
    },
    {
      "text": "Then, we have the assert: \n        assert f2(f1('tqzym', 5, 'c')) == \n\n   But now, f1 is not defined! Because we never defined f1.",
      "start_char": 5004,
      "end_char": 5134,
      "label": "code_analysis",
      "label_info": {
        "type": "code_analysis"
      }
    },
    {
      "text": "We defined two functions both named f. So the code will fail at the first call:",
      "start_char": 5135,
      "end_char": 5214,
      "label": "code_analysis",
      "label_info": {
        "type": "code_analysis"
      }
    },
    {
      "text": "NameError: name 'f1' is not defined.",
      "start_char": 5219,
      "end_char": 5255,
      "label": "bug_fixing",
      "label_info": {
        "type": "bug_fixing"
      }
    },
    {
      "text": "Therefore, the code as given has multiple errors.",
      "start_char": 5258,
      "end_char": 5307,
      "label": "bug_fixing",
      "label_info": {
        "type": "bug_fixing"
      }
    },
    {
      "text": "However, the problem says: \"which may contain errors\", and we are to run the code on the test case.",
      "start_char": 5310,
      "end_char": 5409,
      "label": "mental_execution",
      "label_info": {
        "type": "mental_execution"
      }
    },
    {
      "text": "Given the ambiguity, I suspect that the problem intended:\n\n   The first function is named f1 and the second is named f2. But the code as written does not do that.",
      "start_char": 5412,
      "end_char": 5574,
      "label": "bug_fixing",
      "label_info": {
        "type": "bug_fixing"
      }
    },
    {
      "text": "Alternatively, the problem might have intended:\n\n   # f1\n   def f1(text, limit, char): ...   # but it says \"def f\"\n\n   # f2\n   def f2(strs): ...                # but it says \"def f\"\n\n So we have to fix the code?",
      "start_char": 5579,
      "end_char": 5790,
      "label": "bug_fixing",
      "label_info": {
        "type": "bug_fixing"
      }
    },
    {
      "text": "The problem says \"based on the given Python code\", meaning we run it as is. But then the code will crash.",
      "start_char": 5791,
      "end_char": 5896,
      "label": "code_analysis",
      "label_info": {
        "type": "code_analysis"
      }
    },
    {
      "text": "However, the problem says: \"complete the assert statement with the output\"\n\n How can we complete the assert statement if the code crashes?",
      "start_char": 5901,
      "end_char": 6039,
      "label": "bug_fixing",
      "label_info": {
        "type": "bug_fixing"
      }
    },
    {
      "text": "The problem says: \"even if the function is incorrect or incomplete\"\n\n But it doesn't say what to do in case of an exception.",
      "start_char": 6042,
      "end_char": 6166,
      "label": "bug_fixing",
      "label_info": {
        "type": "bug_fixing"
      }
    },
    {
      "text": "Since the problem asks for the output of the function call (i.e., the value that would be compared in the assert), \n and if the code crashes then there is no such value. But note: the problem says \"the output when executing the code on the given test case\".",
      "start_char": 6169,
      "end_char": 6426,
      "label": "mental_execution",
      "label_info": {
        "type": "mental_execution"
      }
    },
    {
      "text": "If we run the code, we get an exception.",
      "start_char": 6432,
      "end_char": 6472,
      "label": "mental_execution",
      "label_info": {
        "type": "mental_execution"
      }
    },
    {
      "text": "However, the problem does not specify how to represent an exception.",
      "start_char": 6473,
      "end_char": 6541,
      "label": "bug_fixing",
      "label_info": {
        "type": "bug_fixing"
      }
    },
    {
      "text": "Alternatively, perhaps we are to assume that the functions are defined correctly as per their comments?\n\n Let me look at the problem statement again: it says \"the given Python code\", and the code is:\n\n   # f1\n   def f(text, limit, char):\n       ...\n\n   # f2\n   def f(strs):\n       ...",
      "start_char": 6544,
      "end_char": 6828,
      "label": "code_analysis",
      "label_info": {
        "type": "code_analysis"
      }
    },
    {
      "text": "assert f2(f1('tqzym', 5, 'c')) == \n\n This code is erroneous. But the problem says \"may contain errors\", so we must run it as is.",
      "start_char": 6833,
      "end_char": 6961,
      "label": "bug_fixing",
      "label_info": {
        "type": "bug_fixing"
      }
    },
    {
      "text": "However, the problem also says: \"complete the assert statement with the output\"\n\n Since the code will crash, there is no output from the function call. But the problem expects the output of the function call in the assert.",
      "start_char": 6964,
      "end_char": 7186,
      "label": "code_analysis",
      "label_info": {
        "type": "code_analysis"
      }
    },
    {
      "text": "Given the confusion, I think the intended code is:\n\n   def f1(text, limit, char):\n        ...",
      "start_char": 7189,
      "end_char": 7282,
      "label": "bug_fixing",
      "label_info": {
        "type": "bug_fixing"
      }
    },
    {
      "text": "def f2(strs):\n        ...\n\n   assert f2(f1('tqzym', 5, 'c')) == ... So I will assume that the function names are as per the comments (f1 and f2) and that the code has a typo in the function definitions. Why?",
      "start_char": 7288,
      "end_char": 7495,
      "label": "bug_fixing",
      "label_info": {
        "type": "bug_fixing"
      }
    },
    {
      "text": "Because the problem labels them as f1 and f2. Therefore, I will interpret the code as:\n\n   f1 is defined as:\n        def f1(text, limit, char):\n            if limit < len(text):\n                return text[0:limit]\n            return text.ljust(limit, char)\n\n   f2 is defined as:\n        def f2(strs):\n            strs = strs.split()\n            for i in range(1, len(strs), 2):\n                strs[i] = ''.join(reversed(strs[i]))\n            return ' '.join(strs) Then we compute:\n\n   f1('tqzym', 5, 'c') -> returns 'tqzym' (as explained above)\n\n   f2('tqzym') -> \n        splits 'tqzym' by space -> ['tqzym']\n        then loop: i from 1 to len(strs) (which is 1) with step 2 -> no iteration. then returns ' '.join(['tqzym']) -> 'tqzym' So the output is 'tqzym'\n\n Therefore, the assert statement should be:\n\n   assert f2(f1('tqzym', 5, 'c')) == 'tqzym'\n\n But note: the problem says \"Only return the output of the function without any other information and assert statement.",
      "start_char": 7501,
      "end_char": 8490,
      "label": "mental_execution",
      "label_info": {
        "type": "mental_execution"
      }
    },
    {
      "text": "\"\n\n And \"If the output is a string, enclose it in single quotes. \"\n\n So we output: 'tqzym'\n\n However, let me double-check the f1 function: \n   When limit == len(text), we do text.ljust(limit, char).",
      "start_char": 8490,
      "end_char": 8687,
      "label": "code_analysis",
      "label_info": {
        "type": "code_analysis"
      }
    },
    {
      "text": "The string is already of length 5, so ljust returns the same string without padding. And f2:",
      "start_char": 8692,
      "end_char": 8784,
      "label": "mental_execution",
      "label_info": {
        "type": "mental_execution"
      }
    },
    {
      "text": "The string has no spaces, so split returns a list of one element.",
      "start_char": 8791,
      "end_char": 8856,
      "label": "mental_execution",
      "label_info": {
        "type": "mental_execution"
      }
    },
    {
      "text": "The loop doesn't run because the list has only one element (index 0) and we start at index 1 which is out of range.",
      "start_char": 8861,
      "end_char": 8976,
      "label": "code_analysis",
      "label_info": {
        "type": "code_analysis"
      }
    },
    {
      "text": "Therefore, the result is the same string. But what if the function names are not fixed? Then the code crashes.",
      "start_char": 8979,
      "end_char": 9089,
      "label": "mental_execution",
      "label_info": {
        "type": "mental_execution"
      }
    },
    {
      "text": "However, the problem says \"even if the function is incorrect\", \n but we are to provide the output of the function call.",
      "start_char": 9092,
      "end_char": 9211,
      "label": "mental_execution",
      "label_info": {
        "type": "mental_execution"
      }
    },
    {
      "text": "Since the problem does not specify how to handle errors, and given the ambiguity, I think the intended answer is 'tqzym'.",
      "start_char": 9215,
      "end_char": 9336,
      "label": "mental_execution",
      "label_info": {
        "type": "mental_execution"
      }
    },
    {
      "text": "Alternatively, if we run the code exactly as given, we get:",
      "start_char": 9339,
      "end_char": 9398,
      "label": "mental_execution",
      "label_info": {
        "type": "mental_execution"
      }
    },
    {
      "text": "NameError: name 'f1' is not defined But the problem says \"the output of the function\", meaning the return value?",
      "start_char": 9403,
      "end_char": 9515,
      "label": "bug_fixing",
      "label_info": {
        "type": "bug_fixing"
      }
    },
    {
      "text": "And if there's an exception, there is no return value.",
      "start_char": 9518,
      "end_char": 9572,
      "label": "code_analysis",
      "label_info": {
        "type": "code_analysis"
      }
    },
    {
      "text": "However, the problem says \"complete the assert statement\", meaning we are to write the value that should be on the right-hand side.",
      "start_char": 9575,
      "end_char": 9706,
      "label": "code_analysis",
      "label_info": {
        "type": "code_analysis"
      }
    },
    {
      "text": "Given the context, I believe the problem intended the functions to be named f1 and f2.",
      "start_char": 9709,
      "end_char": 9795,
      "label": "bug_fixing",
      "label_info": {
        "type": "bug_fixing"
      }
    },
    {
      "text": "Therefore, I will output: 'tqzym'",
      "start_char": 9798,
      "end_char": 9831,
      "label": "mental_execution",
      "label_info": {
        "type": "mental_execution"
      }
    }
  ],
  "original_reasoning": "We are given two functions: f1 and f2.\n We are to compute: f2(f1('tqzym', 5, 'c'))\n\n First, let's compute f1('tqzym', 5, 'c'):\n   In f1, the condition is: if limit < len(text) -> then return text[0:limit]\n   Here, limit = 5, and len('tqzym') is 5 -> so condition is false (since 5 < 5 is false).\n   Therefore, we do: return text.ljust(limit, char)\n   This means: left-justify the string in a string of length 5, padding with the char 'c' if needed.\n   Since the string is already 5 characters long, no padding is added. So f1 returns 'tqzym'.\n\n Now, we pass this result to f2: f2('tqzym')\n   In f2: \n     First, split the string by space: 'tqzym' has no spaces, so strs becomes ['tqzym'].\n     Then, we loop for i in range(1, len(strs), 2): \n        The list has length 1, so the range is from 1 to 1 (exclusive) with step 2 -> no indices.\n     Then we return ' '.join(strs) -> which is just 'tqzym'.\n\n Therefore, the output is 'tqzym'.\n\n However, note that the problem says: \"the output when executing the code on the given test case\". \n We must be cautious: the function names are f1 and f2, and the call is f2(f1(...)).\n\n But note: the function f2 is defined as:\n   def f(strs):   # but the function is named f2? Actually, the function name is f2 but the parameter is named 'strs'\n\n However, the function definition for f2 is:\n   def f(strs):   # This is a mistake? Actually, the problem says \"f2\" but the function is named \"f\". \n\n Let me check the code:\n\n   # f1\n   def f(text, limit, char): ... \n\n   # f2\n   def f(strs): ... \n\n This is a problem because both functions are named 'f'. But note the problem says:\n\n   \"Based on the given Python code, which may contain errors\"\n\n So we have to assume that the code is as given. However, the second function is defined as f, not f2.\n\n But wait, the problem says:\n\n   # f2\n   def f(strs):\n\n This is a typo? Actually, the problem states that the function is named f2 in the comment, but the code uses 'f'. \n\n However, the assert statement is: \n   assert f2(f1('tqzym', 5, 'c')) == \n\n This will cause an error because f2 is not defined. The function is named f, not f2.\n\n But note: the problem says \"the given Python code\", and the code for the second function is:\n\n   # f2\n   def f(strs):\n\n So the function is named f, not f2. Therefore, the call to f2 will fail.\n\n However, the problem says: \"which may contain errors\", but we are to complete the assert statement with the output when executing the code.\n\n Since the code has an error (f2 is not defined because the function is named f), we must consider what the intended code is.\n\n Alternatively, the problem might have intended the second function to be named f2? But the code says \"def f(strs)\".\n\n Let me read the problem again: \"Based on the given Python code\"\n\n The code for f2 is:\n\n   # f2\n   def f(strs):\n       ...\n\n So the function is named f, but the comment says it's f2. \n\n In the assert statement, we are calling f2. This will result in a NameError because f2 is not defined.\n\n However, the problem says: \"complete the assert statement with the output when executing the code on the given test case\".\n\n If we run the code as given, we get:\n\n   Traceback (most recent call last):\n     File \"<string>\", line 15, in <module>\n   NameError: name 'f2' is not defined\n\n But the problem says: \"Do not output any extra information, even if the function is incorrect or incomplete.\"\n\n And: \"Only return the output of the function without any other information and assert statement.\"\n\n However, the problem also says: \"If the output is a string, enclose it in single quotes.\"\n\n But what if there is an error? The problem does not specify.\n\n Let me re-read: \"complete the assert statement with the output when executing the code\"\n\n The output of the code when executing the assert statement? The entire script would crash.\n\n But note: the problem says \"the output of the function\", meaning the return value of the function call in the assert?\n\n However, the assert statement is not complete. We are to complete the right-hand side.\n\n Alternatively, perhaps the problem intended the second function to be called f2? \n\n Since the problem states:\n\n   # f2\n   def f(strs):\n\n This is ambiguous. But note that the problem says \"the given Python code\", and the code defines two functions: \n   one named f (with three parameters) and another named f (with one parameter). \n\n This is also a problem because the second definition of f will override the first.\n\n So the code has two errors:\n   1. The second function is named f, not f2.\n   2. The function f is defined twice (the second one replaces the first).\n\n Therefore, when we call f1, it is actually the second function (the one that should be f2) because the first definition of f (which was f1) is gone.\n\n How does the code run?\n\n   Step by step:\n\n   - First, define function f (for f1): \n        def f(text, limit, char): ...\n\n   - Then, define function f (for f2): \n        def f(strs): ...   -> this redefines f, so now f is the second function.\n\n   - Then, we have the assert: \n        assert f2(f1('tqzym', 5, 'c')) == \n\n   But now, f1 is not defined! Because we never defined f1. We defined two functions both named f.\n\n   So the code will fail at the first call: NameError: name 'f1' is not defined.\n\n Therefore, the code as given has multiple errors.\n\n However, the problem says: \"which may contain errors\", and we are to run the code on the test case.\n\n Given the ambiguity, I suspect that the problem intended:\n\n   The first function is named f1 and the second is named f2.\n\n But the code as written does not do that.\n\n Alternatively, the problem might have intended:\n\n   # f1\n   def f1(text, limit, char): ...   # but it says \"def f\"\n\n   # f2\n   def f2(strs): ...                # but it says \"def f\"\n\n So we have to fix the code? The problem says \"based on the given Python code\", meaning we run it as is.\n\n But then the code will crash.\n\n However, the problem says: \"complete the assert statement with the output\"\n\n How can we complete the assert statement if the code crashes?\n\n The problem says: \"even if the function is incorrect or incomplete\"\n\n But it doesn't say what to do in case of an exception.\n\n Since the problem asks for the output of the function call (i.e., the value that would be compared in the assert), \n and if the code crashes then there is no such value.\n\n But note: the problem says \"the output when executing the code on the given test case\". \n\n If we run the code, we get an exception. However, the problem does not specify how to represent an exception.\n\n Alternatively, perhaps we are to assume that the functions are defined correctly as per their comments?\n\n Let me look at the problem statement again: it says \"the given Python code\", and the code is:\n\n   # f1\n   def f(text, limit, char):\n       ...\n\n   # f2\n   def f(strs):\n       ...\n\n   assert f2(f1('tqzym', 5, 'c')) == \n\n This code is erroneous. But the problem says \"may contain errors\", so we must run it as is.\n\n However, the problem also says: \"complete the assert statement with the output\"\n\n Since the code will crash, there is no output from the function call. But the problem expects the output of the function call in the assert.\n\n Given the confusion, I think the intended code is:\n\n   def f1(text, limit, char):\n        ... \n\n   def f2(strs):\n        ...\n\n   assert f2(f1('tqzym', 5, 'c')) == ... \n\n So I will assume that the function names are as per the comments (f1 and f2) and that the code has a typo in the function definitions.\n\n Why? Because the problem labels them as f1 and f2.\n\n Therefore, I will interpret the code as:\n\n   f1 is defined as:\n        def f1(text, limit, char):\n            if limit < len(text):\n                return text[0:limit]\n            return text.ljust(limit, char)\n\n   f2 is defined as:\n        def f2(strs):\n            strs = strs.split()\n            for i in range(1, len(strs), 2):\n                strs[i] = ''.join(reversed(strs[i]))\n            return ' '.join(strs)\n\n Then we compute:\n\n   f1('tqzym', 5, 'c') -> returns 'tqzym' (as explained above)\n\n   f2('tqzym') -> \n        splits 'tqzym' by space -> ['tqzym']\n        then loop: i from 1 to len(strs) (which is 1) with step 2 -> no iteration.\n        then returns ' '.join(['tqzym']) -> 'tqzym'\n\n So the output is 'tqzym'\n\n Therefore, the assert statement should be:\n\n   assert f2(f1('tqzym', 5, 'c')) == 'tqzym'\n\n But note: the problem says \"Only return the output of the function without any other information and assert statement.\"\n\n And \"If the output is a string, enclose it in single quotes.\"\n\n So we output: 'tqzym'\n\n However, let me double-check the f1 function: \n   When limit == len(text), we do text.ljust(limit, char). \n   The string is already of length 5, so ljust returns the same string without padding.\n\n And f2: \n   The string has no spaces, so split returns a list of one element. \n   The loop doesn't run because the list has only one element (index 0) and we start at index 1 which is out of range.\n\n Therefore, the result is the same string.\n\n But what if the function names are not fixed? Then the code crashes. However, the problem says \"even if the function is incorrect\", \n but we are to provide the output of the function call. \n\n Since the problem does not specify how to handle errors, and given the ambiguity, I think the intended answer is 'tqzym'.\n\n Alternatively, if we run the code exactly as given, we get:\n\n   NameError: name 'f1' is not defined\n\n But the problem says \"the output of the function\", meaning the return value? And if there's an exception, there is no return value.\n\n However, the problem says \"complete the assert statement\", meaning we are to write the value that should be on the right-hand side.\n\n Given the context, I believe the problem intended the functions to be named f1 and f2.\n\n Therefore, I will output: 'tqzym'"
}