{
  "segments": [
    {
      "text": "We are given two functions: f1 and f2 (but note the function names in the code are f for both, but one is commented as f1 and the other as f2)",
      "start_char": 0,
      "end_char": 142,
      "label": "code_analysis",
      "label_info": {
        "type": "code_analysis"
      }
    },
    {
      "text": "However, the code defines two functions with the same name 'f'. But in the assert statement, we are using f1 and f2. Let me reexamine the problem:\n\n The code is:\n\n # f1\n def f(letters):\n     letters_only = letters.strip(\"., !? *\")\n     return \"....\".join(letters_only.split(\" \"))\n\n # f2\n def f(s):\n     if s.isalpha():\n         return \"yes\"\n     if s == \"\":\n         return \"str is empty\"\n     return \"no\"\n\n But note: the second definition of f will override the first.",
      "start_char": 144,
      "end_char": 614,
      "label": "code_analysis",
      "label_info": {
        "type": "code_analysis"
      }
    },
    {
      "text": "However, the problem says \"based on the given Python code\", and the assert statement uses f1 and f2. This is confusing. But note the comments: the first function is labeled as f1 and the second as f2.",
      "start_char": 615,
      "end_char": 815,
      "label": "code_analysis",
      "label_info": {
        "type": "code_analysis"
      }
    },
    {
      "text": "However, in the code, both are named 'f'. So if we run the code as is, the second f will replace the first. But the assert statement is: \n   assert f2(f1(\"h,e,l,l,o,wo,r,ld,\")) == \n\n How should we interpret this?",
      "start_char": 820,
      "end_char": 1034,
      "label": "code_analysis",
      "label_info": {
        "type": "code_analysis"
      }
    },
    {
      "text": "The problem says: \"complete the assert statement with the output when executing the code on the given test case\"\n\n Since the code has two functions both named 'f', we must consider that the second definition of f (the one labeled #f2) is the one that remains. But the assert uses f1 and f2. This is an error in the code.",
      "start_char": 1037,
      "end_char": 1357,
      "label": "bug_fixing",
      "label_info": {
        "type": "bug_fixing"
      }
    },
    {
      "text": "However, the problem says \"may contain errors\", but we are to run the code as given.",
      "start_char": 1360,
      "end_char": 1444,
      "label": "mental_execution",
      "label_info": {
        "type": "mental_execution"
      }
    },
    {
      "text": "Alternatively, perhaps the problem intended to have two separate functions named f1 and f2? But the code does not do that.",
      "start_char": 1447,
      "end_char": 1569,
      "label": "code_analysis",
      "label_info": {
        "type": "code_analysis"
      }
    },
    {
      "text": "Let me read the problem again: \"Based on the given Python code, which may contain errors\"\n\n We have to assume the code is as written. So the second function f (f2) will override the first function f (f1).",
      "start_char": 1572,
      "end_char": 1776,
      "label": "high_level_plan",
      "label_info": {
        "type": "high_level_plan"
      }
    },
    {
      "text": "Therefore, when we call f1, it is actually the second function? That doesn't make sense.",
      "start_char": 1777,
      "end_char": 1865,
      "label": "code_analysis",
      "label_info": {
        "type": "code_analysis"
      }
    },
    {
      "text": "Alternatively, the problem might have intended:\n\n   def f1(letters):\n        ... def f2(s):\n        ... But it didn't. So we have to run the code as provided.",
      "start_char": 1868,
      "end_char": 2026,
      "label": "code_analysis",
      "label_info": {
        "type": "code_analysis"
      }
    },
    {
      "text": "However, note that the assert statement is written as f2(f1(...)).",
      "start_char": 2035,
      "end_char": 2101,
      "label": "code_analysis",
      "label_info": {
        "type": "code_analysis"
      }
    },
    {
      "text": "This would require two functions: f1 and f2. But in the code, we only have one function named f (the last one) and the first function f is lost.",
      "start_char": 2102,
      "end_char": 2246,
      "label": "code_analysis",
      "label_info": {
        "type": "code_analysis"
      }
    },
    {
      "text": "Therefore, if we run the code, we will get a NameError for f1 and f2 because they are not defined. But wait, the problem says: \"complete the assert statement with the output when executing the code on the given test case\"\n\n And the instruction: \"even if the function is incorrect or incomplete\"\n\n So we must simulate what happens when we run the code.",
      "start_char": 2249,
      "end_char": 2600,
      "label": "mental_execution",
      "label_info": {
        "type": "mental_execution"
      }
    },
    {
      "text": "However, the code as provided will not run because f1 and f2 are not defined. But note: the code defines two functions, but both are named 'f'. So we have:\n\n   f defined as the second one (the one that checks for alpha) and the first f is gone.",
      "start_char": 2605,
      "end_char": 2849,
      "label": "code_analysis",
      "label_info": {
        "type": "code_analysis"
      }
    },
    {
      "text": "Therefore, the call f1(...) would be undefined. But the problem says: \"Do not output any extra information\", and \"complete the assert statement with the output\"\n\n How to resolve?\n\n Let me look at the problem again: the code is given with two function definitions, but both are named f. The assert uses f1 and f2. This is an error.",
      "start_char": 2852,
      "end_char": 3182,
      "label": "code_analysis",
      "label_info": {
        "type": "code_analysis"
      }
    },
    {
      "text": "However, the problem says \"may contain errors\".",
      "start_char": 3187,
      "end_char": 3234,
      "label": "mental_execution",
      "label_info": {
        "type": "mental_execution"
      }
    },
    {
      "text": "We are to run the code and see what happens. But note: the problem says \"when executing the code on the given test case\".",
      "start_char": 3235,
      "end_char": 3356,
      "label": "mental_execution",
      "label_info": {
        "type": "mental_execution"
      }
    },
    {
      "text": "The code includes the two function definitions and the assert. So the entire code would be:\n\n   def f(letters):\n        ...",
      "start_char": 3359,
      "end_char": 3482,
      "label": "code_analysis",
      "label_info": {
        "type": "code_analysis"
      }
    },
    {
      "text": "# f1 body\n\n   def f(s):\n        ...",
      "start_char": 3485,
      "end_char": 3520,
      "label": "code_analysis",
      "label_info": {
        "type": "code_analysis"
      }
    },
    {
      "text": "# f2 body\n\n   assert f2(f1(\"h,e,l,l,o,wo,r,ld,\")) == ... \n\n This will fail because f1 is not defined.",
      "start_char": 3521,
      "end_char": 3622,
      "label": "bug_fixing",
      "label_info": {
        "type": "bug_fixing"
      }
    },
    {
      "text": "Alternatively, perhaps the problem intended that we consider the first function as f1 and the second as f2? But the code doesn't define them that way.",
      "start_char": 3625,
      "end_char": 3775,
      "label": "code_analysis",
      "label_info": {
        "type": "code_analysis"
      }
    },
    {
      "text": "Since the problem says \"based on the given Python code\", we must consider the code as written.",
      "start_char": 3778,
      "end_char": 3872,
      "label": "code_analysis",
      "label_info": {
        "type": "code_analysis"
      }
    },
    {
      "text": "The code defines two functions, but the second overrides the first. Then we have an assert that uses f1 and f2, which are not defined.",
      "start_char": 3873,
      "end_char": 4007,
      "label": "code_analysis",
      "label_info": {
        "type": "code_analysis"
      }
    },
    {
      "text": "Therefore, the code would throw a NameError. But the problem says: \"complete the assert statement with the output\", meaning the value that the expression f2(f1(...)) returns.",
      "start_char": 4010,
      "end_char": 4184,
      "label": "mental_execution",
      "label_info": {
        "type": "mental_execution"
      }
    },
    {
      "text": "However, the code doesn't run. So what to do?\n\n Let me reexamine: the problem says \"which may contain errors\", and we are to complete the assert with the output when executing. But note: the problem does not say that the code runs without error. So we have to consider the intended logic.",
      "start_char": 4189,
      "end_char": 4477,
      "label": "code_analysis",
      "label_info": {
        "type": "code_analysis"
      }
    },
    {
      "text": "Alternatively, the problem might have a typo and we are to assume that the first function is f1 and the second is f2?",
      "start_char": 4482,
      "end_char": 4599,
      "label": "bug_fixing",
      "label_info": {
        "type": "bug_fixing"
      }
    },
    {
      "text": "Since the problem labels the functions with comments, perhaps we are to treat them as such.",
      "start_char": 4603,
      "end_char": 4694,
      "label": "high_level_plan",
      "label_info": {
        "type": "high_level_plan"
      }
    },
    {
      "text": "How about we interpret the problem as:\n\n   The function f1 is defined by the first block and f2 by the second block. Then we can compute:\n\n   Step 1: call f1 with the string \"h,e,l,l,o,wo,r,ld,\"\n\n   f1: \n        letters = \"h,e,l,l,o,wo,r,ld,\"\n        letters_only = letters.strip(\"., !? *\") \n          -> strip removes any of the characters in the set from the beginning and end.\n          ->",
      "start_char": 4697,
      "end_char": 5090,
      "label": "high_level_plan",
      "label_info": {
        "type": "high_level_plan"
      }
    },
    {
      "text": "The string starts with 'h' and ends with ','. The set includes ',' and '.' and space, etc.\n          -> So we remove from the beginning: nothing because the first char 'h' is not in the set? \n          -> From the end: the last char is ',' which is in the set, so remove. Then the new last char is 'd'? \n          -> But note: there are multiple commas at the end? The string ends with a comma. So we remove trailing commas, periods, spaces, etc. until a non-matching char. Let's break down the string: \"h,e,l,l,o,wo,r,ld,\"\n          Trailing: the last character is ',' -> remove. Then we get \"h,e,l,l,o,wo,r,ld\"\n          Now the last character is 'd' -> not in the set, so stop. At the beginning: first character is 'h' -> not in the set, so nothing to remove. Therefore, letters_only = \"h,e,l,l,o,wo,r,ld\"\n\n        Then: split the string by space -> but there are no spaces in the string. So split(\" \") returns the whole string as one element in a list: [\"h,e,l,l,o,wo,r,ld\"]\n\n        Then: join with \"....\" -> so we get \"h,e,l,l,o,wo,r,ld\" (because one element) Therefore, f1 returns \"h,e,l,l,o,wo,r,ld\"\n\n   Step 2: call f2 with the string \"h,e,l,l,o,wo,r,ld\"\n\n   f2:\n        s = \"h,e,l,l,o,wo,r,ld\"\n        Check if s.isalpha() -> isalpha returns True only if all characters are alphabetic and there is at least one character. The string contains commas, so it is not all alphabetic -> False. Then check if s is empty -> it's not. Then return \"no\"\n\n   Therefore, the expression f2(f1(...)) returns \"no\"\n\n But wait, the problem says: the function f2 is defined as:\n\n   def f2(s):\n        if s.isalpha():\n            return \"yes\"\n        if s == \"\":\n            return \"str is empty\"\n        return \"no\"\n\n So the answer should be \"no\".",
      "start_char": 5091,
      "end_char": 6898,
      "label": "mental_execution",
      "label_info": {
        "type": "mental_execution"
      }
    },
    {
      "text": "However, note that the code we have in the second function is defined as f, not f2.",
      "start_char": 6901,
      "end_char": 6984,
      "label": "bug_fixing",
      "label_info": {
        "type": "bug_fixing"
      }
    },
    {
      "text": "And the first function is also f. So in reality, we cannot run the code as written without getting a NameError. But the problem says: \"complete the assert statement with the output when executing the code on the given test case\"\n\n And the instruction: \"even if the function is incorrect or incomplete\"\n\n We are to assume that the functions are named as per the comments?",
      "start_char": 6985,
      "end_char": 7355,
      "label": "code_analysis",
      "label_info": {
        "type": "code_analysis"
      }
    },
    {
      "text": "Or we are to assume that the code is run as written and then we get an error?",
      "start_char": 7358,
      "end_char": 7435,
      "label": "mental_execution",
      "label_info": {
        "type": "mental_execution"
      }
    },
    {
      "text": "The problem says: \"Do not output any extra information\", and \"enclose it in single quotes\" if it's a string.",
      "start_char": 7439,
      "end_char": 7547,
      "label": "code_analysis",
      "label_info": {
        "type": "code_analysis"
      }
    },
    {
      "text": "Since the intended logic (if we ignore the naming conflict) leads to \"no\", and the problem says the code may contain errors, we output the result as if the functions were named correctly.",
      "start_char": 7550,
      "end_char": 7737,
      "label": "bug_fixing",
      "label_info": {
        "type": "bug_fixing"
      }
    },
    {
      "text": "Alternatively, if we run the code exactly as written, we would get:\n\n   Traceback (most recent call last):\n     File \"<string>\", line 12, in <module>\n   NameError: name 'f1' is not defined But the problem says: \"complete the assert statement with the output\", meaning the value that the expression evaluates to? But it doesn't evaluate.",
      "start_char": 7740,
      "end_char": 8076,
      "label": "mental_execution",
      "label_info": {
        "type": "mental_execution"
      }
    },
    {
      "text": "However, the problem does not specify that we should output the error.",
      "start_char": 8081,
      "end_char": 8151,
      "label": "bug_fixing",
      "label_info": {
        "type": "bug_fixing"
      }
    },
    {
      "text": "It says \"the output when executing the code on the given test case\".",
      "start_char": 8152,
      "end_char": 8220,
      "label": "mental_execution",
      "label_info": {
        "type": "mental_execution"
      }
    },
    {
      "text": "The output of the entire script? But the assert is the last line. But note: the problem says \"the output\", meaning the value that the expression in the assert would have?",
      "start_char": 8221,
      "end_char": 8391,
      "label": "mental_execution",
      "label_info": {
        "type": "mental_execution"
      }
    },
    {
      "text": "Or the result of running the code?",
      "start_char": 8394,
      "end_char": 8428,
      "label": "mental_execution",
      "label_info": {
        "type": "mental_execution"
      }
    },
    {
      "text": "Since the problem says \"complete the assert statement\", meaning we are to write what the expression f2(f1(...)) returns.",
      "start_char": 8431,
      "end_char": 8551,
      "label": "high_level_plan",
      "label_info": {
        "type": "high_level_plan"
      }
    },
    {
      "text": "Given the ambiguity, and because the problem states that the code may contain errors, but the example test case is provided, I think we are to assume the intended functions.",
      "start_char": 8554,
      "end_char": 8727,
      "label": "high_level_plan",
      "label_info": {
        "type": "high_level_plan"
      }
    },
    {
      "text": "Therefore, I will go with the result of the intended logic: \"no\"\n\n But let me double-check the f1 function:",
      "start_char": 8730,
      "end_char": 8837,
      "label": "mental_execution",
      "label_info": {
        "type": "mental_execution"
      }
    },
    {
      "text": "Input: \"h,e,l,l,o,wo,r,ld,\"\n\n   strip: removes leading and trailing characters in the set (., !? *). The trailing comma is removed -> becomes \"h,e,l,l,o,wo,r,ld\"\n\n   split by space: the string has no space -> returns [\"h,e,l,l,o,wo,r,ld\"]\n\n   join by \"....\" -> \"h,e,l,l,o,wo,r,ld\"\n\n   Then f2: \"h,e,l,l,o,wo,r,ld\" -> contains commas -> not alpha -> returns \"no\"\n\n So the answer is 'no'\n\n However, note: what if the strip removes more?",
      "start_char": 8842,
      "end_char": 9284,
      "label": "mental_execution",
      "label_info": {
        "type": "mental_execution"
      }
    },
    {
      "text": "The set includes commas and the string has commas in the middle? But strip only removes from the ends. So the middle commas remain.",
      "start_char": 9285,
      "end_char": 9416,
      "label": "code_analysis",
      "label_info": {
        "type": "code_analysis"
      }
    },
    {
      "text": "Therefore, the final answer is 'no'",
      "start_char": 9421,
      "end_char": 9456,
      "label": "empty",
      "label_info": {
        "type": "empty"
      }
    }
  ],
  "original_reasoning": "We are given two functions: f1 and f2 (but note the function names in the code are f for both, but one is commented as f1 and the other as f2)\n However, the code defines two functions with the same name 'f'. But in the assert statement, we are using f1 and f2.\n\n Let me reexamine the problem:\n\n The code is:\n\n # f1\n def f(letters):\n     letters_only = letters.strip(\"., !?*\")\n     return \"....\".join(letters_only.split(\" \"))\n\n # f2\n def f(s):\n     if s.isalpha():\n         return \"yes\"\n     if s == \"\":\n         return \"str is empty\"\n     return \"no\"\n\n But note: the second definition of f will override the first. However, the problem says \"based on the given Python code\", and the assert statement uses f1 and f2.\n\n This is confusing. But note the comments: the first function is labeled as f1 and the second as f2.\n\n However, in the code, both are named 'f'. So if we run the code as is, the second f will replace the first.\n\n But the assert statement is: \n   assert f2(f1(\"h,e,l,l,o,wo,r,ld,\")) == \n\n How should we interpret this?\n\n The problem says: \"complete the assert statement with the output when executing the code on the given test case\"\n\n Since the code has two functions both named 'f', we must consider that the second definition of f (the one labeled #f2) is the one that remains.\n\n But the assert uses f1 and f2. This is an error in the code. However, the problem says \"may contain errors\", but we are to run the code as given.\n\n Alternatively, perhaps the problem intended to have two separate functions named f1 and f2? But the code does not do that.\n\n Let me read the problem again: \"Based on the given Python code, which may contain errors\"\n\n We have to assume the code is as written. So the second function f (f2) will override the first function f (f1). Therefore, when we call f1, it is actually the second function? That doesn't make sense.\n\n Alternatively, the problem might have intended:\n\n   def f1(letters):\n        ...\n\n   def f2(s):\n        ...\n\n But it didn't. So we have to run the code as provided.\n\n However, note that the assert statement is written as f2(f1(...)). This would require two functions: f1 and f2. But in the code, we only have one function named f (the last one) and the first function f is lost.\n\n Therefore, if we run the code, we will get a NameError for f1 and f2 because they are not defined.\n\n But wait, the problem says: \"complete the assert statement with the output when executing the code on the given test case\"\n\n And the instruction: \"even if the function is incorrect or incomplete\"\n\n So we must simulate what happens when we run the code.\n\n However, the code as provided will not run because f1 and f2 are not defined. But note: the code defines two functions, but both are named 'f'. So we have:\n\n   f defined as the second one (the one that checks for alpha) and the first f is gone.\n\n Therefore, the call f1(...) would be undefined.\n\n But the problem says: \"Do not output any extra information\", and \"complete the assert statement with the output\"\n\n How to resolve?\n\n Let me look at the problem again: the code is given with two function definitions, but both are named f. The assert uses f1 and f2.\n\n This is an error. However, the problem says \"may contain errors\". We are to run the code and see what happens.\n\n But note: the problem says \"when executing the code on the given test case\". The code includes the two function definitions and the assert.\n\n So the entire code would be:\n\n   def f(letters):\n        ... # f1 body\n\n   def f(s):\n        ... # f2 body\n\n   assert f2(f1(\"h,e,l,l,o,wo,r,ld,\")) == ... \n\n This will fail because f1 is not defined.\n\n Alternatively, perhaps the problem intended that we consider the first function as f1 and the second as f2? But the code doesn't define them that way.\n\n Since the problem says \"based on the given Python code\", we must consider the code as written. The code defines two functions, but the second overrides the first. Then we have an assert that uses f1 and f2, which are not defined.\n\n Therefore, the code would throw a NameError.\n\n But the problem says: \"complete the assert statement with the output\", meaning the value that the expression f2(f1(...)) returns.\n\n However, the code doesn't run. So what to do?\n\n Let me reexamine: the problem says \"which may contain errors\", and we are to complete the assert with the output when executing.\n\n But note: the problem does not say that the code runs without error. So we have to consider the intended logic.\n\n Alternatively, the problem might have a typo and we are to assume that the first function is f1 and the second is f2? \n\n Since the problem labels the functions with comments, perhaps we are to treat them as such.\n\n How about we interpret the problem as:\n\n   The function f1 is defined by the first block and f2 by the second block.\n\n Then we can compute:\n\n   Step 1: call f1 with the string \"h,e,l,l,o,wo,r,ld,\"\n\n   f1: \n        letters = \"h,e,l,l,o,wo,r,ld,\"\n        letters_only = letters.strip(\"., !?*\") \n          -> strip removes any of the characters in the set from the beginning and end.\n          -> The string starts with 'h' and ends with ','. The set includes ',' and '.' and space, etc.\n          -> So we remove from the beginning: nothing because the first char 'h' is not in the set? \n          -> From the end: the last char is ',' which is in the set, so remove. Then the new last char is 'd'? \n          -> But note: there are multiple commas at the end? The string ends with a comma. So we remove trailing commas, periods, spaces, etc. until a non-matching char.\n\n          Let's break down the string: \"h,e,l,l,o,wo,r,ld,\"\n          Trailing: the last character is ',' -> remove. Then we get \"h,e,l,l,o,wo,r,ld\"\n          Now the last character is 'd' -> not in the set, so stop.\n\n          At the beginning: first character is 'h' -> not in the set, so nothing to remove.\n\n          Therefore, letters_only = \"h,e,l,l,o,wo,r,ld\"\n\n        Then: split the string by space -> but there are no spaces in the string. So split(\" \") returns the whole string as one element in a list: [\"h,e,l,l,o,wo,r,ld\"]\n\n        Then: join with \"....\" -> so we get \"h,e,l,l,o,wo,r,ld\" (because one element)\n\n        Therefore, f1 returns \"h,e,l,l,o,wo,r,ld\"\n\n   Step 2: call f2 with the string \"h,e,l,l,o,wo,r,ld\"\n\n   f2:\n        s = \"h,e,l,l,o,wo,r,ld\"\n        Check if s.isalpha() -> isalpha returns True only if all characters are alphabetic and there is at least one character.\n\n        The string contains commas, so it is not all alphabetic -> False.\n\n        Then check if s is empty -> it's not.\n\n        Then return \"no\"\n\n   Therefore, the expression f2(f1(...)) returns \"no\"\n\n But wait, the problem says: the function f2 is defined as:\n\n   def f2(s):\n        if s.isalpha():\n            return \"yes\"\n        if s == \"\":\n            return \"str is empty\"\n        return \"no\"\n\n So the answer should be \"no\".\n\n However, note that the code we have in the second function is defined as f, not f2. And the first function is also f. So in reality, we cannot run the code as written without getting a NameError.\n\n But the problem says: \"complete the assert statement with the output when executing the code on the given test case\"\n\n And the instruction: \"even if the function is incorrect or incomplete\"\n\n We are to assume that the functions are named as per the comments? Or we are to assume that the code is run as written and then we get an error? \n\n The problem says: \"Do not output any extra information\", and \"enclose it in single quotes\" if it's a string.\n\n Since the intended logic (if we ignore the naming conflict) leads to \"no\", and the problem says the code may contain errors, we output the result as if the functions were named correctly.\n\n Alternatively, if we run the code exactly as written, we would get:\n\n   Traceback (most recent call last):\n     File \"<string>\", line 12, in <module>\n   NameError: name 'f1' is not defined\n\n But the problem says: \"complete the assert statement with the output\", meaning the value that the expression evaluates to? But it doesn't evaluate.\n\n However, the problem does not specify that we should output the error. It says \"the output when executing the code on the given test case\". The output of the entire script? But the assert is the last line.\n\n But note: the problem says \"the output\", meaning the value that the expression in the assert would have? Or the result of running the code?\n\n Since the problem says \"complete the assert statement\", meaning we are to write what the expression f2(f1(...)) returns.\n\n Given the ambiguity, and because the problem states that the code may contain errors, but the example test case is provided, I think we are to assume the intended functions.\n\n Therefore, I will go with the result of the intended logic: \"no\"\n\n But let me double-check the f1 function:\n\n   Input: \"h,e,l,l,o,wo,r,ld,\"\n\n   strip: removes leading and trailing characters in the set (., !?*). The trailing comma is removed -> becomes \"h,e,l,l,o,wo,r,ld\"\n\n   split by space: the string has no space -> returns [\"h,e,l,l,o,wo,r,ld\"]\n\n   join by \"....\" -> \"h,e,l,l,o,wo,r,ld\"\n\n   Then f2: \n        \"h,e,l,l,o,wo,r,ld\" -> contains commas -> not alpha -> returns \"no\"\n\n So the answer is 'no'\n\n However, note: what if the strip removes more? The set includes commas and the string has commas in the middle? But strip only removes from the ends.\n\n So the middle commas remain.\n\n Therefore, the final answer is 'no'"
}