{
  "segments": [
    {
      "text": "We are given two functions: f1 and f2 (but note the second function is named f in the code, but the assert uses f2.",
      "start_char": 0,
      "end_char": 115,
      "label": "code_analysis",
      "label_info": {
        "type": "code_analysis"
      }
    },
    {
      "text": "However, the problem says the code may contain errors.",
      "start_char": 118,
      "end_char": 172,
      "label": "high_level_plan",
      "label_info": {
        "type": "high_level_plan"
      }
    },
    {
      "text": "Let's check the function names.",
      "start_char": 173,
      "end_char": 204,
      "label": "code_analysis",
      "label_info": {
        "type": "code_analysis"
      }
    },
    {
      "text": "In the provided code:\n   The first function is named `f` (for f1) and the second function is also named `f` (for f2). But the assert statement uses `f2(f1(...))`.",
      "start_char": 207,
      "end_char": 369,
      "label": "code_analysis",
      "label_info": {
        "type": "code_analysis"
      }
    },
    {
      "text": "This is a problem because the second function is defined as `f` (the same name as the first).",
      "start_char": 374,
      "end_char": 467,
      "label": "bug_fixing",
      "label_info": {
        "type": "bug_fixing"
      }
    },
    {
      "text": "However, note that the problem says: \"Based on the given Python code, which may contain errors\"\n\n We have to assume that the function names are as provided. But the assert uses `f1` and `f2`.\n\n How to interpret?",
      "start_char": 470,
      "end_char": 681,
      "label": "code_analysis",
      "label_info": {
        "type": "code_analysis"
      }
    },
    {
      "text": "The problem states:\n   # f1\n   def f(name): ... \n\n   # f2\n   def f(chars): ...",
      "start_char": 683,
      "end_char": 761,
      "label": "code_analysis",
      "label_info": {
        "type": "code_analysis"
      }
    },
    {
      "text": "This means that the first function is intended to be called `f1` and the second `f2`, but they are both defined as `f`.",
      "start_char": 764,
      "end_char": 883,
      "label": "bug_fixing",
      "label_info": {
        "type": "bug_fixing"
      }
    },
    {
      "text": "This will cause the second definition to override the first.",
      "start_char": 885,
      "end_char": 945,
      "label": "code_analysis",
      "label_info": {
        "type": "code_analysis"
      }
    },
    {
      "text": "Therefore, when we run the assert:\n   f2(f1('Fred Smith'))\n\n we are actually trying to call the second function (which is the last definition of `f`) for both `f1` and `f2`? But wait, the code as written only has one function named `f` (the second definition replaces the first).",
      "start_char": 948,
      "end_char": 1227,
      "label": "mental_execution",
      "label_info": {
        "type": "mental_execution"
      }
    },
    {
      "text": "However, the problem says: \"complete the assert statement with the output when executing the code on the given test case\"\n\n So we must simulate the code as written.",
      "start_char": 1232,
      "end_char": 1396,
      "label": "mental_execution",
      "label_info": {
        "type": "mental_execution"
      }
    },
    {
      "text": "The code as written:\n\n   def f(name):   # first function, but then redefined\n   def f(chars):  # this redefines f, so now f is the second function\n\n Then the assert: assert f2(f1('Fred Smith')) == ... \n\n But note: we don't have a function named `f1` or `f2` in the current scope. This would cause a NameError.",
      "start_char": 1397,
      "end_char": 1710,
      "label": "code_analysis",
      "label_info": {
        "type": "code_analysis"
      }
    },
    {
      "text": "However, the problem says: \"the given Python code\" and then the two functions are provided with comments #f1 and #f2.",
      "start_char": 1713,
      "end_char": 1830,
      "label": "code_analysis",
      "label_info": {
        "type": "code_analysis"
      }
    },
    {
      "text": "We must assume that the intended definitions are:\n\n   def f1(name):\n        return '*'.join(name.split(' '))\n\n   def f2(chars):\n        ... But the code as written uses the same function name `f` for both. This is an error. But note the problem: \"which may contain errors\".",
      "start_char": 1833,
      "end_char": 2106,
      "label": "bug_fixing",
      "label_info": {
        "type": "bug_fixing"
      }
    },
    {
      "text": "We are to run the code as given?",
      "start_char": 2112,
      "end_char": 2144,
      "label": "mental_execution",
      "label_info": {
        "type": "mental_execution"
      }
    },
    {
      "text": "However, the assert statement uses `f1` and `f2`. So we have two possibilities:\n\n Possibility 1: The code is meant to have two functions named `f1` and `f2` respectively. Then the provided code is incorrect because both are named `f`.\n\n Possibility 2: The code is as written, and the assert statement is also as written, so we have a NameError. But the problem says: \"complete the assert statement with the output\", meaning we are to run the code and see what the output is.",
      "start_char": 2148,
      "end_char": 2622,
      "label": "code_analysis",
      "label_info": {
        "type": "code_analysis"
      }
    },
    {
      "text": "However, the problem does not specify that we must fix the function names.",
      "start_char": 2631,
      "end_char": 2705,
      "label": "bug_fixing",
      "label_info": {
        "type": "bug_fixing"
      }
    },
    {
      "text": "Since the problem says \"the given Python code\", we must run the code exactly as provided. The provided code:\n\n   def f(name):\n        return '*'.join(name.split(' '))\n\n   def f(chars):\n        s = \"\"\n        for ch in chars: if chars.count(ch) % 2 == 0:\n                s += ch.upper()\n            else:\n                s += ch\n        return s\n\n   assert f2(f1('Fred Smith')) == ... \n\n This will result in:\n\n   Step 1: The first function f is defined.",
      "start_char": 2709,
      "end_char": 3176,
      "label": "code_analysis",
      "label_info": {
        "type": "code_analysis"
      }
    },
    {
      "text": "Step 2: The second function f is defined, overriding the first. Step 3: The assert statement: \n        f1 is not defined -> NameError.",
      "start_char": 3180,
      "end_char": 3317,
      "label": "mental_execution",
      "label_info": {
        "type": "mental_execution"
      }
    },
    {
      "text": "Therefore, the code would crash with a NameError. But the problem says: \"Do not output any extra information, even if the function is incorrect or incomplete.",
      "start_char": 3320,
      "end_char": 3478,
      "label": "mental_execution",
      "label_info": {
        "type": "mental_execution"
      }
    },
    {
      "text": "\"\n\n And we are to complete the assert statement with the output.",
      "start_char": 3480,
      "end_char": 3544,
      "label": "mental_execution",
      "label_info": {
        "type": "mental_execution"
      }
    },
    {
      "text": "However, the output in the case of an error is not a string but an exception.",
      "start_char": 3545,
      "end_char": 3622,
      "label": "code_analysis",
      "label_info": {
        "type": "code_analysis"
      }
    },
    {
      "text": "However, the problem says: \"If the output is a string, enclose it in single quotes.\" But what if it's an exception? The problem does not specify.",
      "start_char": 3625,
      "end_char": 3770,
      "label": "test_generation",
      "label_info": {
        "type": "test_generation"
      }
    },
    {
      "text": "Let me re-read: \"complete the assert statement with the output when executing the code\"\n\n The output when executing the code is an exception: NameError: name 'f1' is not defined. But the problem says: \"the output\", meaning the result of the expression `f2(f1('Fred Smith'))`?",
      "start_char": 3776,
      "end_char": 4051,
      "label": "mental_execution",
      "label_info": {
        "type": "mental_execution"
      }
    },
    {
      "text": "However, the expression is not evaluated because `f1` is not defined.",
      "start_char": 4057,
      "end_char": 4126,
      "label": "bug_fixing",
      "label_info": {
        "type": "bug_fixing"
      }
    },
    {
      "text": "Since the problem does not specify how to handle errors, and we are to complete the assert statement, we must consider the intended logic.",
      "start_char": 4129,
      "end_char": 4267,
      "label": "high_level_plan",
      "label_info": {
        "type": "high_level_plan"
      }
    },
    {
      "text": "Alternatively, the problem might have intended to define the functions as f1 and f2.",
      "start_char": 4270,
      "end_char": 4354,
      "label": "bug_fixing",
      "label_info": {
        "type": "bug_fixing"
      }
    },
    {
      "text": "Given the ambiguity, let's look at the context: the problem labels the functions as #f1 and #f2.",
      "start_char": 4358,
      "end_char": 4454,
      "label": "code_analysis",
      "label_info": {
        "type": "code_analysis"
      }
    },
    {
      "text": "I think we are expected to assume that the functions are named f1 and f2. Therefore, I will rewrite the code as intended:\n\n   def f1(name):\n        return '*'.join(name.split(' '))\n\n   def f2(chars):\n        s = \"\"\n        for ch in chars: if chars.count(ch) % 2 == 0:\n                s += ch.upper()\n            else:\n                s += ch\n        return s Then we compute: \n   f1('Fred Smith') \n   and then \n   f2( result_of_f1 )\n\n Step 1: f1('Fred Smith')\n   name = 'Fred Smith'\n   split by space: ['Fred', 'Smith']\n   join with '*': 'Fred*Smith'\n\n Step 2: f2('Fred*Smith')\n   We iterate over each character in the string 'Fred*Smith':\n\n   We need to count the frequency of each character in the entire string and then:\n        if the count is even -> convert to uppercase\n        else -> leave as is\n\n   Let's break down the string: \"Fred*Smith\"\n\n   Characters and their counts:\n\n      F: 1 (in the string, note: case-sensitive) -> becomes 'F' (count=1 -> odd -> remains 'F') r: 2 -> becomes 'R' (because 2 is even -> uppercase) e: 1 -> 'e'\n      d: 1 -> 'd'\n      *: 1 -> '*'\n      S: 1 -> 'S'\n      m: 1 -> 'm'\n      i: 1 -> 'i'\n      t: 1 -> 't'\n      h: 1 -> 'h'\n\n   But wait, let's count carefully:\n\n      'Fred*Smith' has:\n        'F': 1\n        'r': 1 (but note: there's an 'r' in \"Fred\" and also in \"Smith\"?",
      "start_char": 4457,
      "end_char": 5807,
      "label": "mental_execution",
      "label_info": {
        "type": "mental_execution"
      }
    },
    {
      "text": "Actually, no: the string is \"Fred*Smith\", so the letters are:\n          F, r, e, d, *, S, m, i, t, h.",
      "start_char": 5808,
      "end_char": 5909,
      "label": "mental_execution",
      "label_info": {
        "type": "mental_execution"
      }
    },
    {
      "text": "Actually, the letter 'r' appears only once? The letter 't' appears once? The letter 'h' appears once.",
      "start_char": 5919,
      "end_char": 6020,
      "label": "mental_execution",
      "label_info": {
        "type": "mental_execution"
      }
    },
    {
      "text": "However, note: the string is \"Fred*Smith\", so:",
      "start_char": 6048,
      "end_char": 6094,
      "label": "empty",
      "label_info": {
        "type": "empty"
      }
    },
    {
      "text": "F: 1\n          r: 1\n          e: 1\n          d: 1\n          *: 1\n          S: 1\n          m: 1\n          i: 1\n          t: 1\n          h: 1 So every character appears exactly once -> odd.",
      "start_char": 6106,
      "end_char": 6302,
      "label": "code_analysis",
      "label_info": {
        "type": "code_analysis"
      }
    },
    {
      "text": "Therefore, the entire string should remain unchanged? But wait: the function f2 does:\n\n          for ch in chars:\n            if chars.count(ch) % 2 == 0:\n                s += ch.upper()\n            else:\n                s += ch\n\n        So every character is added without changing to uppercase? Then the result would be the same as the input: 'Fred*Smith'\n\n   However, let me double-check the counts:\n\n        The string: \"Fred*Smith\"\n\n        Let me write it: \n          F, r, e, d, *, S, m, i, t, h\n\n        Now, is there any duplicate?",
      "start_char": 6312,
      "end_char": 6862,
      "label": "mental_execution",
      "label_info": {
        "type": "mental_execution"
      }
    },
    {
      "text": "The letter 'r' appears only once?",
      "start_char": 6883,
      "end_char": 6916,
      "label": "test_generation",
      "label_info": {
        "type": "test_generation"
      }
    },
    {
      "text": "The letter 'i' appears only once? \n\n        But note: the letter 't' appears only once?",
      "start_char": 6926,
      "end_char": 7013,
      "label": "test_generation",
      "label_info": {
        "type": "test_generation"
      }
    },
    {
      "text": "Actually, the string has 10 distinct characters?",
      "start_char": 7024,
      "end_char": 7072,
      "label": "code_analysis",
      "label_info": {
        "type": "code_analysis"
      }
    },
    {
      "text": "However, what about the letter 'S'?",
      "start_char": 7083,
      "end_char": 7118,
      "label": "test_generation",
      "label_info": {
        "type": "test_generation"
      }
    },
    {
      "text": "It is uppercase and the rest are mixed?",
      "start_char": 7119,
      "end_char": 7158,
      "label": "mental_execution",
      "label_info": {
        "type": "mental_execution"
      }
    },
    {
      "text": "The function `chars.count(ch)` is case-sensitive.",
      "start_char": 7169,
      "end_char": 7218,
      "label": "code_analysis",
      "label_info": {
        "type": "code_analysis"
      }
    },
    {
      "text": "So:\n\n          'F' and 'f' are different? But we don't have 'f'. So every character is unique -> count=1 for each -> odd -> no change.",
      "start_char": 7229,
      "end_char": 7373,
      "label": "mental_execution",
      "label_info": {
        "type": "mental_execution"
      }
    },
    {
      "text": "Therefore, f2('Fred*Smith') returns 'Fred*Smith'\n\n   But wait, what about the letter 'r'? In the string, the first character is 'F' (count=1) -> F\n        then 'r' (count=1) -> r\n        then 'e' (count=1) -> e\n        then 'd' (count=1) -> d\n        then '*' (count=1) -> *\n        then 'S' (count=1) -> S\n        then 'm' (count=1) -> m\n        then 'i' (count=1) -> i\n        then 't' (count=1) -> t\n        then 'h' (count=1) -> h\n\n        So the result is \"Fred*Smith\"\n\n   However, note: the function f2 is defined to iterate over the string and for each character, it counts the entire string. But the string is \"Fred*Smith\", and we are iterating over each character and counting the entire string for that character. So the result is indeed \"Fred*Smith\".",
      "start_char": 7383,
      "end_char": 8154,
      "label": "mental_execution",
      "label_info": {
        "type": "mental_execution"
      }
    },
    {
      "text": "Therefore, the assert statement:\n\n        assert f2(f1('Fred Smith')) == 'Fred*Smith'\n\n   But wait, the test case: 'Fred Smith' becomes 'Fred*Smith' by f1, and then f2 returns the same.",
      "start_char": 8167,
      "end_char": 8352,
      "label": "mental_execution",
      "label_info": {
        "type": "mental_execution"
      }
    },
    {
      "text": "However, let me check the counts again:",
      "start_char": 8357,
      "end_char": 8396,
      "label": "high_level_plan",
      "label_info": {
        "type": "high_level_plan"
      }
    },
    {
      "text": "The string after f1 is \"Fred*Smith\".",
      "start_char": 8407,
      "end_char": 8443,
      "label": "mental_execution",
      "label_info": {
        "type": "mental_execution"
      }
    },
    {
      "text": "Now, what if there are duplicate letters?",
      "start_char": 8454,
      "end_char": 8495,
      "label": "test_generation",
      "label_info": {
        "type": "test_generation"
      }
    },
    {
      "text": "The original name is \"Fred Smith\", which becomes \"Fred*Smith\".",
      "start_char": 8506,
      "end_char": 8568,
      "label": "mental_execution",
      "label_info": {
        "type": "mental_execution"
      }
    },
    {
      "text": "The letters: \n          F: 1\n          r: 1\n          e: 1\n          d: 1\n          *: 1\n          S: 1\n          m: 1\n          i: 1\n          t: 1\n          h: 1\n\n        But note: the letter 'S' is uppercase and there is no 's' lowercase?",
      "start_char": 8579,
      "end_char": 8820,
      "label": "code_analysis",
      "label_info": {
        "type": "code_analysis"
      }
    },
    {
      "text": "However, what about the letter 'r'? It appears only once?",
      "start_char": 8831,
      "end_char": 8888,
      "label": "test_generation",
      "label_info": {
        "type": "test_generation"
      }
    },
    {
      "text": "Actually, in the entire string \"Fred*Smith\", the letter 'r' appears only at index 1. So the count for each character is 1.",
      "start_char": 8899,
      "end_char": 9021,
      "label": "code_analysis",
      "label_info": {
        "type": "code_analysis"
      }
    },
    {
      "text": "Therefore, the output is 'Fred*Smith' But wait, what if the function f2 is applied to the string \"Fred*Smith\", and we consider the letter 'r'?",
      "start_char": 9036,
      "end_char": 9178,
      "label": "mental_execution",
      "label_info": {
        "type": "mental_execution"
      }
    },
    {
      "text": "The first occurrence of 'r' is at index 1.",
      "start_char": 9191,
      "end_char": 9233,
      "label": "mental_execution",
      "label_info": {
        "type": "mental_execution"
      }
    },
    {
      "text": "When we count the entire string for 'r', we get 1.",
      "start_char": 9234,
      "end_char": 9284,
      "label": "mental_execution",
      "label_info": {
        "type": "mental_execution"
      }
    },
    {
      "text": "Similarly, the letter 't' appears only once?",
      "start_char": 9294,
      "end_char": 9338,
      "label": "mental_execution",
      "label_info": {
        "type": "mental_execution"
      }
    },
    {
      "text": "However, note: the letter 'i' also once. So the result is the same. But let me run through the function f2 step by step:\n\n        s = \"\"\n        ch = 'F' -> count of 'F' in \"Fred*Smith\" is 1 -> odd -> add 'F' -> s=\"F\"\n        ch = 'r' -> count of 'r' is 1 -> odd -> add 'r' -> s=\"Fr\"\n        ch = 'e' -> count=1 -> add 'e' -> s=\"Fre\"\n        ch = 'd' -> count=1 -> add 'd' -> s=\"Fred\"\n        ch = '*' -> count=1 -> add '*' -> s=\"Fred*\"\n        ch = 'S' -> count=1 -> add 'S' -> s=\"Fred*S\"\n        ch = 'm' -> count=1 -> add 'm' -> s=\"Fred*Sm\"\n        ch = 'i' -> count=1 -> add 'i' -> s=\"Fred*Smi\"\n        ch = 't' -> count=1 -> add 't' -> s=\"Fred*Smit\"\n        ch = 'h' -> count=1 -> add 'h' -> s=\"Fred*Smith\"\n\n   So the result is \"Fred*Smith\"\n\n   Therefore, the output is 'Fred*Smith'\n\n However, note: the problem says \"Do not output any extra information\", and \"enclose in single quotes\". So we write: 'Fred*Smith'\n\n But wait, what if the function f1 did something else? f1('Fred Smith'):\n\n        name.split(' ') -> ['Fred', 'Smith'] -> then '*'.join(...) -> 'Fred*Smith'\n\n   That is correct.",
      "start_char": 9349,
      "end_char": 10463,
      "label": "mental_execution",
      "label_info": {
        "type": "mental_execution"
      }
    },
    {
      "text": "And then f2('Fred*Smith') returns 'Fred*Smith'\n\n   So the entire expression returns 'Fred*Smith'\n\n However, let me consider: what if the function f2 had a different behavior?",
      "start_char": 10468,
      "end_char": 10642,
      "label": "mental_execution",
      "label_info": {
        "type": "mental_execution"
      }
    },
    {
      "text": "The function f2 counts the frequency of each character in the entire string. But note: the string is \"Fred*Smith\", and the letter 'r' appears only once?",
      "start_char": 10648,
      "end_char": 10800,
      "label": "code_analysis",
      "label_info": {
        "type": "code_analysis"
      }
    },
    {
      "text": "Actually, the letter 'r' is the second character. There is no other 'r'. But what about the letter 'i'? Only one.",
      "start_char": 10811,
      "end_char": 10924,
      "label": "code_analysis",
      "label_info": {
        "type": "code_analysis"
      }
    },
    {
      "text": "However, what about the letter 'h'? Only one. So it's all ones. But what if the string had duplicate letters? For example, if the string was \"hello\", then:\n\n        h: 1 -> 'h'\n        e: 1 -> 'e'\n        l: 2 -> 'L' (because 2 is even -> uppercase)\n        l: 2 -> 'L' (again, because for the second 'l', the count is 2 -> uppercase)\n        o: 1 -> 'o'\n\n        So \"hello\" becomes \"heLLo\"\n\n   But in our case, no duplicates.",
      "start_char": 10935,
      "end_char": 11374,
      "label": "mental_execution",
      "label_info": {
        "type": "mental_execution"
      }
    },
    {
      "text": "Therefore, the answer is 'Fred*Smith'\n\n However, note: the original name is \"Fred Smith\", which has two words. The space is replaced by '*'.",
      "start_char": 11379,
      "end_char": 11519,
      "label": "mental_execution",
      "label_info": {
        "type": "mental_execution"
      }
    },
    {
      "text": "The space is not present in the string passed to f2, because we replaced it with '*'.",
      "start_char": 11525,
      "end_char": 11610,
      "label": "code_analysis",
      "label_info": {
        "type": "code_analysis"
      }
    },
    {
      "text": "And the '*' is a character that appears once. So the result is the same.",
      "start_char": 11616,
      "end_char": 11688,
      "label": "mental_execution",
      "label_info": {
        "type": "mental_execution"
      }
    },
    {
      "text": "Therefore, the output is 'Fred*Smith' But wait, the problem says: \"the given test case\" is 'Fred Smith'. So we are to compute f2(f1('Fred Smith')) = f2('Fred*Smith') = 'Fred*Smith'\n\n   So the assert statement should be:\n\n        assert f2(f1('Fred Smith')) == 'Fred*Smith'\n\n   And we are to output the string: 'Fred*Smith'\n\n However, note: the problem says \"complete the assert statement with the output\", meaning we are to provide the value that the expression evaluates to. So the answer is: 'Fred*Smith'\n\n But let me double-check the function f2: The function f2 does:\n\n        for ch in chars:\n            if chars.count(ch) % 2 == 0:\n                s += ch.upper()\n            else:\n                s += ch\n\n   The string is \"Fred*Smith\", and we have: F: count=1 -> odd -> add 'F'\n        r: count=1 -> odd -> add 'r'\n        e: count=1 -> odd -> add 'e'\n        d: count=1 -> odd -> add 'd'\n        *: count=1 -> odd -> add '*'\n        S: count=1 -> odd -> add 'S'\n        m: count=1 -> odd -> add 'm'\n        i: count=1 -> odd -> add 'i'\n        t: count=1 -> odd -> add 't'\n        h: count=1 -> odd -> add 'h' So the result is indeed \"Fred*Smith\"\n\n   Therefore, the output is 'Fred*Smith'\n\n However, note: the problem says \"the given Python code, which may contain errors\".",
      "start_char": 11697,
      "end_char": 13005,
      "label": "mental_execution",
      "label_info": {
        "type": "mental_execution"
      }
    },
    {
      "text": "We assumed that the functions are intended to be named f1 and f2. But if we run the code exactly as provided, we get a NameError because f1 is not defined. How to resolve?",
      "start_char": 13015,
      "end_char": 13186,
      "label": "bug_fixing",
      "label_info": {
        "type": "bug_fixing"
      }
    },
    {
      "text": "The problem says: \"complete the assert statement with the output when executing the code on the given test case\"\n\n   If we run the code as provided, we get:\n\n        Traceback (most recent call last):\n          File \"<stdin>\", line 1, in <module>\n        NameError: name 'f1' is not defined But the problem says: \"Do not output any extra information\", and \"If the output is a string, enclose it in single quotes.",
      "start_char": 13201,
      "end_char": 13613,
      "label": "mental_execution",
      "label_info": {
        "type": "mental_execution"
      }
    },
    {
      "text": "\"\n\n   The output of the expression is not a string, it's an exception.",
      "start_char": 13617,
      "end_char": 13687,
      "label": "mental_execution",
      "label_info": {
        "type": "mental_execution"
      }
    },
    {
      "text": "However, the problem does not specify what to do in case of an exception.",
      "start_char": 13693,
      "end_char": 13766,
      "label": "bug_fixing",
      "label_info": {
        "type": "bug_fixing"
      }
    },
    {
      "text": "Given the ambiguity, and the fact that the problem labels the functions as #f1 and #f2, I believe we are expected to fix the function names.",
      "start_char": 13771,
      "end_char": 13911,
      "label": "bug_fixing",
      "label_info": {
        "type": "bug_fixing"
      }
    },
    {
      "text": "Alternatively, the problem might have intended for us to interpret the code as if the functions are named f1 and f2.",
      "start_char": 13916,
      "end_char": 14032,
      "label": "mental_execution",
      "label_info": {
        "type": "mental_execution"
      }
    },
    {
      "text": "Since the problem says \"the given Python code\", but then the assert uses f1 and f2, it is inconsistent. But note: the problem says \"Based on the given Python code\", meaning we are to use the logic of the functions as defined.",
      "start_char": 14037,
      "end_char": 14262,
      "label": "code_analysis",
      "label_info": {
        "type": "code_analysis"
      }
    },
    {
      "text": "Therefore, I will provide the output as if the functions were named correctly.",
      "start_char": 14271,
      "end_char": 14349,
      "label": "bug_fixing",
      "label_info": {
        "type": "bug_fixing"
      }
    },
    {
      "text": "The intended output is 'Fred*Smith'\n\n   So the answer is: 'Fred*Smith'\n\n If we are to consider the code as written (without renaming), then the expression `f2(f1(...))` would cause a NameError for `f1`. But the problem does not say that the code runs without error.",
      "start_char": 14354,
      "end_char": 14619,
      "label": "mental_execution",
      "label_info": {
        "type": "mental_execution"
      }
    },
    {
      "text": "However, the problem says: \"the output when executing the code on the given test case\"\n\n   The entire script would crash at the assert because `f1` is not defined. But note: the problem says \"complete the assert statement with the output\", meaning the value that the expression `f2(f1('Fred Smith'))` evaluates to.",
      "start_char": 14627,
      "end_char": 14941,
      "label": "code_analysis",
      "label_info": {
        "type": "code_analysis"
      }
    },
    {
      "text": "Since `f1` is not defined, the expression does not evaluate to a string, but raises an exception.",
      "start_char": 14950,
      "end_char": 15047,
      "label": "code_analysis",
      "label_info": {
        "type": "code_analysis"
      }
    },
    {
      "text": "The problem does not specify how to represent an exception.",
      "start_char": 15052,
      "end_char": 15111,
      "label": "bug_fixing",
      "label_info": {
        "type": "bug_fixing"
      }
    },
    {
      "text": "Given the instructions, and that the problem says \"if the output is a string, enclose it in single quotes\", it implies that the output might not be a string? But the problem does not specify non-string outputs.",
      "start_char": 15116,
      "end_char": 15326,
      "label": "mental_execution",
      "label_info": {
        "type": "mental_execution"
      }
    },
    {
      "text": "Therefore, I think the intended answer is the string 'Fred*Smith'. We'll go with that. Final answer: 'Fred*Smith'",
      "start_char": 15336,
      "end_char": 15449,
      "label": "mental_execution",
      "label_info": {
        "type": "mental_execution"
      }
    }
  ],
  "original_reasoning": "We are given two functions: f1 and f2 (but note the second function is named f in the code, but the assert uses f2. \n However, the problem says the code may contain errors. Let's check the function names.\n\n In the provided code:\n   The first function is named `f` (for f1) and the second function is also named `f` (for f2). \n But the assert statement uses `f2(f1(...))`.\n\n This is a problem because the second function is defined as `f` (the same name as the first). \n However, note that the problem says: \"Based on the given Python code, which may contain errors\"\n\n We have to assume that the function names are as provided. But the assert uses `f1` and `f2`.\n\n How to interpret?\n The problem states:\n   # f1\n   def f(name): ... \n\n   # f2\n   def f(chars): ...\n\n This means that the first function is intended to be called `f1` and the second `f2`, but they are both defined as `f`.\n This will cause the second definition to override the first.\n\n Therefore, when we run the assert:\n   f2(f1('Fred Smith'))\n\n we are actually trying to call the second function (which is the last definition of `f`) for both `f1` and `f2`? \n But wait, the code as written only has one function named `f` (the second definition replaces the first).\n\n However, the problem says: \"complete the assert statement with the output when executing the code on the given test case\"\n\n So we must simulate the code as written. The code as written:\n\n   def f(name):   # first function, but then redefined\n   def f(chars):  # this redefines f, so now f is the second function\n\n Then the assert: \n   assert f2(f1('Fred Smith')) == ... \n\n But note: we don't have a function named `f1` or `f2` in the current scope. This would cause a NameError.\n\n However, the problem says: \"the given Python code\" and then the two functions are provided with comments #f1 and #f2.\n\n We must assume that the intended definitions are:\n\n   def f1(name):\n        return '*'.join(name.split(' '))\n\n   def f2(chars):\n        ... \n\n But the code as written uses the same function name `f` for both. This is an error.\n\n But note the problem: \"which may contain errors\". We are to run the code as given? \n\n However, the assert statement uses `f1` and `f2`. So we have two possibilities:\n\n Possibility 1: The code is meant to have two functions named `f1` and `f2` respectively. \n   Then the provided code is incorrect because both are named `f`.\n\n Possibility 2: The code is as written, and the assert statement is also as written, so we have a NameError.\n\n But the problem says: \"complete the assert statement with the output\", meaning we are to run the code and see what the output is.\n\n However, the problem does not specify that we must fix the function names. \n\n Since the problem says \"the given Python code\", we must run the code exactly as provided. \n\n The provided code:\n\n   def f(name):\n        return '*'.join(name.split(' '))\n\n   def f(chars):\n        s = \"\"\n        for ch in chars:\n            if chars.count(ch) % 2 == 0:\n                s += ch.upper()\n            else:\n                s += ch\n        return s\n\n   assert f2(f1('Fred Smith')) == ... \n\n This will result in:\n\n   Step 1: The first function f is defined.\n   Step 2: The second function f is defined, overriding the first.\n   Step 3: The assert statement: \n        f1 is not defined -> NameError.\n\n Therefore, the code would crash with a NameError.\n\n But the problem says: \"Do not output any extra information, even if the function is incorrect or incomplete.\"\n\n And we are to complete the assert statement with the output. However, the output in the case of an error is not a string but an exception.\n\n However, the problem says: \"If the output is a string, enclose it in single quotes.\" \n\n But what if it's an exception? The problem does not specify.\n\n Let me re-read: \"complete the assert statement with the output when executing the code\"\n\n The output when executing the code is an exception: NameError: name 'f1' is not defined.\n\n But the problem says: \"the output\", meaning the result of the expression `f2(f1('Fred Smith'))`? \n\n However, the expression is not evaluated because `f1` is not defined.\n\n Since the problem does not specify how to handle errors, and we are to complete the assert statement, we must consider the intended logic.\n\n Alternatively, the problem might have intended to define the functions as f1 and f2. \n\n Given the ambiguity, let's look at the context: the problem labels the functions as #f1 and #f2.\n\n I think we are expected to assume that the functions are named f1 and f2. \n\n Therefore, I will rewrite the code as intended:\n\n   def f1(name):\n        return '*'.join(name.split(' '))\n\n   def f2(chars):\n        s = \"\"\n        for ch in chars:\n            if chars.count(ch) % 2 == 0:\n                s += ch.upper()\n            else:\n                s += ch\n        return s\n\n Then we compute: \n   f1('Fred Smith') \n   and then \n   f2( result_of_f1 )\n\n Step 1: f1('Fred Smith')\n   name = 'Fred Smith'\n   split by space: ['Fred', 'Smith']\n   join with '*': 'Fred*Smith'\n\n Step 2: f2('Fred*Smith')\n   We iterate over each character in the string 'Fred*Smith':\n\n   We need to count the frequency of each character in the entire string and then:\n        if the count is even -> convert to uppercase\n        else -> leave as is\n\n   Let's break down the string: \"Fred*Smith\"\n\n   Characters and their counts:\n\n      F: 1 (in the string, note: case-sensitive) -> becomes 'F' (count=1 -> odd -> remains 'F')\n      r: 2 -> becomes 'R' (because 2 is even -> uppercase)\n      e: 1 -> 'e'\n      d: 1 -> 'd'\n      *: 1 -> '*'\n      S: 1 -> 'S'\n      m: 1 -> 'm'\n      i: 1 -> 'i'\n      t: 1 -> 't'\n      h: 1 -> 'h'\n\n   But wait, let's count carefully:\n\n      'Fred*Smith' has:\n        'F': 1\n        'r': 1 (but note: there's an 'r' in \"Fred\" and also in \"Smith\"? Actually, no: the string is \"Fred*Smith\", so the letters are:\n          F, r, e, d, *, S, m, i, t, h.\n\n        Actually, the letter 'r' appears only once? \n        The letter 't' appears once? \n        The letter 'h' appears once.\n\n        However, note: the string is \"Fred*Smith\", so:\n\n          F: 1\n          r: 1\n          e: 1\n          d: 1\n          *: 1\n          S: 1\n          m: 1\n          i: 1\n          t: 1\n          h: 1\n\n        So every character appears exactly once -> odd.\n\n        Therefore, the entire string should remain unchanged? \n\n        But wait: the function f2 does:\n\n          for ch in chars:\n            if chars.count(ch) % 2 == 0:\n                s += ch.upper()\n            else:\n                s += ch\n\n        So every character is added without changing to uppercase? \n\n        Then the result would be the same as the input: 'Fred*Smith'\n\n   However, let me double-check the counts:\n\n        The string: \"Fred*Smith\"\n\n        Let me write it: \n          F, r, e, d, *, S, m, i, t, h\n\n        Now, is there any duplicate? \n\n        The letter 'r' appears only once? \n        The letter 'i' appears only once? \n\n        But note: the letter 't' appears only once? \n\n        Actually, the string has 10 distinct characters? \n\n        However, what about the letter 'S'? It is uppercase and the rest are mixed? \n\n        The function `chars.count(ch)` is case-sensitive. \n\n        So:\n\n          'F' and 'f' are different? But we don't have 'f'. \n\n        So every character is unique -> count=1 for each -> odd -> no change.\n\n        Therefore, f2('Fred*Smith') returns 'Fred*Smith'\n\n   But wait, what about the letter 'r'? \n\n        In the string, the first character is 'F' (count=1) -> F\n        then 'r' (count=1) -> r\n        then 'e' (count=1) -> e\n        then 'd' (count=1) -> d\n        then '*' (count=1) -> *\n        then 'S' (count=1) -> S\n        then 'm' (count=1) -> m\n        then 'i' (count=1) -> i\n        then 't' (count=1) -> t\n        then 'h' (count=1) -> h\n\n        So the result is \"Fred*Smith\"\n\n   However, note: the function f2 is defined to iterate over the string and for each character, it counts the entire string.\n\n   But the string is \"Fred*Smith\", and we are iterating over each character and counting the entire string for that character.\n\n   So the result is indeed \"Fred*Smith\".\n\n   Therefore, the assert statement:\n\n        assert f2(f1('Fred Smith')) == 'Fred*Smith'\n\n   But wait, the test case: 'Fred Smith' becomes 'Fred*Smith' by f1, and then f2 returns the same.\n\n   However, let me check the counts again: \n\n        The string after f1 is \"Fred*Smith\". \n\n        Now, what if there are duplicate letters? \n\n        The original name is \"Fred Smith\", which becomes \"Fred*Smith\". \n\n        The letters: \n          F: 1\n          r: 1\n          e: 1\n          d: 1\n          *: 1\n          S: 1\n          m: 1\n          i: 1\n          t: 1\n          h: 1\n\n        But note: the letter 'S' is uppercase and there is no 's' lowercase? \n\n        However, what about the letter 'r'? It appears only once? \n\n        Actually, in the entire string \"Fred*Smith\", the letter 'r' appears only at index 1. \n\n        So the count for each character is 1.\n\n   Therefore, the output is 'Fred*Smith'\n\n But wait, what if the function f2 is applied to the string \"Fred*Smith\", and we consider the letter 'r'? \n\n        The first occurrence of 'r' is at index 1. When we count the entire string for 'r', we get 1.\n\n        Similarly, the letter 't' appears only once? \n\n        However, note: the letter 'i' also once.\n\n   So the result is the same.\n\n   But let me run through the function f2 step by step:\n\n        s = \"\"\n        ch = 'F' -> count of 'F' in \"Fred*Smith\" is 1 -> odd -> add 'F' -> s=\"F\"\n        ch = 'r' -> count of 'r' is 1 -> odd -> add 'r' -> s=\"Fr\"\n        ch = 'e' -> count=1 -> add 'e' -> s=\"Fre\"\n        ch = 'd' -> count=1 -> add 'd' -> s=\"Fred\"\n        ch = '*' -> count=1 -> add '*' -> s=\"Fred*\"\n        ch = 'S' -> count=1 -> add 'S' -> s=\"Fred*S\"\n        ch = 'm' -> count=1 -> add 'm' -> s=\"Fred*Sm\"\n        ch = 'i' -> count=1 -> add 'i' -> s=\"Fred*Smi\"\n        ch = 't' -> count=1 -> add 't' -> s=\"Fred*Smit\"\n        ch = 'h' -> count=1 -> add 'h' -> s=\"Fred*Smith\"\n\n   So the result is \"Fred*Smith\"\n\n   Therefore, the output is 'Fred*Smith'\n\n However, note: the problem says \"Do not output any extra information\", and \"enclose in single quotes\".\n\n   So we write: 'Fred*Smith'\n\n But wait, what if the function f1 did something else? \n\n   f1('Fred Smith'):\n\n        name.split(' ') -> ['Fred', 'Smith'] -> then '*'.join(...) -> 'Fred*Smith'\n\n   That is correct.\n\n   And then f2('Fred*Smith') returns 'Fred*Smith'\n\n   So the entire expression returns 'Fred*Smith'\n\n However, let me consider: what if the function f2 had a different behavior? \n\n   The function f2 counts the frequency of each character in the entire string. \n\n   But note: the string is \"Fred*Smith\", and the letter 'r' appears only once? \n\n   Actually, the letter 'r' is the second character. There is no other 'r'. \n\n   But what about the letter 'i'? Only one. \n\n   However, what about the letter 'h'? Only one.\n\n   So it's all ones.\n\n   But what if the string had duplicate letters? \n\n   For example, if the string was \"hello\", then:\n\n        h: 1 -> 'h'\n        e: 1 -> 'e'\n        l: 2 -> 'L' (because 2 is even -> uppercase)\n        l: 2 -> 'L' (again, because for the second 'l', the count is 2 -> uppercase)\n        o: 1 -> 'o'\n\n        So \"hello\" becomes \"heLLo\"\n\n   But in our case, no duplicates.\n\n   Therefore, the answer is 'Fred*Smith'\n\n However, note: the original name is \"Fred Smith\", which has two words. The space is replaced by '*'. \n\n   The space is not present in the string passed to f2, because we replaced it with '*'. \n\n   And the '*' is a character that appears once.\n\n   So the result is the same.\n\n   Therefore, the output is 'Fred*Smith'\n\n But wait, the problem says: \"the given test case\" is 'Fred Smith'. \n\n   So we are to compute f2(f1('Fred Smith')) = f2('Fred*Smith') = 'Fred*Smith'\n\n   So the assert statement should be:\n\n        assert f2(f1('Fred Smith')) == 'Fred*Smith'\n\n   And we are to output the string: 'Fred*Smith'\n\n However, note: the problem says \"complete the assert statement with the output\", meaning we are to provide the value that the expression evaluates to.\n\n   So the answer is: 'Fred*Smith'\n\n But let me double-check the function f2: \n\n   The function f2 does:\n\n        for ch in chars:\n            if chars.count(ch) % 2 == 0:\n                s += ch.upper()\n            else:\n                s += ch\n\n   The string is \"Fred*Smith\", and we have:\n\n        F: count=1 -> odd -> add 'F'\n        r: count=1 -> odd -> add 'r'\n        e: count=1 -> odd -> add 'e'\n        d: count=1 -> odd -> add 'd'\n        *: count=1 -> odd -> add '*'\n        S: count=1 -> odd -> add 'S'\n        m: count=1 -> odd -> add 'm'\n        i: count=1 -> odd -> add 'i'\n        t: count=1 -> odd -> add 't'\n        h: count=1 -> odd -> add 'h'\n\n   So the result is indeed \"Fred*Smith\"\n\n   Therefore, the output is 'Fred*Smith'\n\n However, note: the problem says \"the given Python code, which may contain errors\". \n\n   We assumed that the functions are intended to be named f1 and f2. \n\n   But if we run the code exactly as provided, we get a NameError because f1 is not defined.\n\n   How to resolve? \n\n   The problem says: \"complete the assert statement with the output when executing the code on the given test case\"\n\n   If we run the code as provided, we get:\n\n        Traceback (most recent call last):\n          File \"<stdin>\", line 1, in <module>\n        NameError: name 'f1' is not defined\n\n   But the problem says: \"Do not output any extra information\", and \"If the output is a string, enclose it in single quotes.\"\n\n   The output of the expression is not a string, it's an exception. \n\n   However, the problem does not specify what to do in case of an exception.\n\n   Given the ambiguity, and the fact that the problem labels the functions as #f1 and #f2, I believe we are expected to fix the function names.\n\n   Alternatively, the problem might have intended for us to interpret the code as if the functions are named f1 and f2.\n\n   Since the problem says \"the given Python code\", but then the assert uses f1 and f2, it is inconsistent.\n\n   But note: the problem says \"Based on the given Python code\", meaning we are to use the logic of the functions as defined.\n\n   Therefore, I will provide the output as if the functions were named correctly.\n\n   The intended output is 'Fred*Smith'\n\n   So the answer is: 'Fred*Smith'\n\n If we are to consider the code as written (without renaming), then the expression `f2(f1(...))` would cause a NameError for `f1`. \n But the problem does not say that the code runs without error. \n\n   However, the problem says: \"the output when executing the code on the given test case\"\n\n   The entire script would crash at the assert because `f1` is not defined.\n\n   But note: the problem says \"complete the assert statement with the output\", meaning the value that the expression `f2(f1('Fred Smith'))` evaluates to.\n\n   Since `f1` is not defined, the expression does not evaluate to a string, but raises an exception.\n\n   The problem does not specify how to represent an exception.\n\n   Given the instructions, and that the problem says \"if the output is a string, enclose it in single quotes\", it implies that the output might not be a string? \n\n   But the problem does not specify non-string outputs.\n\n   Therefore, I think the intended answer is the string 'Fred*Smith'.\n\n   We'll go with that.\n\n Final answer: 'Fred*Smith'"
}