{
  "segments": [
    {
      "text": "We are given two functions: f1 and f2, but note that the second function f2 is defined after the first one and the first function is also named 'f'.",
      "start_char": 0,
      "end_char": 148,
      "label": "code_analysis",
      "label_info": {
        "type": "code_analysis"
      }
    },
    {
      "text": "However, the problem defines two functions: the first one is called f1 and the second one is called f2.",
      "start_char": 151,
      "end_char": 254,
      "label": "code_analysis",
      "label_info": {
        "type": "code_analysis"
      }
    },
    {
      "text": "Let's analyze the functions:\n\n f1:\n   This function takes a list `lst` and:\n     - clears it (so it becomes an empty list)\n     - then extends it with [1] repeated (len(original lst) + 1) times. Example: \n        If we call f1(['a','c','v']):\n            Initially, lst is ['a','c','v'] -> len=3. After clear: lst becomes []. Then we do: lst += [1] * (3+1) ->",
      "start_char": 257,
      "end_char": 644,
      "label": "mental_execution",
      "label_info": {
        "type": "mental_execution"
      }
    },
    {
      "text": "[1,1,1,1]\n\n   So f1 returns [1,1,1,1] for the input ['a','c','v'].\n\n f2:",
      "start_char": 645,
      "end_char": 717,
      "label": "mental_execution",
      "label_info": {
        "type": "mental_execution"
      }
    },
    {
      "text": "This function takes a list `x` and:\n     - if the list is empty, returns -1.\n     - otherwise, it counts the frequency of each item in the list and returns the maximum frequency.",
      "start_char": 721,
      "end_char": 899,
      "label": "code_analysis",
      "label_info": {
        "type": "code_analysis"
      }
    },
    {
      "text": "Now, we are going to call:\n        f2(f1(['a','c','v']))",
      "start_char": 904,
      "end_char": 960,
      "label": "mental_execution",
      "label_info": {
        "type": "mental_execution"
      }
    },
    {
      "text": "We know f1(['a','c','v']) returns [1,1,1,1]. Then we call f2([1,1,1,1]): The list is not empty, so we count frequencies:\n            cache: \n                item=1 -> not in cache -> cache[1]=1\n                then next 1 -> cache[1] becomes 2, then 3, then 4. So cache.values() = [4] -> max is 4.",
      "start_char": 965,
      "end_char": 1286,
      "label": "mental_execution",
      "label_info": {
        "type": "mental_execution"
      }
    },
    {
      "text": "Therefore, the output should be 4. But note: the problem says the code may contain errors.",
      "start_char": 1291,
      "end_char": 1381,
      "label": "mental_execution",
      "label_info": {
        "type": "mental_execution"
      }
    },
    {
      "text": "However, in this case, the functions are defined and the logic is as above.",
      "start_char": 1384,
      "end_char": 1459,
      "label": "code_analysis",
      "label_info": {
        "type": "code_analysis"
      }
    },
    {
      "text": "However, there is a potential issue: the function names.",
      "start_char": 1462,
      "end_char": 1518,
      "label": "bug_fixing",
      "label_info": {
        "type": "bug_fixing"
      }
    },
    {
      "text": "The first function is named `f` in the code but the problem says it's f1, and the second is also named `f` but the problem says f2.",
      "start_char": 1519,
      "end_char": 1650,
      "label": "bug_fixing",
      "label_info": {
        "type": "bug_fixing"
      }
    },
    {
      "text": "Actually, the code provided has two functions both named `f`.",
      "start_char": 1653,
      "end_char": 1714,
      "label": "bug_fixing",
      "label_info": {
        "type": "bug_fixing"
      }
    },
    {
      "text": "This would cause the second definition to override the first. But the problem states:\n   # f1\n   def f(lst): ... # f2\n   def f(x): ... So in the actual code, the second definition of f would replace the first.",
      "start_char": 1715,
      "end_char": 1924,
      "label": "code_analysis",
      "label_info": {
        "type": "code_analysis"
      }
    },
    {
      "text": "Therefore, when we call f1, we are actually calling the second function?",
      "start_char": 1935,
      "end_char": 2007,
      "label": "code_analysis",
      "label_info": {
        "type": "code_analysis"
      }
    },
    {
      "text": "However, the problem says to base on the given Python code.",
      "start_char": 2011,
      "end_char": 2070,
      "label": "code_analysis",
      "label_info": {
        "type": "code_analysis"
      }
    },
    {
      "text": "The assert statement is:\n\n   assert f2(f1(['a', 'c', 'v'])) == \n\n But note: the function names in the code are both `f`, so we don't have an f1 or f2 defined. This is an error. But the problem says: \"which may contain errors\", and we are to complete the assert statement with the output when executing the code. How should we interpret?",
      "start_char": 2071,
      "end_char": 2407,
      "label": "code_analysis",
      "label_info": {
        "type": "code_analysis"
      }
    },
    {
      "text": "The problem states: \"Based on the given Python code\", and the code has:\n\n   # f1\n   def f(lst): ... \n\n   # f2\n   def f(x): ... Then the assert: \n        assert f2(f1(['a', 'c', 'v'])) == \n\n This code would actually fail because:\n   - The first function is defined as `f` (for f1) and then redefined as `f` (for f2). So the first function is lost.\n   - Then we try to call `f1` and `f2` but these names are not defined.",
      "start_char": 2414,
      "end_char": 2834,
      "label": "code_analysis",
      "label_info": {
        "type": "code_analysis"
      }
    },
    {
      "text": "Therefore, the code as given would throw a NameError for f1 and f2.",
      "start_char": 2837,
      "end_char": 2904,
      "label": "code_analysis",
      "label_info": {
        "type": "code_analysis"
      }
    },
    {
      "text": "However, the problem says: \"complete the assert statement with the output when executing the code on the given test case.\"",
      "start_char": 2907,
      "end_char": 3029,
      "label": "code_analysis",
      "label_info": {
        "type": "code_analysis"
      }
    },
    {
      "text": "And it says: \"even if the function is incorrect or incomplete\"\n\n So we must assume that the intended definitions are as labeled?",
      "start_char": 3032,
      "end_char": 3160,
      "label": "mental_execution",
      "label_info": {
        "type": "mental_execution"
      }
    },
    {
      "text": "Or that the functions are named correctly?",
      "start_char": 3161,
      "end_char": 3203,
      "label": "test_generation",
      "label_info": {
        "type": "test_generation"
      }
    },
    {
      "text": "Let me read the problem again: \"Based on the given Python code\"\n\n The given Python code has two functions both named `f`.",
      "start_char": 3206,
      "end_char": 3327,
      "label": "high_level_plan",
      "label_info": {
        "type": "high_level_plan"
      }
    },
    {
      "text": "And then an assert that uses `f1` and `f2`. This is inconsistent. But note: the problem says \"which may contain errors\". So we have to run the code as is?",
      "start_char": 3328,
      "end_char": 3482,
      "label": "mental_execution",
      "label_info": {
        "type": "mental_execution"
      }
    },
    {
      "text": "However, the code as is would not run because f1 and f2 are not defined.",
      "start_char": 3488,
      "end_char": 3560,
      "label": "bug_fixing",
      "label_info": {
        "type": "bug_fixing"
      }
    },
    {
      "text": "Alternatively, perhaps the problem intended that the first function is called f1 and the second f2?",
      "start_char": 3563,
      "end_char": 3662,
      "label": "bug_fixing",
      "label_info": {
        "type": "bug_fixing"
      }
    },
    {
      "text": "The problem says: \n   # f1\n   def f(lst): ... \n\n   # f2\n   def f(x): ... This is confusing. But note: the problem says \"Do not output any extra information\", and \"complete the assert statement\".",
      "start_char": 3666,
      "end_char": 3860,
      "label": "code_analysis",
      "label_info": {
        "type": "code_analysis"
      }
    },
    {
      "text": "Since the problem states the functions as f1 and f2 in the comments, and the assert uses f1 and f2, it is likely that the code was intended to have:\n\n   def f1(lst): ... def f2(x): ... So we will assume that the function definitions are corrected to have the names f1 and f2.",
      "start_char": 3867,
      "end_char": 4142,
      "label": "bug_fixing",
      "label_info": {
        "type": "bug_fixing"
      }
    },
    {
      "text": "Therefore, we proceed as:\n\n   f1(['a','c','v']) returns [1,1,1,1]\n\n   f2([1,1,1,1]) returns 4. So the output of the expression is 4. But what if we run the code exactly as given? Then we have:\n\n   The first function is defined as `f` (which we can call by the name `f`). Then the second function is defined as `f` (overwriting the first). Then we try to call `f1` and `f2` -> NameError.",
      "start_char": 4152,
      "end_char": 4548,
      "label": "mental_execution",
      "label_info": {
        "type": "mental_execution"
      }
    },
    {
      "text": "However, the problem says: \"when executing the code on the given test case\".",
      "start_char": 4551,
      "end_char": 4627,
      "label": "mental_execution",
      "label_info": {
        "type": "mental_execution"
      }
    },
    {
      "text": "The test case is the assert statement.",
      "start_char": 4628,
      "end_char": 4666,
      "label": "test_generation",
      "label_info": {
        "type": "test_generation"
      }
    },
    {
      "text": "Since the code has a NameError, the output would be an exception. But the problem says \"complete the assert statement with the output\", and if it's an exception, we don't have an output? But note: the problem says \"the output\", meaning the result of the expression in the assert.",
      "start_char": 4669,
      "end_char": 4948,
      "label": "mental_execution",
      "label_info": {
        "type": "mental_execution"
      }
    },
    {
      "text": "Alternatively, the problem might have intended that the functions are defined as f1 and f2.",
      "start_char": 4954,
      "end_char": 5045,
      "label": "bug_fixing",
      "label_info": {
        "type": "bug_fixing"
      }
    },
    {
      "text": "Given the ambiguity, and because the problem states:\n\n   \"Based on the given Python code\"\n\n   and the comments label the functions as f1 and f2, it is reasonable to assume that the function names should be f1 and f2.",
      "start_char": 5049,
      "end_char": 5265,
      "label": "code_analysis",
      "label_info": {
        "type": "code_analysis"
      }
    },
    {
      "text": "Therefore, we will assume the corrected version.",
      "start_char": 5268,
      "end_char": 5316,
      "label": "bug_fixing",
      "label_info": {
        "type": "bug_fixing"
      }
    },
    {
      "text": "Answer: 4\n\n However, let's consider the possibility that the function names are not corrected:\n\n   We have:\n        def f(lst): ...   #",
      "start_char": 5319,
      "end_char": 5454,
      "label": "bug_fixing",
      "label_info": {
        "type": "bug_fixing"
      }
    },
    {
      "text": "this is the first function, intended as f1\n        def f(x): ...",
      "start_char": 5455,
      "end_char": 5519,
      "label": "high_level_plan",
      "label_info": {
        "type": "high_level_plan"
      }
    },
    {
      "text": "# this is the second function, intended as f2, and it overwrites the first\n\n   Then the assert: \n        f2(f1(['a','c','v'])) This would be:\n        f1 is not defined -> NameError. So the code would crash. But the problem says: \"complete the assert statement with the output\"\n\n How can we output the result if it crashes?",
      "start_char": 5524,
      "end_char": 5850,
      "label": "mental_execution",
      "label_info": {
        "type": "mental_execution"
      }
    },
    {
      "text": "The problem doesn't specify that the code runs without error.",
      "start_char": 5857,
      "end_char": 5918,
      "label": "test_generation",
      "label_info": {
        "type": "test_generation"
      }
    },
    {
      "text": "However, the instruction: \"even if the function is incorrect or incomplete\" might imply that we should assume the intended behavior.",
      "start_char": 5921,
      "end_char": 6053,
      "label": "high_level_plan",
      "label_info": {
        "type": "high_level_plan"
      }
    },
    {
      "text": "Alternatively, note that the problem says: \"the output when executing the code on the given test case\".",
      "start_char": 6056,
      "end_char": 6159,
      "label": "mental_execution",
      "label_info": {
        "type": "mental_execution"
      }
    },
    {
      "text": "If we run the code as given, we get:\n\n   Traceback (most recent call last):\n     File \"<stdin>\", line 1, in <module>\n   NameError: name 'f1' is not defined So there is no output? But the assert statement is expecting a value.",
      "start_char": 6163,
      "end_char": 6388,
      "label": "mental_execution",
      "label_info": {
        "type": "mental_execution"
      }
    },
    {
      "text": "Since the problem says \"complete the assert statement\", and the code has an error, we might not be able to complete it. But note: the problem says \"which may contain errors\", so we are to assume the intended logic.",
      "start_char": 6393,
      "end_char": 6607,
      "label": "code_analysis",
      "label_info": {
        "type": "code_analysis"
      }
    },
    {
      "text": "Given the context, I think the intended answer is 4. Let me see the test case: ['a','c','v'] -> becomes a list of four 1's -> then the frequency of 1 is 4. Therefore, the answer is 4.",
      "start_char": 6612,
      "end_char": 6797,
      "label": "mental_execution",
      "label_info": {
        "type": "mental_execution"
      }
    },
    {
      "text": "We'll output:\n\n 4\n\n But note: the problem says \"If the output is a string, enclose it in single quotes.\"",
      "start_char": 6802,
      "end_char": 6906,
      "label": "mental_execution",
      "label_info": {
        "type": "mental_execution"
      }
    },
    {
      "text": "- 4 is an integer, so we output 4 without quotes. Final answer: 4",
      "start_char": 6907,
      "end_char": 6972,
      "label": "mental_execution",
      "label_info": {
        "type": "mental_execution"
      }
    }
  ],
  "original_reasoning": "We are given two functions: f1 and f2, but note that the second function f2 is defined after the first one and the first function is also named 'f'. \n However, the problem defines two functions: the first one is called f1 and the second one is called f2.\n\n Let's analyze the functions:\n\n f1:\n   This function takes a list `lst` and:\n     - clears it (so it becomes an empty list)\n     - then extends it with [1] repeated (len(original lst) + 1) times.\n\n   Example: \n        If we call f1(['a','c','v']):\n            Initially, lst is ['a','c','v'] -> len=3.\n            After clear: lst becomes [].\n            Then we do: lst += [1] * (3+1) -> [1,1,1,1]\n\n   So f1 returns [1,1,1,1] for the input ['a','c','v'].\n\n f2:\n   This function takes a list `x` and:\n     - if the list is empty, returns -1.\n     - otherwise, it counts the frequency of each item in the list and returns the maximum frequency.\n\n   Now, we are going to call:\n        f2(f1(['a','c','v']))\n\n   We know f1(['a','c','v']) returns [1,1,1,1].\n\n   Then we call f2([1,1,1,1]):\n        The list is not empty, so we count frequencies:\n            cache: \n                item=1 -> not in cache -> cache[1]=1\n                then next 1 -> cache[1] becomes 2, then 3, then 4.\n            So cache.values() = [4] -> max is 4.\n\n   Therefore, the output should be 4.\n\n But note: the problem says the code may contain errors. However, in this case, the functions are defined and the logic is as above.\n\n However, there is a potential issue: the function names. The first function is named `f` in the code but the problem says it's f1, and the second is also named `f` but the problem says f2.\n\n Actually, the code provided has two functions both named `f`. This would cause the second definition to override the first. \n\n But the problem states:\n   # f1\n   def f(lst): ... \n\n   # f2\n   def f(x): ...\n\n So in the actual code, the second definition of f would replace the first. Therefore, when we call f1, we are actually calling the second function? \n\n However, the problem says to base on the given Python code. The assert statement is:\n\n   assert f2(f1(['a', 'c', 'v'])) == \n\n But note: the function names in the code are both `f`, so we don't have an f1 or f2 defined. This is an error.\n\n But the problem says: \"which may contain errors\", and we are to complete the assert statement with the output when executing the code.\n\n How should we interpret?\n\n The problem states: \"Based on the given Python code\", and the code has:\n\n   # f1\n   def f(lst): ... \n\n   # f2\n   def f(x): ...\n\n Then the assert: \n        assert f2(f1(['a', 'c', 'v'])) == \n\n This code would actually fail because:\n   - The first function is defined as `f` (for f1) and then redefined as `f` (for f2). So the first function is lost.\n   - Then we try to call `f1` and `f2` but these names are not defined.\n\n Therefore, the code as given would throw a NameError for f1 and f2.\n\n However, the problem says: \"complete the assert statement with the output when executing the code on the given test case.\"\n\n And it says: \"even if the function is incorrect or incomplete\"\n\n So we must assume that the intended definitions are as labeled? Or that the functions are named correctly?\n\n Let me read the problem again: \"Based on the given Python code\"\n\n The given Python code has two functions both named `f`. And then an assert that uses `f1` and `f2`. This is inconsistent.\n\n But note: the problem says \"which may contain errors\". So we have to run the code as is? \n\n However, the code as is would not run because f1 and f2 are not defined.\n\n Alternatively, perhaps the problem intended that the first function is called f1 and the second f2? \n\n The problem says: \n   # f1\n   def f(lst): ... \n\n   # f2\n   def f(x): ...\n\n This is confusing.\n\n But note: the problem says \"Do not output any extra information\", and \"complete the assert statement\".\n\n Since the problem states the functions as f1 and f2 in the comments, and the assert uses f1 and f2, it is likely that the code was intended to have:\n\n   def f1(lst): ... \n\n   def f2(x): ...\n\n So we will assume that the function definitions are corrected to have the names f1 and f2.\n\n Therefore, we proceed as:\n\n   f1(['a','c','v']) returns [1,1,1,1]\n\n   f2([1,1,1,1]) returns 4.\n\n So the output of the expression is 4.\n\n But what if we run the code exactly as given? Then we have:\n\n   The first function is defined as `f` (which we can call by the name `f`).\n   Then the second function is defined as `f` (overwriting the first).\n   Then we try to call `f1` and `f2` -> NameError.\n\n However, the problem says: \"when executing the code on the given test case\". The test case is the assert statement.\n\n Since the code has a NameError, the output would be an exception. But the problem says \"complete the assert statement with the output\", and if it's an exception, we don't have an output? \n\n But note: the problem says \"the output\", meaning the result of the expression in the assert.\n\n Alternatively, the problem might have intended that the functions are defined as f1 and f2. \n\n Given the ambiguity, and because the problem states:\n\n   \"Based on the given Python code\"\n\n   and the comments label the functions as f1 and f2, it is reasonable to assume that the function names should be f1 and f2.\n\n Therefore, we will assume the corrected version.\n\n Answer: 4\n\n However, let's consider the possibility that the function names are not corrected:\n\n   We have:\n        def f(lst): ...   # this is the first function, intended as f1\n        def f(x): ...     # this is the second function, intended as f2, and it overwrites the first\n\n   Then the assert: \n        f2(f1(['a','c','v']))\n\n   This would be:\n        f1 is not defined -> NameError.\n\n   So the code would crash.\n\n But the problem says: \"complete the assert statement with the output\"\n\n How can we output the result if it crashes? The problem doesn't specify that the code runs without error.\n\n However, the instruction: \"even if the function is incorrect or incomplete\" might imply that we should assume the intended behavior.\n\n Alternatively, note that the problem says: \"the output when executing the code on the given test case\". \n\n If we run the code as given, we get:\n\n   Traceback (most recent call last):\n     File \"<stdin>\", line 1, in <module>\n   NameError: name 'f1' is not defined\n\n So there is no output? But the assert statement is expecting a value.\n\n Since the problem says \"complete the assert statement\", and the code has an error, we might not be able to complete it.\n\n But note: the problem says \"which may contain errors\", so we are to assume the intended logic.\n\n Given the context, I think the intended answer is 4.\n\n Let me see the test case: ['a','c','v'] -> becomes a list of four 1's -> then the frequency of 1 is 4.\n\n Therefore, the answer is 4.\n\n We'll output:\n\n 4\n\n But note: the problem says \"If the output is a string, enclose it in single quotes.\" - 4 is an integer, so we output 4 without quotes.\n\n Final answer: 4"
}